Locating server…
Booting server...
Setting up server…
Listening for messages…
Searching for Tailwind CSS projects in the workspace's folders.
{"tailwind":{"version":"4.1.1","features":["css-at-theme","layer:base","content-list","source-inline","source-not"],"isDefaultVersion":true},"path":"/home/bernio/Urban_Soul_Ecommerce/urbansoul-app/src/app/global.css"}
[Global] Creating projects: [{"folder":"/home/bernio/Urban_Soul_Ecommerce/urbansoul-app","config":"/home/bernio/Urban_Soul_Ecommerce/urbansoul-app/src/app/global.css","selectors":[{"pattern":"/home/bernio/Urban_Soul_Ecommerce/urbansoul-app/src/app/global.css","priority":0},{"pattern":"/home/bernio/Urban_Soul_Ecommerce/urbansoul-app/src/app/**","priority":2},{"pattern":"/home/bernio/Urban_Soul_Ecommerce/urbansoul-app/**","priority":4},{"pattern":"/home/bernio/Urban_Soul_Ecommerce/urbansoul-app/**","priority":5}],"user":false,"tailwind":{"version":"4.1.1","features":["css-at-theme","layer:base","content-list","source-inline","source-not"],"isDefaultVersion":true}}]
[Global] Preparing projects...
[Global] Initializing projects...
[Global] Initialized 0 projects
[src/app/global.css] Initializing...
[Global] Adding watch patterns: /home/bernio/Urban_Soul_Ecommerce/urbansoul-app/src/app/global.css, /home/bernio/Urban_Soul_Ecommerce/urbansoul-app/src/app, /home/bernio/Urban_Soul_Ecommerce/urbansoul-app/src, /home/bernio/Urban_Soul_Ecommerce/urbansoul-app
[src/app/global.css] Failed to load workspace modules.
[src/app/global.css] Using bundled version of `tailwindcss`: v4.1.1
[src/app/global.css] Building...
[Error - 20:14:50] Loading fallback stylesheet for: tailwindcss
----------
RESTARTING
----------
Searching for Tailwind CSS projects in the workspace's folders.
{"tailwind":{"version":"4.1.13","features":["css-at-theme","layer:base","content-list","source-inline","source-not"],"isDefaultVersion":false},"path":"/home/bernio/Urban_Soul_Ecommerce/urbansoul-app/src/app/global.css"}
[Global] Creating projects: [{"folder":"/home/bernio/Urban_Soul_Ecommerce/urbansoul-app","config":"/home/bernio/Urban_Soul_Ecommerce/urbansoul-app/src/app/global.css","selectors":[{"pattern":"/home/bernio/Urban_Soul_Ecommerce/urbansoul-app/src/app/global.css","priority":0},{"pattern":"/home/bernio/Urban_Soul_Ecommerce/urbansoul-app/src/app/**","priority":2},{"pattern":"/home/bernio/Urban_Soul_Ecommerce/urbansoul-app/**","priority":4},{"pattern":"/home/bernio/Urban_Soul_Ecommerce/urbansoul-app/**","priority":5}],"user":false,"tailwind":{"version":"4.1.13","features":["css-at-theme","layer:base","content-list","source-inline","source-not"],"isDefaultVersion":false}}]
[Global] Preparing projects...
[Global] Initializing projects...
[Global] Initialized 0 projects
[src/app/global.css] Initializing...
[Global] Adding watch patterns: /home/bernio/Urban_Soul_Ecommerce/urbansoul-app/src/app/global.css, /home/bernio/Urban_Soul_Ecommerce/urbansoul-app/src/app, /home/bernio/Urban_Soul_Ecommerce/urbansoul-app/src, /home/bernio/Urban_Soul_Ecommerce/urbansoul-app
[src/app/global.css] supported features: ["css-at-theme","layer:base","content-list","source-inline","source-not"]
[src/app/global.css] Loaded tailwindcss v4.1.13: /home/bernio/Urban_Soul_Ecommerce/urbansoul-app/node_modules/.pnpm/tailwindcss@4.1.13/node_modules/tailwindcss
[src/app/global.css] Building...
[Global] Adding watch patterns: /home/bernio/Urban_Soul_Ecommerce/urbansoul-app/node_modules/.pnpm/tailwindcss@4.1.13/node_modules/tailwindcss/index.css
