2025-10-23 21:11:30.751 [info] Extension host with pid 33873 started
2025-10-23 21:11:30.751 [info] Skipping acquiring lock for /home/bernio/.config/Code - OSS/User/workspaceStorage/5c3d18a7a3434e3779fae39996afb4e4.
2025-10-23 21:11:30.805 [info] ExtensionService#_doActivateExtension vscode.emmet, startup: false, activationEvent: 'onLanguage'
2025-10-23 21:11:30.840 [info] ExtensionService#_doActivateExtension vscode.git-base, startup: true, activationEvent: '*', root cause: vscode.git
2025-10-23 21:11:30.844 [info] ExtensionService#_doActivateExtension vscode.git, startup: true, activationEvent: '*'
2025-10-23 21:11:30.896 [info] ExtensionService#_doActivateExtension vscode.github, startup: true, activationEvent: '*'
2025-10-23 21:11:31.040 [info] Eager extensions activated
2025-10-23 21:11:31.053 [info] ExtensionService#_doActivateExtension vscode.debug-auto-launch, startup: false, activationEvent: 'onStartupFinished'
2025-10-23 21:11:31.055 [info] ExtensionService#_doActivateExtension vscode.merge-conflict, startup: false, activationEvent: 'onStartupFinished'
2025-10-23 21:11:31.073 [info] ExtensionService#_doActivateExtension alexdauenhauer.catppuccin-noctis-icons, startup: false, activationEvent: 'onStartupFinished'
2025-10-23 21:11:31.078 [info] ExtensionService#_doActivateExtension bradlc.vscode-tailwindcss, startup: false, activationEvent: 'onStartupFinished'
2025-10-23 21:11:31.116 [info] ExtensionService#_doActivateExtension Catppuccin.catppuccin-vsc, startup: false, activationEvent: 'onStartupFinished'
2025-10-23 21:11:31.207 [info] ExtensionService#_doActivateExtension vscode.github-authentication, startup: false, activationEvent: 'onAuthenticationRequest:github'
2025-10-23 21:11:31.234 [info] ExtensionService#_doActivateExtension vscode.configuration-editing, startup: false, activationEvent: 'onLanguage:jsonc'
2025-10-23 21:11:31.245 [info] ExtensionService#_doActivateExtension vscode.json-language-features, startup: false, activationEvent: 'onLanguage:jsonc'
2025-10-23 21:11:31.316 [info] ExtensionService#_doActivateExtension vscode.typescript-language-features, startup: false, activationEvent: 'onLanguage:jsonc'
2025-10-23 21:11:47.000 [info] ExtensionService#_doActivateExtension golang.go, startup: false, activationEvent: 'onLanguage:go'
2025-10-23 21:22:48.653 [error] [golang.go] provider FAILED
2025-10-23 21:22:48.655 [error] Error: getting file for InlayHint: no package metadata for file file:///home/bernio/urbansoul-API/controller/product.go
	at handleResponse (/home/bernio/.vscode-oss/extensions/golang.go-0.50.0-universal/dist/goMain.js:8582:40)
	at handleMessage (/home/bernio/.vscode-oss/extensions/golang.go-0.50.0-universal/dist/goMain.js:8392:11)
	at processMessageQueue (/home/bernio/.vscode-oss/extensions/golang.go-0.50.0-universal/dist/goMain.js:8407:13)
	at Immediate.<anonymous> (/home/bernio/.vscode-oss/extensions/golang.go-0.50.0-universal/dist/goMain.js:8383:11)
	at process.processImmediate (node:internal/timers:485:21)
2025-10-23 21:34:22.604 [info] Extension host terminating: renderer closed the MessagePort
2025-10-23 21:34:22.628 [info] Extension host with pid 33873 exiting with code 0
