2025-09-25 20:01:50.466 [info] Extension host with pid 2281 started
2025-09-25 20:01:50.541 [info] ExtensionService#_doActivateExtension vscode.git-base, startup: true, activationEvent: '*', root cause: vscode.git
2025-09-25 20:01:50.548 [info] ExtensionService#_doActivateExtension vscode.git, startup: true, activationEvent: '*'
2025-09-25 20:01:50.614 [info] ExtensionService#_doActivateExtension vscode.github, startup: true, activationEvent: '*'
2025-09-25 20:01:50.710 [info] Eager extensions activated
2025-09-25 20:01:50.711 [info] ExtensionService#_doActivateExtension vscode.debug-auto-launch, startup: false, activationEvent: 'onStartupFinished'
2025-09-25 20:01:50.713 [info] ExtensionService#_doActivateExtension vscode.merge-conflict, startup: false, activationEvent: 'onStartupFinished'
2025-09-25 20:02:02.884 [info] ExtensionService#_doActivateExtension vscode.emmet, startup: false, activationEvent: 'onLanguage'
2025-09-25 20:03:14.630 [info] ExtensionService#_doActivateExtension vscode.configuration-editing, startup: false, activationEvent: 'onLanguage:jsonc'
2025-09-25 20:03:14.641 [info] ExtensionService#_doActivateExtension vscode.json-language-features, startup: false, activationEvent: 'onLanguage:jsonc'
2025-09-25 20:03:14.720 [info] ExtensionService#_doActivateExtension vscode.typescript-language-features, startup: false, activationEvent: 'onLanguage:jsonc'
2025-09-25 20:08:14.719 [info] ExtensionService#_doActivateExtension esbenp.prettier-vscode, startup: false, activationEvent: 'onStartupFinished'
2025-09-25 20:11:04.368 [info] ExtensionService#_doActivateExtension bradlc.vscode-tailwindcss, startup: false, activationEvent: 'onStartupFinished'
2025-09-25 20:12:06.577 [info] ExtensionService#_doActivateExtension vscode-icons-team.vscode-icons, startup: false, activationEvent: 'onStartupFinished'
2025-09-25 20:13:54.869 [info] Extension host terminating: renderer closed the MessagePort
2025-09-25 20:13:54.886 [info] Extension host with pid 2281 exiting with code 0
2025-09-25 20:13:56.168 [info] Extension host with pid 3321 started
2025-09-25 20:13:56.168 [info] Skipping acquiring lock for /home/bernio/.config/Code - OSS/User/workspaceStorage/b44730aaef28802fde0c3c290d27ad43.
2025-09-25 20:13:56.248 [info] ExtensionService#_doActivateExtension vscode.git-base, startup: true, activationEvent: '*'
2025-09-25 20:13:56.254 [info] ExtensionService#_doActivateExtension vscode.npm, startup: true, activationEvent: 'workspaceContains:package.json'
2025-09-25 20:13:56.303 [info] ExtensionService#_doActivateExtension vscode.github, startup: true, activationEvent: '*'
2025-09-25 20:13:56.369 [info] Eager extensions activated
2025-09-25 20:13:56.373 [info] ExtensionService#_doActivateExtension vscode.debug-auto-launch, startup: false, activationEvent: 'onStartupFinished'
2025-09-25 20:13:56.376 [info] ExtensionService#_doActivateExtension vscode.merge-conflict, startup: false, activationEvent: 'onStartupFinished'
2025-09-25 20:13:56.396 [info] ExtensionService#_doActivateExtension esbenp.prettier-vscode, startup: false, activationEvent: 'onStartupFinished'
2025-09-25 20:13:56.466 [info] ExtensionService#_doActivateExtension vscode-icons-team.vscode-icons, startup: false, activationEvent: 'onStartupFinished'
2025-09-25 20:13:59.957 [info] ExtensionService#_doActivateExtension vscode.git, startup: false, activationEvent: 'api', root cause: vscode.github
2025-09-25 20:14:00.045 [info] ExtensionService#_doActivateExtension bradlc.vscode-tailwindcss, startup: false, activationEvent: 'onStartupFinished'
2025-09-25 20:14:01.365 [info] ExtensionService#_doActivateExtension vscode.configuration-editing, startup: false, activationEvent: 'onLanguage:json'
2025-09-25 20:14:01.374 [info] ExtensionService#_doActivateExtension vscode.extension-editing, startup: false, activationEvent: 'onLanguage:json'
2025-09-25 20:14:01.389 [info] ExtensionService#_doActivateExtension vscode.json-language-features, startup: false, activationEvent: 'onLanguage:json'
2025-09-25 20:14:01.451 [info] ExtensionService#_doActivateExtension vscode.emmet, startup: false, activationEvent: 'onLanguage'
2025-09-25 20:14:50.570 [info] ExtensionService#_doActivateExtension vscode.typescript-language-features, startup: false, activationEvent: 'onLanguage:javascript'
2025-09-25 20:16:12.817 [info] ExtensionService#_doActivateExtension Catppuccin.catppuccin-vsc, startup: false, activationEvent: 'onStartupFinished'
2025-09-25 21:39:15.331 [error] [vscode.typescript-language-features] provider FAILED
2025-09-25 21:39:15.369 [error] Error: <semantic> TypeScript Server Error (5.9.2)
Debug Failure. False expression: Expected symbol to be a module
Error: Debug Failure. False expression: Expected symbol to be a module
    at Object.addImportForModuleSymbol (/usr/lib/code/extensions/node_modules/typescript/lib/typescript.js:158356:11)
    at /usr/lib/code/extensions/node_modules/typescript/lib/typescript.js:148062:19
    at Map.forEach (<anonymous>)
    at addTargetFileImports (/usr/lib/code/extensions/node_modules/typescript/lib/typescript.js:148055:17)
    at /usr/lib/code/extensions/node_modules/typescript/lib/typescript.js:183176:7
    at ConfiguredProject2.runWithTemporaryFileUpdate (/usr/lib/code/extensions/node_modules/typescript/lib/typescript.js:188701:7)
    at pasteEdits (/usr/lib/code/extensions/node_modules/typescript/lib/typescript.js:183156:55)
    at /usr/lib/code/extensions/node_modules/typescript/lib/typescript.js:183141:118
    at _ChangeTracker.with (/usr/lib/code/extensions/node_modules/typescript/lib/typescript.js:179190:5)
    at Object.pasteEditsProvider (/usr/lib/code/extensions/node_modules/typescript/lib/typescript.js:183141:60)
    at Object.getPasteEdits (/usr/lib/code/extensions/node_modules/typescript/lib/typescript.js:153213:34)
    at IpcIOSession.getPasteEdits (/usr/lib/code/extensions/node_modules/typescript/lib/typescript.js:196431:49)
    at getPasteEdits (/usr/lib/code/extensions/node_modules/typescript/lib/typescript.js:194545:43)
    at /usr/lib/code/extensions/node_modules/typescript/lib/typescript.js:196809:15
    at IpcIOSession.executeWithRequestId (/usr/lib/code/extensions/node_modules/typescript/lib/typescript.js:196798:14)
    at IpcIOSession.executeCommand (/usr/lib/code/extensions/node_modules/typescript/lib/typescript.js:196807:29)
    at IpcIOSession.onMessage (/usr/lib/code/extensions/node_modules/typescript/lib/typescript.js:196855:68)
    at process.<anonymous> (/usr/lib/code/extensions/node_modules/typescript/lib/_tsserver.js:519:14)
    at process.emit (node:events:519:28)
    at emit (node:internal/child_process:949:14)
    at process.processTicksAndRejections (node:internal/process/task_queues:91:21)
	at n.create (/usr/lib/code/extensions/typescript-language-features/dist/extension.js:2:357281)
	at y.dispatchResponse (/usr/lib/code/extensions/typescript-language-features/dist/extension.js:2:30813)
	at y.dispatchMessage (/usr/lib/code/extensions/typescript-language-features/dist/extension.js:2:29254)
	at ChildProcess.<anonymous> (/usr/lib/code/extensions/typescript-language-features/dist/extension.js:2:28539)
	at ChildProcess.emit (node:events:519:28)
	at emit (node:internal/child_process:949:14)
	at process.processTicksAndRejections (node:internal/process/task_queues:91:21)
2025-09-25 21:59:47.290 [info] Extension host terminating: renderer closed the MessagePort
2025-09-25 21:59:47.319 [info] Extension host with pid 3321 exiting with code 0
