2025-09-25 20:16:03.053 [info] read schema from vscode: vscode://schemas/vscode-extensions
2025-09-25 20:16:03.128 [info] read schema from vscode: vscode://schemas/toolsParameters
2025-09-25 20:16:03.130 [info] read schema from vscode: vscode://schemas/settings/configurationDefaults
2025-09-25 20:16:03.260 [info] read schema from vscode: vscode://schemas/settings/resourceLanguage
2025-09-25 20:16:03.277 [info] read schema from vscode: vscode://schemas/token-styling
2025-09-25 20:16:03.281 [info] read schema from vscode: vscode://schemas/textmate-colors
2025-09-25 20:16:03.283 [info] read schema from vscode: vscode://schemas/workbench-colors
2025-09-25 20:16:12.786 [info] read schema from vscode: vscode://schemas/vscode-extensions
2025-09-25 20:16:12.816 [info] schema change detected vscode://schemas/settings/configurationDefaults
2025-09-25 20:16:12.826 [info] read schema from vscode: vscode://schemas/toolsParameters
2025-09-25 20:16:12.827 [info] read schema from vscode: vscode://schemas/settings/configurationDefaults
2025-09-25 20:16:12.928 [info] read schema from vscode: vscode://schemas/settings/resourceLanguage
2025-09-25 20:16:12.935 [info] read schema from vscode: vscode://schemas/token-styling
2025-09-25 20:16:12.935 [info] read schema from vscode: vscode://schemas/textmate-colors
2025-09-25 20:16:12.935 [info] read schema from vscode: vscode://schemas/workbench-colors
2025-09-25 20:16:13.103 [info] schema change detected vscode://schemas/workbench-colors
2025-09-25 20:16:22.223 [info] cancelled
2025-09-25 20:16:22.232 [info] read schema from vscode: vscode://schemas/vscode-extensions
2025-09-25 20:16:22.255 [info] read schema from vscode: vscode://schemas/settings/configurationDefaults
2025-09-25 20:16:22.313 [info] read schema from vscode: vscode://schemas/workbench-colors
2025-09-25 20:16:44.478 [info] schema change detected vscode://schemas/workbench-colors
2025-09-25 20:16:44.481 [info] read schema from vscode: vscode://schemas/vscode-extensions
2025-09-25 20:16:44.507 [info] read schema from vscode: vscode://schemas/settings/configurationDefaults
2025-09-25 20:16:44.558 [info] read schema from vscode: vscode://schemas/workbench-colors
2025-09-25 20:16:45.045 [info] schema change detected vscode://schemas/workbench-colors
2025-09-25 20:16:45.048 [info] read schema from vscode: vscode://schemas/vscode-extensions
2025-09-25 20:16:45.081 [info] read schema from vscode: vscode://schemas/settings/configurationDefaults
2025-09-25 20:16:45.158 [info] read schema from vscode: vscode://schemas/workbench-colors
2025-09-25 20:16:45.662 [info] schema change detected vscode://schemas/workbench-colors
2025-09-25 20:16:45.664 [info] read schema from vscode: vscode://schemas/vscode-extensions
2025-09-25 20:16:45.690 [info] read schema from vscode: vscode://schemas/settings/configurationDefaults
2025-09-25 20:16:45.739 [info] read schema from vscode: vscode://schemas/workbench-colors
2025-09-25 20:18:09.228 [info] schema change detected vscode://schemas/settings/configurationDefaults
2025-09-25 20:18:09.229 [info] read schema from vscode: vscode://schemas/vscode-extensions
2025-09-25 20:18:09.249 [info] read schema from vscode: vscode://schemas/settings/configurationDefaults
2025-09-25 20:18:47.458 [info] cancelled
2025-09-25 20:18:47.458 [info] cancelled
