[Info  - 17:38:32] 2025/10/18 17:38:32 Created View (#1)
	directory=/home/bernio/urbansoul-API
	view_type="GoMod"
	root_dir="file:///home/bernio/urbansoul-API"
	go_version="go version go1.25.2 X:nodwarf5 linux/amd64"
	build_flags=[]
	env={GOOS:linux GOARCH:amd64 GOCACHE:/home/bernio/.cache/go-build GOMODCACHE:/home/bernio/go/pkg/mod GOPATH:/home/bernio/go GOPRIVATE: GOFLAGS: GO111MODULE: GOTOOLCHAIN:auto GOROOT:/usr/lib/go GoVersion:25 GoVersionOutput:go version go1.25.2 X:nodwarf5 linux/amd64
 ExplicitGOWORK: EffectiveGOPACKAGESDRIVER:}
	env_overlay=[]

[Info  - 17:38:32] 2025/10/18 17:38:32 go/packages.Load #1
	view_id="1"
	snapshot=0
	directory=/home/bernio/urbansoul-API
	query=[/home/bernio/urbansoul-API/... builtin]
	packages=2
	duration=49.220644ms

[Error - 17:38:36] 2025/10/18 17:38:36 no completions found: getting file file:///home/bernio/urbansoul-API/main.go for Completion: <nil> (package completions: invalid position for package completion: cursor in non-matching ident)
	position=0:1

[Error - 17:38:45] 2025/10/18 17:38:45 no completions found: getting file file:///home/bernio/urbansoul-API/main.go for Completion: <nil> (package completions: invalid position for package completion: cursor in non-matching ident)
	position=0:1

[Error - 17:38:45] 2025/10/18 17:38:45 no completions found: getting file file:///home/bernio/urbansoul-API/main.go for Completion: <nil> (package completions: invalid position for package completion: cursor after expression)
	position=0:6

[Error - 17:38:45] 2025/10/18 17:38:45 no completions found: getting file file:///home/bernio/urbansoul-API/main.go for Completion: <nil> (package completions: invalid position for package completion: cursor after expression)
	position=0:8

[Error - 17:38:46] 2025/10/18 17:38:46 no completions found: getting file file:///home/bernio/urbansoul-API/main.go for Completion: <nil> (package completions: invalid position for package completion: cursor after expression)
	position=0:9

[Error - 17:38:53] 2025/10/18 17:38:53 imports fixes: allImportsFixes: importPrefix: failed to parse: 1:1: expected 'package', found 'func'
	file="/home/bernio/urbansoul-API/main.go"

[Error - 17:38:54] 2025/10/18 17:38:54 imports fixes: allImportsFixes: importPrefix: failed to parse: 3:1: expected 'package', found 'func'
	file="/home/bernio/urbansoul-API/main.go"

[Info  - 17:38:58] 2025/10/18 17:38:58 go/packages.Load #2
	view_id="1"
	snapshot=24
	directory=/home/bernio/urbansoul-API
	query=[file=/home/bernio/urbansoul-API/main.go]
	packages=1
	duration=154.258249ms

[Info  - 17:38:58] 2025/10/18 17:38:58 go/packages.Load #3
	view_id="1"
	snapshot=24
	directory=/home/bernio/urbansoul-API
	query=[file=/home/bernio/urbansoul-API/main.go]
	packages=1
	duration=127.228591ms

[Info  - 17:39:02] 2025/10/18 17:39:02 background imports cache refresh starting

[Info  - 17:39:02] 2025/10/18 17:39:02 background refresh finished after 148.026297ms

[Info  - 17:39:53] 2025/10/18 17:39:53 background imports cache refresh starting

[Info  - 17:39:53] 2025/10/18 17:39:53 background refresh finished after 2.203474ms

