2025-10-16 19:19:55.456 [info] Extension host with pid 1176 started
2025-10-16 19:19:55.456 [info] Skipping acquiring lock for /home/bernio/.config/Code - OSS/User/workspaceStorage/274f7ded4d240217cf11df1db8b58482.
2025-10-16 19:19:55.605 [info] ExtensionService#_doActivateExtension vscode.emmet, startup: false, activationEvent: 'onLanguage'
2025-10-16 19:19:55.629 [info] ExtensionService#_doActivateExtension vscode.typescript-language-features, startup: false, activationEvent: 'onLanguage:typescriptreact'
2025-10-16 19:19:55.959 [info] ExtensionService#_doActivateExtension vscode.git-base, startup: true, activationEvent: '*', root cause: vscode.git
2025-10-16 19:19:55.963 [info] ExtensionService#_doActivateExtension vscode.npm, startup: true, activationEvent: 'workspaceContains:package.json'
2025-10-16 19:19:56.009 [info] ExtensionService#_doActivateExtension vscode.git, startup: true, activationEvent: '*'
2025-10-16 19:19:56.075 [info] ExtensionService#_doActivateExtension vscode.github, startup: true, activationEvent: '*'
2025-10-16 19:19:56.218 [info] Eager extensions activated
2025-10-16 19:19:56.249 [info] ExtensionService#_doActivateExtension vscode.debug-auto-launch, startup: false, activationEvent: 'onStartupFinished'
2025-10-16 19:19:56.253 [info] ExtensionService#_doActivateExtension vscode.merge-conflict, startup: false, activationEvent: 'onStartupFinished'
2025-10-16 19:19:56.287 [info] ExtensionService#_doActivateExtension alexdauenhauer.catppuccin-noctis-icons, startup: false, activationEvent: 'onStartupFinished'
2025-10-16 19:19:56.298 [info] ExtensionService#_doActivateExtension bradlc.vscode-tailwindcss, startup: false, activationEvent: 'onStartupFinished'
2025-10-16 19:19:56.377 [info] ExtensionService#_doActivateExtension Catppuccin.catppuccin-vsc, startup: false, activationEvent: 'onStartupFinished'
2025-10-16 19:19:56.720 [info] ExtensionService#_doActivateExtension vscode.configuration-editing, startup: false, activationEvent: 'onLanguage:jsonc'
2025-10-16 19:19:56.742 [info] ExtensionService#_doActivateExtension vscode.json-language-features, startup: false, activationEvent: 'onLanguage:jsonc'
2025-10-16 19:19:56.921 [info] ExtensionService#_doActivateExtension vscode.github-authentication, startup: false, activationEvent: 'onAuthenticationRequest:github'
2025-10-16 19:20:01.150 [info] ExtensionService#_doActivateExtension vscode.extension-editing, startup: false, activationEvent: 'onLanguage:json'
2025-10-16 19:22:28.672 [info] Extension host terminating: renderer closed the MessagePort
2025-10-16 19:22:28.700 [info] Extension host with pid 1176 exiting with code 0
