2025-10-18 17:50:12.396 [info] Started local extension host with pid 1260.
2025-10-18 17:50:13.268 [error] [Extension Host] (node:1260) [DEP0040] DeprecationWarning: The `punycode` module is deprecated. Please use a userland alternative instead.
(Use `exe --trace-deprecation ...` to show where the warning was created)
2025-10-18 17:50:15.085 [info] [perf] Render performance baseline is 26ms
2025-10-18 17:50:16.202 [error] Error while getting the latest version for the extension alexdauenhauer.catppuccin-noctis-icons. SyntaxError: Unexpected token '<', "<!DOCTYPE "... is not valid JSON:
<!DOCTYPE html>
<html lang="en">

<head>
    <title>Open VSX Registry</title>
    <meta charset="UTF-8">
    <meta name="viewport" content="width=device-width, initial-scale=1">
    <link rel="stylesheet" href="https://fonts.googleapis.com/css?family=Roboto:300,400,500,700&display=swap" />

    <!-- Google Tag Manager -->
    <script>(function(w,d,s,l,i){w[l]=w[l]||[];w[l].push({'gtm.start':
    new Date().getTime(),event:'gtm.js'});var f=d.getElementsByTagName(s)[0],
    j=d.createElement(s),dl=l!='dataLayer'?'&l='+l:'';j.async=true;j.src=
    'https://www.googletagmanager.com/gtm.js?id='+i+dl;f.parentNode.insertBefore(j,f);
    })(window,document,'script','dataLayer','GTM-5WLCZXC');</script>

    <!-- Eclipse Cookie Consent -->
    <link rel="stylesheet" type="text/css"
        href="//www.eclipse.org/eclipse.org-common/themes/solstice/public/stylesheets/vendor/cookieconsent/cookieconsent.min.css" />
    <script
        src="//www.eclipse.org/eclipse.org-common/themes/solstice/public/javascript/vendor/cookieconsent/default.min.js">
    </script>
    <style>
        a.cc-btn.cc-allow {
            background-color: #c160ef;
        }
        a.cc-btn.cc-allow:hover, a.cc-btn.cc-allow:focus {
            background-color: #444;
        }
        .cc-revoke {
            display: none !important;
        }
        @media (prefers-color-scheme: dark) {
          body {
            background-color: #121212;
          }
        }
    </style>
</head>

<body>
    <!-- Google Tag Manager (noscript) -->
    <noscript><iframe title="Google Tag Manager" src="https://www.googletagmanager.com/ns.html?id=GTM-5WLCZXC" height="0" width="0" style="display:none;visibility:hidden"></iframe></noscript>
    <!-- End Google Tag Manager (noscript) -->
    <div id="main"></div>
    <script src='/bundle.js' ></script>
</body>

</html>

2025-10-18 17:50:16.405 [error] Error while getting the latest version for the extension golang.go. SyntaxError: Unexpected token '<', "<!DOCTYPE "... is not valid JSON:
<!DOCTYPE html>
<html lang="en">

<head>
    <title>Open VSX Registry</title>
    <meta charset="UTF-8">
    <meta name="viewport" content="width=device-width, initial-scale=1">
    <link rel="stylesheet" href="https://fonts.googleapis.com/css?family=Roboto:300,400,500,700&display=swap" />

    <!-- Google Tag Manager -->
    <script>(function(w,d,s,l,i){w[l]=w[l]||[];w[l].push({'gtm.start':
    new Date().getTime(),event:'gtm.js'});var f=d.getElementsByTagName(s)[0],
    j=d.createElement(s),dl=l!='dataLayer'?'&l='+l:'';j.async=true;j.src=
    'https://www.googletagmanager.com/gtm.js?id='+i+dl;f.parentNode.insertBefore(j,f);
    })(window,document,'script','dataLayer','GTM-5WLCZXC');</script>

    <!-- Eclipse Cookie Consent -->
    <link rel="stylesheet" type="text/css"
        href="//www.eclipse.org/eclipse.org-common/themes/solstice/public/stylesheets/vendor/cookieconsent/cookieconsent.min.css" />
    <script
        src="//www.eclipse.org/eclipse.org-common/themes/solstice/public/javascript/vendor/cookieconsent/default.min.js">
    </script>
    <style>
        a.cc-btn.cc-allow {
            background-color: #c160ef;
        }
        a.cc-btn.cc-allow:hover, a.cc-btn.cc-allow:focus {
            background-color: #444;
        }
        .cc-revoke {
            display: none !important;
        }
        @media (prefers-color-scheme: dark) {
          body {
            background-color: #121212;
          }
        }
    </style>
</head>

<body>
    <!-- Google Tag Manager (noscript) -->
    <noscript><iframe title="Google Tag Manager" src="https://www.googletagmanager.com/ns.html?id=GTM-5WLCZXC" height="0" width="0" style="display:none;visibility:hidden"></iframe></noscript>
    <!-- End Google Tag Manager (noscript) -->
    <div id="main"></div>
    <script src='/bundle.js' ></script>
</body>

</html>

2025-10-18 17:50:16.668 [error] Error while getting the latest version for the extension catppuccin.catppuccin-vsc. SyntaxError: Unexpected token '<', "<!DOCTYPE "... is not valid JSON:
<!DOCTYPE html>
<html lang="en">

<head>
    <title>Open VSX Registry</title>
    <meta charset="UTF-8">
    <meta name="viewport" content="width=device-width, initial-scale=1">
    <link rel="stylesheet" href="https://fonts.googleapis.com/css?family=Roboto:300,400,500,700&display=swap" />

    <!-- Google Tag Manager -->
    <script>(function(w,d,s,l,i){w[l]=w[l]||[];w[l].push({'gtm.start':
    new Date().getTime(),event:'gtm.js'});var f=d.getElementsByTagName(s)[0],
    j=d.createElement(s),dl=l!='dataLayer'?'&l='+l:'';j.async=true;j.src=
    'https://www.googletagmanager.com/gtm.js?id='+i+dl;f.parentNode.insertBefore(j,f);
    })(window,document,'script','dataLayer','GTM-5WLCZXC');</script>

    <!-- Eclipse Cookie Consent -->
    <link rel="stylesheet" type="text/css"
        href="//www.eclipse.org/eclipse.org-common/themes/solstice/public/stylesheets/vendor/cookieconsent/cookieconsent.min.css" />
    <script
        src="//www.eclipse.org/eclipse.org-common/themes/solstice/public/javascript/vendor/cookieconsent/default.min.js">
    </script>
    <style>
        a.cc-btn.cc-allow {
            background-color: #c160ef;
        }
        a.cc-btn.cc-allow:hover, a.cc-btn.cc-allow:focus {
            background-color: #444;
        }
        .cc-revoke {
            display: none !important;
        }
        @media (prefers-color-scheme: dark) {
          body {
            background-color: #121212;
          }
        }
    </style>
</head>

<body>
    <!-- Google Tag Manager (noscript) -->
    <noscript><iframe title="Google Tag Manager" src="https://www.googletagmanager.com/ns.html?id=GTM-5WLCZXC" height="0" width="0" style="display:none;visibility:hidden"></iframe></noscript>
    <!-- End Google Tag Manager (noscript) -->
    <div id="main"></div>
    <script src='/bundle.js' ></script>
</body>

</html>

2025-10-18 17:50:16.815 [error] Error while getting the latest version for the extension bradlc.vscode-tailwindcss. SyntaxError: Unexpected token '<', "<!DOCTYPE "... is not valid JSON:
<!DOCTYPE html>
<html lang="en">

<head>
    <title>Open VSX Registry</title>
    <meta charset="UTF-8">
    <meta name="viewport" content="width=device-width, initial-scale=1">
    <link rel="stylesheet" href="https://fonts.googleapis.com/css?family=Roboto:300,400,500,700&display=swap" />

    <!-- Google Tag Manager -->
    <script>(function(w,d,s,l,i){w[l]=w[l]||[];w[l].push({'gtm.start':
    new Date().getTime(),event:'gtm.js'});var f=d.getElementsByTagName(s)[0],
    j=d.createElement(s),dl=l!='dataLayer'?'&l='+l:'';j.async=true;j.src=
    'https://www.googletagmanager.com/gtm.js?id='+i+dl;f.parentNode.insertBefore(j,f);
    })(window,document,'script','dataLayer','GTM-5WLCZXC');</script>

    <!-- Eclipse Cookie Consent -->
    <link rel="stylesheet" type="text/css"
        href="//www.eclipse.org/eclipse.org-common/themes/solstice/public/stylesheets/vendor/cookieconsent/cookieconsent.min.css" />
    <script
        src="//www.eclipse.org/eclipse.org-common/themes/solstice/public/javascript/vendor/cookieconsent/default.min.js">
    </script>
    <style>
        a.cc-btn.cc-allow {
            background-color: #c160ef;
        }
        a.cc-btn.cc-allow:hover, a.cc-btn.cc-allow:focus {
            background-color: #444;
        }
        .cc-revoke {
            display: none !important;
        }
        @media (prefers-color-scheme: dark) {
          body {
            background-color: #121212;
          }
        }
    </style>
</head>

<body>
    <!-- Google Tag Manager (noscript) -->
    <noscript><iframe title="Google Tag Manager" src="https://www.googletagmanager.com/ns.html?id=GTM-5WLCZXC" height="0" width="0" style="display:none;visibility:hidden"></iframe></noscript>
    <!-- End Google Tag Manager (noscript) -->
    <div id="main"></div>
    <script src='/bundle.js' ></script>
</body>

</html>

2025-10-18 17:52:30.606 [error] no package data for import "github.com/lib/pq": Error: no package data for import "github.com/lib/pq"
	at handleResponse (/home/bernio/.vscode-oss/extensions/golang.go-0.50.0-universal/dist/goMain.js:8582:40)
	at handleMessage (/home/bernio/.vscode-oss/extensions/golang.go-0.50.0-universal/dist/goMain.js:8392:11)
	at processMessageQueue (/home/bernio/.vscode-oss/extensions/golang.go-0.50.0-universal/dist/goMain.js:8407:13)
	at Immediate.<anonymous> (/home/bernio/.vscode-oss/extensions/golang.go-0.50.0-universal/dist/goMain.js:8383:11)
	at process.processImmediate (node:internal/timers:485:21)
2025-10-18 17:56:07.296 [error] getting file for InlayHint: no package metadata for file file:///home/bernio/urbansoul-API/database.go: Error: getting file for InlayHint: no package metadata for file file:///home/bernio/urbansoul-API/database.go
	at handleResponse (/home/bernio/.vscode-oss/extensions/golang.go-0.50.0-universal/dist/goMain.js:8582:40)
	at handleMessage (/home/bernio/.vscode-oss/extensions/golang.go-0.50.0-universal/dist/goMain.js:8392:11)
	at processMessageQueue (/home/bernio/.vscode-oss/extensions/golang.go-0.50.0-universal/dist/goMain.js:8407:13)
	at Immediate.<anonymous> (/home/bernio/.vscode-oss/extensions/golang.go-0.50.0-universal/dist/goMain.js:8383:11)
	at process.processImmediate (node:internal/timers:485:21)
2025-10-18 17:56:15.326 [error] getting file for InlayHint: no package metadata for file file:///home/bernio/urbansoul-API/database.go: Error: getting file for InlayHint: no package metadata for file file:///home/bernio/urbansoul-API/database.go
	at handleResponse (/home/bernio/.vscode-oss/extensions/golang.go-0.50.0-universal/dist/goMain.js:8582:40)
	at handleMessage (/home/bernio/.vscode-oss/extensions/golang.go-0.50.0-universal/dist/goMain.js:8392:11)
	at processMessageQueue (/home/bernio/.vscode-oss/extensions/golang.go-0.50.0-universal/dist/goMain.js:8407:13)
	at Immediate.<anonymous> (/home/bernio/.vscode-oss/extensions/golang.go-0.50.0-universal/dist/goMain.js:8383:11)
	at process.processImmediate (node:internal/timers:485:21)
2025-10-18 17:56:16.054 [error] no package metadata for file file:///home/bernio/urbansoul-API/database.go: Error: no package metadata for file file:///home/bernio/urbansoul-API/database.go
	at handleResponse (/home/bernio/.vscode-oss/extensions/golang.go-0.50.0-universal/dist/goMain.js:8582:40)
	at handleMessage (/home/bernio/.vscode-oss/extensions/golang.go-0.50.0-universal/dist/goMain.js:8392:11)
	at processMessageQueue (/home/bernio/.vscode-oss/extensions/golang.go-0.50.0-universal/dist/goMain.js:8407:13)
	at Immediate.<anonymous> (/home/bernio/.vscode-oss/extensions/golang.go-0.50.0-universal/dist/goMain.js:8383:11)
	at process.processImmediate (node:internal/timers:485:21)
2025-10-18 17:56:16.613 [error] getting file for InlayHint: no package metadata for file file:///home/bernio/urbansoul-API/database.go: Error: getting file for InlayHint: no package metadata for file file:///home/bernio/urbansoul-API/database.go
	at handleResponse (/home/bernio/.vscode-oss/extensions/golang.go-0.50.0-universal/dist/goMain.js:8582:40)
	at handleMessage (/home/bernio/.vscode-oss/extensions/golang.go-0.50.0-universal/dist/goMain.js:8392:11)
	at processMessageQueue (/home/bernio/.vscode-oss/extensions/golang.go-0.50.0-universal/dist/goMain.js:8407:13)
	at Immediate.<anonymous> (/home/bernio/.vscode-oss/extensions/golang.go-0.50.0-universal/dist/goMain.js:8383:11)
	at process.processImmediate (node:internal/timers:485:21)
2025-10-18 18:02:53.047 [error] no package data for import "github.com/lib/pq": Error: no package data for import "github.com/lib/pq"
	at handleResponse (/home/bernio/.vscode-oss/extensions/golang.go-0.50.0-universal/dist/goMain.js:8582:40)
	at handleMessage (/home/bernio/.vscode-oss/extensions/golang.go-0.50.0-universal/dist/goMain.js:8392:11)
	at processMessageQueue (/home/bernio/.vscode-oss/extensions/golang.go-0.50.0-universal/dist/goMain.js:8407:13)
	at Immediate.<anonymous> (/home/bernio/.vscode-oss/extensions/golang.go-0.50.0-universal/dist/goMain.js:8383:11)
	at process.processImmediate (node:internal/timers:485:21)
2025-10-18 18:09:40.502 [error] Error: 14:49: missing parameter type (and 1 more errors)
	at handleResponse (/home/bernio/.vscode-oss/extensions/golang.go-0.50.0-universal/dist/goMain.js:8582:40)
	at handleMessage (/home/bernio/.vscode-oss/extensions/golang.go-0.50.0-universal/dist/goMain.js:8392:11)
	at processMessageQueue (/home/bernio/.vscode-oss/extensions/golang.go-0.50.0-universal/dist/goMain.js:8407:13)
	at Immediate.<anonymous> (/home/bernio/.vscode-oss/extensions/golang.go-0.50.0-universal/dist/goMain.js:8383:11)
	at process.processImmediate (node:internal/timers:485:21)
2025-10-18 18:10:27.578 [error] Error: 17:49: missing parameter type (and 1 more errors)
	at handleResponse (/home/bernio/.vscode-oss/extensions/golang.go-0.50.0-universal/dist/goMain.js:8582:40)
	at handleMessage (/home/bernio/.vscode-oss/extensions/golang.go-0.50.0-universal/dist/goMain.js:8392:11)
	at processMessageQueue (/home/bernio/.vscode-oss/extensions/golang.go-0.50.0-universal/dist/goMain.js:8407:13)
	at Immediate.<anonymous> (/home/bernio/.vscode-oss/extensions/golang.go-0.50.0-universal/dist/goMain.js:8383:11)
	at process.processImmediate (node:internal/timers:485:21)
2025-10-18 18:10:29.943 [error] Error: 17:49: missing parameter type (and 1 more errors)
	at handleResponse (/home/bernio/.vscode-oss/extensions/golang.go-0.50.0-universal/dist/goMain.js:8582:40)
	at handleMessage (/home/bernio/.vscode-oss/extensions/golang.go-0.50.0-universal/dist/goMain.js:8392:11)
	at processMessageQueue (/home/bernio/.vscode-oss/extensions/golang.go-0.50.0-universal/dist/goMain.js:8407:13)
	at Immediate.<anonymous> (/home/bernio/.vscode-oss/extensions/golang.go-0.50.0-universal/dist/goMain.js:8383:11)
	at process.processImmediate (node:internal/timers:485:21)
2025-10-18 18:12:03.288 [error] Error: 17:49: missing parameter type (and 1 more errors)
	at handleResponse (/home/bernio/.vscode-oss/extensions/golang.go-0.50.0-universal/dist/goMain.js:8582:40)
	at handleMessage (/home/bernio/.vscode-oss/extensions/golang.go-0.50.0-universal/dist/goMain.js:8392:11)
	at processMessageQueue (/home/bernio/.vscode-oss/extensions/golang.go-0.50.0-universal/dist/goMain.js:8407:13)
	at Immediate.<anonymous> (/home/bernio/.vscode-oss/extensions/golang.go-0.50.0-universal/dist/goMain.js:8383:11)
	at process.processImmediate (node:internal/timers:485:21)
2025-10-18 18:12:09.974 [error] Error: 17:49: missing parameter type (and 1 more errors)
	at handleResponse (/home/bernio/.vscode-oss/extensions/golang.go-0.50.0-universal/dist/goMain.js:8582:40)
	at handleMessage (/home/bernio/.vscode-oss/extensions/golang.go-0.50.0-universal/dist/goMain.js:8392:11)
	at processMessageQueue (/home/bernio/.vscode-oss/extensions/golang.go-0.50.0-universal/dist/goMain.js:8407:13)
	at Immediate.<anonymous> (/home/bernio/.vscode-oss/extensions/golang.go-0.50.0-universal/dist/goMain.js:8383:11)
	at process.processImmediate (node:internal/timers:485:21)
2025-10-18 18:12:10.319 [error] Error: 17:49: missing parameter type (and 1 more errors)
	at handleResponse (/home/bernio/.vscode-oss/extensions/golang.go-0.50.0-universal/dist/goMain.js:8582:40)
	at handleMessage (/home/bernio/.vscode-oss/extensions/golang.go-0.50.0-universal/dist/goMain.js:8392:11)
	at processMessageQueue (/home/bernio/.vscode-oss/extensions/golang.go-0.50.0-universal/dist/goMain.js:8407:13)
	at Immediate.<anonymous> (/home/bernio/.vscode-oss/extensions/golang.go-0.50.0-universal/dist/goMain.js:8383:11)
	at process.processImmediate (node:internal/timers:485:21)
2025-10-18 18:12:12.600 [error] Error: 17:49: missing parameter type (and 1 more errors)
	at handleResponse (/home/bernio/.vscode-oss/extensions/golang.go-0.50.0-universal/dist/goMain.js:8582:40)
	at handleMessage (/home/bernio/.vscode-oss/extensions/golang.go-0.50.0-universal/dist/goMain.js:8392:11)
	at processMessageQueue (/home/bernio/.vscode-oss/extensions/golang.go-0.50.0-universal/dist/goMain.js:8407:13)
	at Immediate.<anonymous> (/home/bernio/.vscode-oss/extensions/golang.go-0.50.0-universal/dist/goMain.js:8383:11)
	at process.processImmediate (node:internal/timers:485:21)
2025-10-18 18:12:26.396 [error] no package data for import "github.com/jmoiron/sqlx": Error: no package data for import "github.com/jmoiron/sqlx"
	at handleResponse (/home/bernio/.vscode-oss/extensions/golang.go-0.50.0-universal/dist/goMain.js:8582:40)
	at handleMessage (/home/bernio/.vscode-oss/extensions/golang.go-0.50.0-universal/dist/goMain.js:8392:11)
	at processMessageQueue (/home/bernio/.vscode-oss/extensions/golang.go-0.50.0-universal/dist/goMain.js:8407:13)
	at Immediate.<anonymous> (/home/bernio/.vscode-oss/extensions/golang.go-0.50.0-universal/dist/goMain.js:8383:11)
	at process.processImmediate (node:internal/timers:485:21)
2025-10-18 18:12:46.009 [error] Error: 22:73: missing ',' in argument list
	at handleResponse (/home/bernio/.vscode-oss/extensions/golang.go-0.50.0-universal/dist/goMain.js:8582:40)
	at handleMessage (/home/bernio/.vscode-oss/extensions/golang.go-0.50.0-universal/dist/goMain.js:8392:11)
	at processMessageQueue (/home/bernio/.vscode-oss/extensions/golang.go-0.50.0-universal/dist/goMain.js:8407:13)
	at Immediate.<anonymous> (/home/bernio/.vscode-oss/extensions/golang.go-0.50.0-universal/dist/goMain.js:8383:11)
	at process.processImmediate (node:internal/timers:485:21)
2025-10-18 18:12:48.354 [error] Error: 22:73: missing ',' in argument list
	at handleResponse (/home/bernio/.vscode-oss/extensions/golang.go-0.50.0-universal/dist/goMain.js:8582:40)
	at handleMessage (/home/bernio/.vscode-oss/extensions/golang.go-0.50.0-universal/dist/goMain.js:8392:11)
	at processMessageQueue (/home/bernio/.vscode-oss/extensions/golang.go-0.50.0-universal/dist/goMain.js:8407:13)
	at Immediate.<anonymous> (/home/bernio/.vscode-oss/extensions/golang.go-0.50.0-universal/dist/goMain.js:8383:11)
	at process.processImmediate (node:internal/timers:485:21)
2025-10-18 18:12:54.151 [error] Error: 22:73: missing ',' in argument list
	at handleResponse (/home/bernio/.vscode-oss/extensions/golang.go-0.50.0-universal/dist/goMain.js:8582:40)
	at handleMessage (/home/bernio/.vscode-oss/extensions/golang.go-0.50.0-universal/dist/goMain.js:8392:11)
	at processMessageQueue (/home/bernio/.vscode-oss/extensions/golang.go-0.50.0-universal/dist/goMain.js:8407:13)
	at Immediate.<anonymous> (/home/bernio/.vscode-oss/extensions/golang.go-0.50.0-universal/dist/goMain.js:8383:11)
	at process.processImmediate (node:internal/timers:485:21)
2025-10-18 18:12:54.362 [error] Error: 22:73: missing ',' in argument list
	at handleResponse (/home/bernio/.vscode-oss/extensions/golang.go-0.50.0-universal/dist/goMain.js:8582:40)
	at handleMessage (/home/bernio/.vscode-oss/extensions/golang.go-0.50.0-universal/dist/goMain.js:8392:11)
	at processMessageQueue (/home/bernio/.vscode-oss/extensions/golang.go-0.50.0-universal/dist/goMain.js:8407:13)
	at Immediate.<anonymous> (/home/bernio/.vscode-oss/extensions/golang.go-0.50.0-universal/dist/goMain.js:8383:11)
	at process.processImmediate (node:internal/timers:485:21)
2025-10-18 18:12:54.574 [error] Error: 22:73: missing ',' in argument list
	at handleResponse (/home/bernio/.vscode-oss/extensions/golang.go-0.50.0-universal/dist/goMain.js:8582:40)
	at handleMessage (/home/bernio/.vscode-oss/extensions/golang.go-0.50.0-universal/dist/goMain.js:8392:11)
	at processMessageQueue (/home/bernio/.vscode-oss/extensions/golang.go-0.50.0-universal/dist/goMain.js:8407:13)
	at Immediate.<anonymous> (/home/bernio/.vscode-oss/extensions/golang.go-0.50.0-universal/dist/goMain.js:8383:11)
	at process.processImmediate (node:internal/timers:485:21)
2025-10-18 18:13:16.037 [error] Error: 22:73: missing ',' in argument list
	at handleResponse (/home/bernio/.vscode-oss/extensions/golang.go-0.50.0-universal/dist/goMain.js:8582:40)
	at handleMessage (/home/bernio/.vscode-oss/extensions/golang.go-0.50.0-universal/dist/goMain.js:8392:11)
	at processMessageQueue (/home/bernio/.vscode-oss/extensions/golang.go-0.50.0-universal/dist/goMain.js:8407:13)
	at Immediate.<anonymous> (/home/bernio/.vscode-oss/extensions/golang.go-0.50.0-universal/dist/goMain.js:8383:11)
	at process.processImmediate (node:internal/timers:485:21)
2025-10-18 18:23:28.556 [error] lock() request could not be registered.: InvalidStateError: lock() request could not be registered.
2025-10-18 18:31:08.532 [error] Error: 31:23: expected '(', found int
	at handleResponse (/home/bernio/.vscode-oss/extensions/golang.go-0.50.0-universal/dist/goMain.js:8582:40)
	at handleMessage (/home/bernio/.vscode-oss/extensions/golang.go-0.50.0-universal/dist/goMain.js:8392:11)
	at processMessageQueue (/home/bernio/.vscode-oss/extensions/golang.go-0.50.0-universal/dist/goMain.js:8407:13)
	at Immediate.<anonymous> (/home/bernio/.vscode-oss/extensions/golang.go-0.50.0-universal/dist/goMain.js:8383:11)
	at process.processImmediate (node:internal/timers:485:21)
2025-10-18 18:31:09.759 [error] Error: 31:23: expected '(', found int
	at handleResponse (/home/bernio/.vscode-oss/extensions/golang.go-0.50.0-universal/dist/goMain.js:8582:40)
	at handleMessage (/home/bernio/.vscode-oss/extensions/golang.go-0.50.0-universal/dist/goMain.js:8392:11)
	at processMessageQueue (/home/bernio/.vscode-oss/extensions/golang.go-0.50.0-universal/dist/goMain.js:8407:13)
	at Immediate.<anonymous> (/home/bernio/.vscode-oss/extensions/golang.go-0.50.0-universal/dist/goMain.js:8383:11)
	at process.processImmediate (node:internal/timers:485:21)
2025-10-18 18:31:18.461 [error] Error: 31:23: expected '(', found int
	at handleResponse (/home/bernio/.vscode-oss/extensions/golang.go-0.50.0-universal/dist/goMain.js:8582:40)
	at handleMessage (/home/bernio/.vscode-oss/extensions/golang.go-0.50.0-universal/dist/goMain.js:8392:11)
	at processMessageQueue (/home/bernio/.vscode-oss/extensions/golang.go-0.50.0-universal/dist/goMain.js:8407:13)
	at Immediate.<anonymous> (/home/bernio/.vscode-oss/extensions/golang.go-0.50.0-universal/dist/goMain.js:8383:11)
	at process.processImmediate (node:internal/timers:485:21)
2025-10-18 18:31:24.367 [error] Error: 31:22: expected declaration, found ')'
	at handleResponse (/home/bernio/.vscode-oss/extensions/golang.go-0.50.0-universal/dist/goMain.js:8582:40)
	at handleMessage (/home/bernio/.vscode-oss/extensions/golang.go-0.50.0-universal/dist/goMain.js:8392:11)
	at processMessageQueue (/home/bernio/.vscode-oss/extensions/golang.go-0.50.0-universal/dist/goMain.js:8407:13)
	at Immediate.<anonymous> (/home/bernio/.vscode-oss/extensions/golang.go-0.50.0-universal/dist/goMain.js:8383:11)
	at process.processImmediate (node:internal/timers:485:21)
2025-10-18 18:31:26.192 [error] Error: 31:38: expected type argument list
	at handleResponse (/home/bernio/.vscode-oss/extensions/golang.go-0.50.0-universal/dist/goMain.js:8582:40)
	at handleMessage (/home/bernio/.vscode-oss/extensions/golang.go-0.50.0-universal/dist/goMain.js:8392:11)
	at processMessageQueue (/home/bernio/.vscode-oss/extensions/golang.go-0.50.0-universal/dist/goMain.js:8407:13)
	at Immediate.<anonymous> (/home/bernio/.vscode-oss/extensions/golang.go-0.50.0-universal/dist/goMain.js:8383:11)
	at process.processImmediate (node:internal/timers:485:21)
2025-10-18 18:31:38.530 [error] Error: 31:38: expected type argument list
	at handleResponse (/home/bernio/.vscode-oss/extensions/golang.go-0.50.0-universal/dist/goMain.js:8582:40)
	at handleMessage (/home/bernio/.vscode-oss/extensions/golang.go-0.50.0-universal/dist/goMain.js:8392:11)
	at processMessageQueue (/home/bernio/.vscode-oss/extensions/golang.go-0.50.0-universal/dist/goMain.js:8407:13)
	at Immediate.<anonymous> (/home/bernio/.vscode-oss/extensions/golang.go-0.50.0-universal/dist/goMain.js:8383:11)
	at process.processImmediate (node:internal/timers:485:21)
2025-10-18 18:31:50.680 [error] Error: 31:38: expected type argument list
	at handleResponse (/home/bernio/.vscode-oss/extensions/golang.go-0.50.0-universal/dist/goMain.js:8582:40)
	at handleMessage (/home/bernio/.vscode-oss/extensions/golang.go-0.50.0-universal/dist/goMain.js:8392:11)
	at processMessageQueue (/home/bernio/.vscode-oss/extensions/golang.go-0.50.0-universal/dist/goMain.js:8407:13)
	at Immediate.<anonymous> (/home/bernio/.vscode-oss/extensions/golang.go-0.50.0-universal/dist/goMain.js:8383:11)
	at process.processImmediate (node:internal/timers:485:21)
2025-10-18 18:32:04.811 [error] Error: 29:38: expected type argument list
	at handleResponse (/home/bernio/.vscode-oss/extensions/golang.go-0.50.0-universal/dist/goMain.js:8582:40)
	at handleMessage (/home/bernio/.vscode-oss/extensions/golang.go-0.50.0-universal/dist/goMain.js:8392:11)
	at processMessageQueue (/home/bernio/.vscode-oss/extensions/golang.go-0.50.0-universal/dist/goMain.js:8407:13)
	at Immediate.<anonymous> (/home/bernio/.vscode-oss/extensions/golang.go-0.50.0-universal/dist/goMain.js:8383:11)
	at process.processImmediate (node:internal/timers:485:21)
2025-10-18 18:32:07.825 [error] Error: 29:38: expected type argument list
	at handleResponse (/home/bernio/.vscode-oss/extensions/golang.go-0.50.0-universal/dist/goMain.js:8582:40)
	at handleMessage (/home/bernio/.vscode-oss/extensions/golang.go-0.50.0-universal/dist/goMain.js:8392:11)
	at processMessageQueue (/home/bernio/.vscode-oss/extensions/golang.go-0.50.0-universal/dist/goMain.js:8407:13)
	at Immediate.<anonymous> (/home/bernio/.vscode-oss/extensions/golang.go-0.50.0-universal/dist/goMain.js:8383:11)
	at process.processImmediate (node:internal/timers:485:21)
2025-10-18 18:32:15.725 [error] Error: 29:38: expected type argument list
	at handleResponse (/home/bernio/.vscode-oss/extensions/golang.go-0.50.0-universal/dist/goMain.js:8582:40)
	at handleMessage (/home/bernio/.vscode-oss/extensions/golang.go-0.50.0-universal/dist/goMain.js:8392:11)
	at processMessageQueue (/home/bernio/.vscode-oss/extensions/golang.go-0.50.0-universal/dist/goMain.js:8407:13)
	at Immediate.<anonymous> (/home/bernio/.vscode-oss/extensions/golang.go-0.50.0-universal/dist/goMain.js:8383:11)
	at process.processImmediate (node:internal/timers:485:21)
2025-10-18 18:32:37.692 [error] Error: 29:38: expected type argument list
	at handleResponse (/home/bernio/.vscode-oss/extensions/golang.go-0.50.0-universal/dist/goMain.js:8582:40)
	at handleMessage (/home/bernio/.vscode-oss/extensions/golang.go-0.50.0-universal/dist/goMain.js:8392:11)
	at processMessageQueue (/home/bernio/.vscode-oss/extensions/golang.go-0.50.0-universal/dist/goMain.js:8407:13)
	at Immediate.<anonymous> (/home/bernio/.vscode-oss/extensions/golang.go-0.50.0-universal/dist/goMain.js:8383:11)
	at process.processImmediate (node:internal/timers:485:21)
2025-10-18 18:32:42.271 [error] Error: 29:38: expected type argument list
	at handleResponse (/home/bernio/.vscode-oss/extensions/golang.go-0.50.0-universal/dist/goMain.js:8582:40)
	at handleMessage (/home/bernio/.vscode-oss/extensions/golang.go-0.50.0-universal/dist/goMain.js:8392:11)
	at processMessageQueue (/home/bernio/.vscode-oss/extensions/golang.go-0.50.0-universal/dist/goMain.js:8407:13)
	at Immediate.<anonymous> (/home/bernio/.vscode-oss/extensions/golang.go-0.50.0-universal/dist/goMain.js:8383:11)
	at process.processImmediate (node:internal/timers:485:21)
2025-10-18 18:33:00.747 [error] Error: 29:38: expected type argument list
	at handleResponse (/home/bernio/.vscode-oss/extensions/golang.go-0.50.0-universal/dist/goMain.js:8582:40)
	at handleMessage (/home/bernio/.vscode-oss/extensions/golang.go-0.50.0-universal/dist/goMain.js:8392:11)
	at processMessageQueue (/home/bernio/.vscode-oss/extensions/golang.go-0.50.0-universal/dist/goMain.js:8407:13)
	at Immediate.<anonymous> (/home/bernio/.vscode-oss/extensions/golang.go-0.50.0-universal/dist/goMain.js:8383:11)
	at process.processImmediate (node:internal/timers:485:21)
2025-10-18 18:50:36.505 [error] Invalid debug adapter
2025-10-18 18:51:24.850 [warning] [File Watcher (node.js)] Watcher shutdown because watched path got deleted
2025-10-18 18:54:30.110 [error] Invalid debug adapter
2025-10-18 18:55:03.804 [error] Invalid debug adapter
2025-10-18 18:56:23.162 [error] Invalid debug adapter
2025-10-18 18:56:58.733 [error] Invalid debug adapter
2025-10-18 19:17:34.841 [error] Error: 9:1: expected declaration, found corsOpt
	at handleResponse (/home/bernio/.vscode-oss/extensions/golang.go-0.50.0-universal/dist/goMain.js:8582:40)
	at handleMessage (/home/bernio/.vscode-oss/extensions/golang.go-0.50.0-universal/dist/goMain.js:8392:11)
	at processMessageQueue (/home/bernio/.vscode-oss/extensions/golang.go-0.50.0-universal/dist/goMain.js:8407:13)
	at Immediate.<anonymous> (/home/bernio/.vscode-oss/extensions/golang.go-0.50.0-universal/dist/goMain.js:8383:11)
	at process.processImmediate (node:internal/timers:485:21)
2025-10-18 19:18:11.297 [error] Error: 12:27: missing ',' before newline in composite literal (and 1 more errors)
	at handleResponse (/home/bernio/.vscode-oss/extensions/golang.go-0.50.0-universal/dist/goMain.js:8582:40)
	at handleMessage (/home/bernio/.vscode-oss/extensions/golang.go-0.50.0-universal/dist/goMain.js:8392:11)
	at processMessageQueue (/home/bernio/.vscode-oss/extensions/golang.go-0.50.0-universal/dist/goMain.js:8407:13)
	at Immediate.<anonymous> (/home/bernio/.vscode-oss/extensions/golang.go-0.50.0-universal/dist/goMain.js:8383:11)
	at process.processImmediate (node:internal/timers:485:21)
2025-10-18 19:18:17.180 [error] Error: 12:28: missing ',' before newline in composite literal (and 1 more errors)
	at handleResponse (/home/bernio/.vscode-oss/extensions/golang.go-0.50.0-universal/dist/goMain.js:8582:40)
	at handleMessage (/home/bernio/.vscode-oss/extensions/golang.go-0.50.0-universal/dist/goMain.js:8392:11)
	at processMessageQueue (/home/bernio/.vscode-oss/extensions/golang.go-0.50.0-universal/dist/goMain.js:8407:13)
	at Immediate.<anonymous> (/home/bernio/.vscode-oss/extensions/golang.go-0.50.0-universal/dist/goMain.js:8383:11)
	at process.processImmediate (node:internal/timers:485:21)
2025-10-18 19:20:05.809 [error] Error: 24:33: missing ',' before newline in composite literal (and 1 more errors)
	at handleResponse (/home/bernio/.vscode-oss/extensions/golang.go-0.50.0-universal/dist/goMain.js:8582:40)
	at handleMessage (/home/bernio/.vscode-oss/extensions/golang.go-0.50.0-universal/dist/goMain.js:8392:11)
	at processMessageQueue (/home/bernio/.vscode-oss/extensions/golang.go-0.50.0-universal/dist/goMain.js:8407:13)
	at Immediate.<anonymous> (/home/bernio/.vscode-oss/extensions/golang.go-0.50.0-universal/dist/goMain.js:8383:11)
	at process.processImmediate (node:internal/timers:485:21)
2025-10-18 19:49:03.490 [error] Invalid debug adapter
2025-10-18 19:49:09.625 [error] Invalid debug adapter
2025-10-18 19:49:27.300 [error] Invalid debug adapter
2025-10-18 19:49:30.804 [error] Invalid debug adapter
2025-10-18 19:50:05.002 [error] Invalid debug adapter
2025-10-18 19:51:47.584 [error] Invalid debug adapter
2025-10-18 19:52:12.359 [error] Invalid debug adapter
2025-10-18 19:52:25.223 [error] Invalid debug adapter
2025-10-18 19:53:24.183 [error] Invalid debug adapter
2025-10-18 20:01:35.349 [error] Invalid debug adapter
2025-10-18 20:01:46.707 [error] Invalid debug adapter
2025-10-18 20:06:29.883 [error] Invalid debug adapter
2025-10-18 20:06:52.255 [error] Invalid debug adapter
2025-10-18 20:09:42.451 [error] Invalid debug adapter
2025-10-18 20:13:31.245 [error] Invalid debug adapter
