[Info  - 21:11:47] 2025/10/23 21:11:47 Created View (#1)
	directory=/home/bernio/urbansoul-API
	view_type="GoMod"
	root_dir="file:///home/bernio/urbansoul-API"
	go_version="go version go1.25.3 X:nodwarf5 linux/amd64"
	build_flags=[]
	env={GOOS:linux GOARCH:amd64 GOCACHE:/home/bernio/.cache/go-build GOMODCACHE:/home/bernio/go/pkg/mod GOPATH:/home/bernio/go GOPRIVATE: GOFLAGS: GO111MODULE: GOTOOLCHAIN:auto GOROOT:/usr/lib/go GoVersion:25 GoVersionOutput:go version go1.25.3 X:nodwarf5 linux/amd64
 ExplicitGOWORK: EffectiveGOPACKAGESDRIVER:}
	env_overlay=[]

[Info  - 21:11:47] 2025/10/23 21:11:47 go/packages.Load #1
	view_id="1"
	snapshot=0
	directory=/home/bernio/urbansoul-API
	query=[/home/bernio/urbansoul-API/... builtin]
	packages=5
	duration=201.537892ms

[Info  - 21:12:17] 2025/10/23 21:12:17 background imports cache refresh starting

[Info  - 21:12:17] 2025/10/23 21:12:17 background refresh finished after 153.696228ms

[Info  - 21:13:26] 2025/10/23 21:13:26 background imports cache refresh starting

[Info  - 21:13:26] 2025/10/23 21:13:26 background refresh finished after 6.448265ms

[Info  - 21:16:14] 2025/10/23 21:16:14 go/packages.Load #4
	view_id="1"
	snapshot=88
	directory=/home/bernio/urbansoul-API
	query=[file=/home/bernio/urbansoul-API/repository/customers.go]
	packages=1
	duration=14.893973ms

[Info  - 21:16:14] 2025/10/23 21:16:14 go/packages.Load #5
	view_id="1"
	snapshot=90
	directory=/home/bernio/urbansoul-API
	query=[file=/home/bernio/urbansoul-API/repository/customers.go]
	packages=1
	duration=9.535082ms

[Error - 21:16:55] 2025/10/23 21:16:55 imports fixes: allImportsFixes: /home/bernio/urbansoul-API/repository/customers.go:3:5: expected '(', found 'EOF' (and 3 more errors)
	file="/home/bernio/urbansoul-API/repository/customers.go"

[Error - 21:16:56] 2025/10/23 21:16:56 imports fixes: allImportsFixes: /home/bernio/urbansoul-API/repository/customers.go:3:9: expected '(', found newline (and 2 more errors)
	file="/home/bernio/urbansoul-API/repository/customers.go"

[Error - 21:16:58] 2025/10/23 21:16:58 imports fixes: allImportsFixes: /home/bernio/urbansoul-API/repository/customers.go:3:21: expected '(', found newline (and 2 more errors)
	file="/home/bernio/urbansoul-API/repository/customers.go"

[Error - 21:16:59] 2025/10/23 21:16:59 imports fixes: allImportsFixes: /home/bernio/urbansoul-API/repository/customers.go:3:17: expected '(', found newline (and 2 more errors)
	file="/home/bernio/urbansoul-API/repository/customers.go"

[Info  - 21:16:59] 2025/10/23 21:16:59 background imports cache refresh starting

[Info  - 21:16:59] 2025/10/23 21:16:59 background refresh finished after 4.86397ms

[Info  - 21:17:30] 2025/10/23 21:17:30 go/packages.Load #7
	view_id="1"
	snapshot=147
	directory=/home/bernio/urbansoul-API
	query=[file=/home/bernio/urbansoul-API/controller/customers.go]
	packages=1
	duration=63.155304ms

[Info  - 21:17:30] 2025/10/23 21:17:30 go/packages.Load #8
	view_id="1"
	snapshot=147
	directory=/home/bernio/urbansoul-API
	query=[file=/home/bernio/urbansoul-API/controller/customers.go]
	packages=1
	duration=59.417422ms

[Info  - 21:17:31] 2025/10/23 21:17:31 go/packages.Load #9
	view_id="1"
	snapshot=147
	directory=/home/bernio/urbansoul-API
	query=[urbanAPI]
	packages=1
	duration=67.178391ms

[Info  - 21:17:39] 2025/10/23 21:17:39 background imports cache refresh starting

[Info  - 21:17:39] 2025/10/23 21:17:39 background refresh finished after 3.843402ms

[Info  - 21:17:42] 2025/10/23 21:17:42 go/packages.Load #10
	view_id="1"
	snapshot=152
	directory=/home/bernio/urbansoul-API
	query=[file=/home/bernio/urbansoul-API/controller/customers.go]
	packages=1
	duration=63.663762ms

[Info  - 21:17:42] 2025/10/23 21:17:42 go/packages.Load #11
	view_id="1"
	snapshot=152
	directory=/home/bernio/urbansoul-API
	query=[file=/home/bernio/urbansoul-API/controller/customers.go]
	packages=1
	duration=67.618468ms

[Info  - 21:17:42] 2025/10/23 21:17:42 go/packages.Load #12
	view_id="1"
	snapshot=153
	directory=/home/bernio/urbansoul-API
	query=[urbanAPI]
	packages=1
	duration=51.323828ms

[Error - 21:17:44] 2025/10/23 21:17:44 imports fixes: allImportsFixes: /home/bernio/urbansoul-API/repository/customers.go:6:13: missing ',' in parameter list (and 3 more errors)
	file="/home/bernio/urbansoul-API/repository/customers.go"

[Info  - 21:17:57] 2025/10/23 21:17:57 go/packages.Load #13
	view_id="1"
	snapshot=156
	directory=/home/bernio/urbansoul-API
	query=[file=/home/bernio/urbansoul-API/controller/customers.go]
	packages=1
	duration=92.542919ms

[Info  - 21:17:57] 2025/10/23 21:17:57 go/packages.Load #14
	view_id="1"
	snapshot=156
	directory=/home/bernio/urbansoul-API
	query=[file=/home/bernio/urbansoul-API/controller/customers.go]
	packages=1
	duration=95.00557ms

[Info  - 21:17:57] 2025/10/23 21:17:57 go/packages.Load #15
	view_id="1"
	snapshot=159
	directory=/home/bernio/urbansoul-API
	query=[file=/home/bernio/urbansoul-API/controller/customers.go]
	packages=1
	duration=66.118244ms

[Info  - 21:17:57] 2025/10/23 21:17:57 go/packages.Load #16
	view_id="1"
	snapshot=159
	directory=/home/bernio/urbansoul-API
	query=[file=/home/bernio/urbansoul-API/controller/customers.go]
	packages=1
	duration=59.443618ms

[Info  - 21:17:59] 2025/10/23 21:17:59 go/packages.Load #17
	view_id="1"
	snapshot=164
	directory=/home/bernio/urbansoul-API
	query=[urbanAPI]
	packages=1
	duration=51.617383ms

[Info  - 21:18:09] 2025/10/23 21:18:09 background imports cache refresh starting

[Info  - 21:18:09] 2025/10/23 21:18:09 background refresh finished after 4.655344ms

[Info  - 21:18:14] 2025/10/23 21:18:14 go/packages.Load #18
	view_id="1"
	snapshot=190
	directory=/home/bernio/urbansoul-API
	query=[urbanAPI/repository]
	packages=1
	duration=13.726561ms

[Info  - 21:19:01] 2025/10/23 21:19:01 background imports cache refresh starting

[Info  - 21:19:01] 2025/10/23 21:19:01 background refresh finished after 4.622765ms

[Info  - 21:20:16] 2025/10/23 21:20:16 go/packages.Load #19
	view_id="1"
	snapshot=353
	directory=/home/bernio/urbansoul-API
	query=[file=/home/bernio/urbansoul-API/models/models.go]
	packages=1
	duration=9.731735ms

[Info  - 21:20:16] 2025/10/23 21:20:16 go/packages.Load #20
	view_id="1"
	snapshot=353
	directory=/home/bernio/urbansoul-API
	query=[file=/home/bernio/urbansoul-API/models/models.go]
	packages=1
	duration=10.637794ms

[Info  - 21:20:16] 2025/10/23 21:20:16 background imports cache refresh starting

[Info  - 21:20:16] 2025/10/23 21:20:16 background refresh finished after 4.669494ms

[Info  - 21:20:18] 2025/10/23 21:20:18 go/packages.Load #21
	view_id="1"
	snapshot=354
	directory=/home/bernio/urbansoul-API
	query=[urbanAPI urbanAPI/controller]
	packages=2
	duration=62.813513ms

[Error - 21:20:22] 2025/10/23 21:20:22 imports fixes: allImportsFixes: /home/bernio/urbansoul-API/models/models.go:7:9: expected type, found newline
	file="/home/bernio/urbansoul-API/models/models.go"

[Error - 21:20:23] 2025/10/23 21:20:23 imports fixes: allImportsFixes: /home/bernio/urbansoul-API/models/models.go:7:9: expected type, found newline
	file="/home/bernio/urbansoul-API/models/models.go"

[Error - 21:20:25] 2025/10/23 21:20:25 imports fixes: allImportsFixes: /home/bernio/urbansoul-API/models/models.go:7:13: expected type, found newline
	file="/home/bernio/urbansoul-API/models/models.go"

[Error - 21:20:26] 2025/10/23 21:20:26 imports fixes: allImportsFixes: /home/bernio/urbansoul-API/models/models.go:7:14: expected type, found newline
	file="/home/bernio/urbansoul-API/models/models.go"

[Error - 21:20:26] 2025/10/23 21:20:26 imports fixes: allImportsFixes: /home/bernio/urbansoul-API/models/models.go:7:13: expected type, found newline
	file="/home/bernio/urbansoul-API/models/models.go"

[Error - 21:20:28] 2025/10/23 21:20:28 imports fixes: allImportsFixes: /home/bernio/urbansoul-API/models/models.go:7:21: expected type, found newline
	file="/home/bernio/urbansoul-API/models/models.go"

[Info  - 21:20:51] 2025/10/23 21:20:51 background imports cache refresh starting

[Info  - 21:20:51] 2025/10/23 21:20:51 background refresh finished after 4.643317ms

[Info  - 21:22:48] 2025/10/23 21:22:48 go/packages.Load #22
	view_id="1"
	snapshot=414
	directory=/home/bernio/urbansoul-API
	query=[file=/home/bernio/urbansoul-API/controller/product.go]
	packages=1
	duration=64.768123ms

[Error - 21:22:48] Request textDocument/inlayHint failed.
  Message: getting file for InlayHint: no package metadata for file file:///home/bernio/urbansoul-API/controller/product.go
  Code: 0 
[Info  - 21:22:49] 2025/10/23 21:22:49 go/packages.Load #23
	view_id="1"
	snapshot=417
	directory=/home/bernio/urbansoul-API
	query=[file=/home/bernio/urbansoul-API/controller/product.go]
	packages=1
	duration=59.041213ms

[Info  - 21:22:49] 2025/10/23 21:22:49 go/packages.Load #24
	view_id="1"
	snapshot=417
	directory=/home/bernio/urbansoul-API
	query=[file=/home/bernio/urbansoul-API/controller/product.go]
	packages=1
	duration=54.7684ms

[Info  - 21:22:50] 2025/10/23 21:22:50 go/packages.Load #25
	view_id="1"
	snapshot=417
	directory=/home/bernio/urbansoul-API
	query=[urbanAPI]
	packages=1
	duration=66.145592ms

[Info  - 21:23:23] 2025/10/23 21:23:23 background imports cache refresh starting

[Info  - 21:23:23] 2025/10/23 21:23:23 background refresh finished after 4.013734ms

[Info  - 21:23:58] 2025/10/23 21:23:58 background imports cache refresh starting

[Info  - 21:23:58] 2025/10/23 21:23:58 background refresh finished after 4.26615ms

[Error - 21:24:34] 2025/10/23 21:24:34 no highlight: column is beyond end of line

[Info  - 21:24:44] 2025/10/23 21:24:44 background imports cache refresh starting

[Info  - 21:24:44] 2025/10/23 21:24:44 background refresh finished after 4.555019ms

[Info  - 21:25:18] 2025/10/23 21:25:18 background imports cache refresh starting

[Info  - 21:25:18] 2025/10/23 21:25:18 background refresh finished after 4.358239ms

[Info  - 21:25:55] 2025/10/23 21:25:55 background imports cache refresh starting

[Info  - 21:25:55] 2025/10/23 21:25:55 background refresh finished after 2.700956ms

[Info  - 21:26:28] 2025/10/23 21:26:28 background imports cache refresh starting

[Info  - 21:26:28] 2025/10/23 21:26:28 background refresh finished after 5.092319ms

[Error - 21:26:47] 2025/10/23 21:26:47 imports fixes: allImportsFixes: /home/bernio/urbansoul-API/controller/product.go:20:28: expected ';', found '(' (and 3 more errors)
	file="/home/bernio/urbansoul-API/controller/product.go"

[Info  - 21:27:02] 2025/10/23 21:27:02 background imports cache refresh starting

[Info  - 21:27:02] 2025/10/23 21:27:02 background refresh finished after 4.829024ms

[Info  - 21:28:13] 2025/10/23 21:28:13 background imports cache refresh starting

[Info  - 21:28:13] 2025/10/23 21:28:13 background refresh finished after 2.461795ms

[Info  - 21:30:11] 2025/10/23 21:30:11 background imports cache refresh starting

[Info  - 21:30:11] 2025/10/23 21:30:11 background refresh finished after 4.753785ms

[Info  - 21:32:23] 2025/10/23 21:32:23 background imports cache refresh starting

[Info  - 21:32:23] 2025/10/23 21:32:23 background refresh finished after 4.674943ms

[Error - 21:33:07] 2025/10/23 21:33:07 imports fixes: allImportsFixes: /home/bernio/urbansoul-API/controller/product.go:51:9: expected '(', found newline (and 2 more errors)
	file="/home/bernio/urbansoul-API/controller/product.go"

[Error - 21:33:08] 2025/10/23 21:33:08 imports fixes: allImportsFixes: /home/bernio/urbansoul-API/controller/product.go:51:10: expected '(', found newline (and 2 more errors)
	file="/home/bernio/urbansoul-API/controller/product.go"

[Error - 21:33:08] 2025/10/23 21:33:08 imports fixes: allImportsFixes: /home/bernio/urbansoul-API/controller/product.go:51:12: expected '(', found newline (and 2 more errors)
	file="/home/bernio/urbansoul-API/controller/product.go"

[Error - 21:33:09] 2025/10/23 21:33:09 imports fixes: allImportsFixes: /home/bernio/urbansoul-API/controller/product.go:51:19: expected '(', found newline (and 2 more errors)
	file="/home/bernio/urbansoul-API/controller/product.go"

[Error - 21:33:11] 2025/10/23 21:33:11 imports fixes: allImportsFixes: /home/bernio/urbansoul-API/controller/product.go:51:20: expected '(', found newline (and 2 more errors)
	file="/home/bernio/urbansoul-API/controller/product.go"

[Error - 21:33:12] 2025/10/23 21:33:12 imports fixes: allImportsFixes: /home/bernio/urbansoul-API/controller/product.go:51:19: expected '(', found newline (and 2 more errors)
	file="/home/bernio/urbansoul-API/controller/product.go"

[Info  - 21:33:15] 2025/10/23 21:33:15 background imports cache refresh starting

[Info  - 21:33:15] 2025/10/23 21:33:15 background refresh finished after 4.697069ms

[Info  - 21:33:45] 2025/10/23 21:33:45 background imports cache refresh starting

[Info  - 21:33:45] 2025/10/23 21:33:45 background refresh finished after 5.885533ms

[Info  - 21:34:22] 2025/10/23 21:34:22 Shutdown session
	shutdown_session=1

