2025-10-25 10:01:34.310 [info] Try to start language server - activation (enabled: true)
2025-10-25 10:01:34.391 [info] Running language server gopls(v0.20.0/go1.25.2 X:nodwarf5)
2025-10-25 10:04:15.351 [info] Running checks...
2025-10-25 10:04:15.351 [info] Starting linting the current package at /home/bernio/urbansoul-API/repository
2025-10-25 10:04:15.511 [info] /home/bernio/urbansoul-API/repository>Finished running tool: /home/bernio/go/bin/staticcheck
2025-10-25 10:04:15.511 [info] /home/bernio/urbansoul-API/repository/productRepo.go:11:2 undefined: err
2025-10-25 10:04:15.511 [info] /home/bernio/urbansoul-API/repository/productRepo.go:11:21 undefined: p
2025-10-25 10:04:15.511 [info] /home/bernio/urbansoul-API/repository/productRepo.go:13:32 undefined: input
2025-10-25 10:04:15.511 [info] /home/bernio/urbansoul-API/repository/productRepo.go:15:5 undefined: err
2025-10-25 10:04:15.511 [info] /home/bernio/urbansoul-API/repository/productRepo.go:16:45 undefined: err (compile)
2025-10-25 10:04:15.511 [info] 
2025-10-25 10:06:02.227 [info] Running checks...
2025-10-25 10:06:02.227 [info] Starting linting the current package at /home/bernio/urbansoul-API/controller
2025-10-25 10:06:02.324 [info] /home/bernio/urbansoul-API/controller>Finished running tool: /home/bernio/go/bin/staticcheck
2025-10-25 10:06:02.324 [info] /home/bernio/urbansoul-API/repository/productRepo.go:11:2 undefined: err
2025-10-25 10:06:02.324 [info] /home/bernio/urbansoul-API/repository/productRepo.go:11:21 undefined: p
2025-10-25 10:06:02.324 [info] /home/bernio/urbansoul-API/repository/productRepo.go:13:32 undefined: input
2025-10-25 10:06:02.324 [info] /home/bernio/urbansoul-API/repository/productRepo.go:15:5 undefined: err
2025-10-25 10:06:02.324 [info] /home/bernio/urbansoul-API/repository/productRepo.go:16:45 undefined: err (compile)
2025-10-25 10:06:02.324 [info] 
2025-10-25 10:06:08.699 [info] Running checks...
2025-10-25 10:06:08.699 [info] Starting linting the current package at /home/bernio/urbansoul-API/controller
2025-10-25 10:06:08.792 [info] /home/bernio/urbansoul-API/controller>Finished running tool: /home/bernio/go/bin/staticcheck
2025-10-25 10:06:08.792 [info] /home/bernio/urbansoul-API/repository/productRepo.go:11:2 undefined: err
2025-10-25 10:06:08.792 [info] /home/bernio/urbansoul-API/repository/productRepo.go:11:21 undefined: p
2025-10-25 10:06:08.792 [info] /home/bernio/urbansoul-API/repository/productRepo.go:13:32 undefined: input
2025-10-25 10:06:08.792 [info] /home/bernio/urbansoul-API/repository/productRepo.go:15:5 undefined: err
2025-10-25 10:06:08.792 [info] /home/bernio/urbansoul-API/repository/productRepo.go:16:45 undefined: err (compile)
2025-10-25 10:06:08.792 [info] 
2025-10-25 10:08:02.807 [info] Running checks...
2025-10-25 10:08:02.807 [info] Starting linting the current package at /home/bernio/urbansoul-API/controller
2025-10-25 10:08:02.896 [info] /home/bernio/urbansoul-API/controller>Finished running tool: /home/bernio/go/bin/staticcheck
2025-10-25 10:08:02.896 [info] 
2025-10-25 10:09:32.508 [info] Running checks...
2025-10-25 10:09:32.509 [info] Starting linting the current package at /home/bernio/urbansoul-API/controller
2025-10-25 10:09:32.636 [info] /home/bernio/urbansoul-API/controller>Finished running tool: /home/bernio/go/bin/staticcheck
2025-10-25 10:09:32.636 [info] 
2025-10-25 10:09:48.958 [info] Running checks...
2025-10-25 10:09:48.958 [info] Starting linting the current package at /home/bernio/urbansoul-API/models
2025-10-25 10:09:48.999 [info] /home/bernio/urbansoul-API/models>Finished running tool: /home/bernio/go/bin/staticcheck
2025-10-25 10:09:48.999 [info] 
2025-10-25 10:09:53.618 [info] Running checks...
2025-10-25 10:09:53.618 [info] Starting linting the current package at /home/bernio/urbansoul-API/controller
2025-10-25 10:09:53.750 [info] /home/bernio/urbansoul-API/controller>Finished running tool: /home/bernio/go/bin/staticcheck
2025-10-25 10:09:53.750 [info] 
2025-10-25 10:10:21.855 [info] Running checks...
2025-10-25 10:10:21.855 [info] Starting linting the current package at /home/bernio/urbansoul-API/controller
2025-10-25 10:10:21.976 [info] /home/bernio/urbansoul-API/controller>Finished running tool: /home/bernio/go/bin/staticcheck
2025-10-25 10:10:21.976 [info] 
2025-10-25 10:11:01.523 [info] Running checks...
2025-10-25 10:11:01.524 [info] Starting linting the current package at /home/bernio/urbansoul-API/controller
2025-10-25 10:11:01.616 [info] /home/bernio/urbansoul-API/controller>Finished running tool: /home/bernio/go/bin/staticcheck
2025-10-25 10:11:01.616 [info] 
2025-10-25 10:12:10.522 [info] Running checks...
2025-10-25 10:12:10.522 [info] Starting linting the current package at /home/bernio/urbansoul-API/controller
2025-10-25 10:12:10.615 [info] /home/bernio/urbansoul-API/controller>Finished running tool: /home/bernio/go/bin/staticcheck
2025-10-25 10:12:10.615 [info] 
2025-10-25 10:13:07.383 [info] Running checks...
2025-10-25 10:13:07.383 [info] Starting linting the current package at /home/bernio/urbansoul-API
2025-10-25 10:13:07.509 [info] /home/bernio/urbansoul-API>Finished running tool: /home/bernio/go/bin/staticcheck
2025-10-25 10:13:07.509 [info] 
2025-10-25 10:23:03.324 [info] Running checks...
2025-10-25 10:23:03.324 [info] Starting linting the current package at /home/bernio/urbansoul-API/controller
2025-10-25 10:23:03.447 [info] /home/bernio/urbansoul-API/controller>Finished running tool: /home/bernio/go/bin/staticcheck
2025-10-25 10:23:03.447 [info] 
2025-10-25 10:26:14.196 [info] Running checks...
2025-10-25 10:26:14.196 [info] Starting linting the current package at /home/bernio/urbansoul-API/controller
2025-10-25 10:26:14.317 [info] /home/bernio/urbansoul-API/controller>Finished running tool: /home/bernio/go/bin/staticcheck
2025-10-25 10:26:14.317 [info] 
2025-10-25 10:30:27.519 [info] Running checks...
2025-10-25 10:30:27.519 [info] Starting linting the current package at /home/bernio/urbansoul-API/models
2025-10-25 10:30:27.561 [info] /home/bernio/urbansoul-API/models>Finished running tool: /home/bernio/go/bin/staticcheck
2025-10-25 10:30:27.561 [info] 
2025-10-25 10:30:28.179 [info] Running checks...
2025-10-25 10:30:28.179 [info] Starting linting the current package at /home/bernio/urbansoul-API/models
2025-10-25 10:30:28.220 [info] /home/bernio/urbansoul-API/models>Finished running tool: /home/bernio/go/bin/staticcheck
2025-10-25 10:30:28.220 [info] 
2025-10-25 10:30:54.438 [info] Running checks...
2025-10-25 10:30:54.438 [info] Starting linting the current package at /home/bernio/urbansoul-API/controller
2025-10-25 10:30:54.560 [info] /home/bernio/urbansoul-API/controller>Finished running tool: /home/bernio/go/bin/staticcheck
2025-10-25 10:30:54.560 [info] 
2025-10-25 10:30:58.134 [info] Running checks...
2025-10-25 10:30:58.134 [info] Starting linting the current package at /home/bernio/urbansoul-API/controller
2025-10-25 10:30:58.229 [info] /home/bernio/urbansoul-API/controller>Finished running tool: /home/bernio/go/bin/staticcheck
2025-10-25 10:30:58.229 [info] 
2025-10-25 10:31:34.320 [info] Fetching latest go developer survey
2025-10-25 10:31:34.491 [info] Using fetched Go developer survey: v0.1.0
2025-10-25 10:31:34.491 [info] Survey active from Mon Sep 08 2025 to Tue Sep 30 2025
2025-10-25 10:31:57.655 [info] Running checks...
2025-10-25 10:31:57.655 [info] Starting linting the current package at /home/bernio/urbansoul-API/controller
2025-10-25 10:31:57.773 [info] /home/bernio/urbansoul-API/controller>Finished running tool: /home/bernio/go/bin/staticcheck
2025-10-25 10:31:57.773 [info] 
2025-10-25 10:31:58.593 [info] Running checks...
2025-10-25 10:31:58.593 [info] Starting linting the current package at /home/bernio/urbansoul-API/controller
2025-10-25 10:31:58.682 [info] /home/bernio/urbansoul-API/controller>Finished running tool: /home/bernio/go/bin/staticcheck
2025-10-25 10:31:58.682 [info] 
2025-10-25 10:32:30.988 [info] Running checks...
2025-10-25 10:32:30.988 [info] Starting linting the current package at /home/bernio/urbansoul-API/controller
2025-10-25 10:32:31.079 [info] /home/bernio/urbansoul-API/controller>Finished running tool: /home/bernio/go/bin/staticcheck
2025-10-25 10:32:31.079 [info] 
2025-10-25 10:32:43.650 [info] Running checks...
2025-10-25 10:32:43.650 [info] Starting linting the current package at /home/bernio/urbansoul-API/controller
2025-10-25 10:32:43.738 [info] /home/bernio/urbansoul-API/controller>Finished running tool: /home/bernio/go/bin/staticcheck
2025-10-25 10:32:43.738 [info] 
2025-10-25 10:32:56.136 [info] Running checks...
2025-10-25 10:32:56.136 [info] Starting linting the current package at /home/bernio/urbansoul-API
2025-10-25 10:32:56.255 [info] /home/bernio/urbansoul-API>Finished running tool: /home/bernio/go/bin/staticcheck
2025-10-25 10:32:56.256 [info] 
2025-10-25 10:32:56.356 [info] Running checks...
2025-10-25 10:32:56.356 [info] Starting linting the current package at /home/bernio/urbansoul-API
2025-10-25 10:32:56.446 [info] /home/bernio/urbansoul-API>Finished running tool: /home/bernio/go/bin/staticcheck
2025-10-25 10:32:56.446 [info] 
2025-10-25 10:33:50.436 [info] Running checks...
2025-10-25 10:33:50.436 [info] Starting linting the current package at /home/bernio/urbansoul-API/controller
2025-10-25 10:33:50.557 [info] /home/bernio/urbansoul-API/controller>Finished running tool: /home/bernio/go/bin/staticcheck
2025-10-25 10:33:50.557 [info] 
2025-10-25 10:45:24.550 [info] Running checks...
2025-10-25 10:45:24.550 [info] Starting linting the current package at /home/bernio/urbansoul-API/controller
2025-10-25 10:45:24.667 [info] /home/bernio/urbansoul-API/controller>Finished running tool: /home/bernio/go/bin/staticcheck
2025-10-25 10:45:24.667 [info] 
2025-10-25 10:46:01.008 [info] Running checks...
2025-10-25 10:46:01.008 [info] Starting linting the current package at /home/bernio/urbansoul-API/controller
2025-10-25 10:46:01.126 [info] /home/bernio/urbansoul-API/controller>Finished running tool: /home/bernio/go/bin/staticcheck
2025-10-25 10:46:01.126 [info] 
2025-10-25 10:49:07.081 [info] Running checks...
2025-10-25 10:49:07.081 [info] Starting linting the current package at /home/bernio/urbansoul-API/controller
2025-10-25 10:49:07.168 [info] /home/bernio/urbansoul-API/controller>Finished running tool: /home/bernio/go/bin/staticcheck
2025-10-25 10:49:07.168 [info] /home/bernio/urbansoul-API/controller/product.go:27:24 syntax error: unexpected ], expected type argument list
2025-10-25 10:49:07.168 [info] /home/bernio/urbansoul-API/controller/product.go:34:1 syntax error: non-declaration statement outside function body (compile)
2025-10-25 10:49:07.168 [info] 
2025-10-25 10:51:59.290 [info] Running checks...
2025-10-25 10:51:59.290 [info] Starting linting the current package at /home/bernio/urbansoul-API/controller
2025-10-25 10:51:59.408 [info] /home/bernio/urbansoul-API/controller>Finished running tool: /home/bernio/go/bin/staticcheck
2025-10-25 10:51:59.408 [info] 
2025-10-25 10:53:15.171 [info] Running checks...
2025-10-25 10:53:15.171 [info] Starting linting the current package at /home/bernio/urbansoul-API/models
2025-10-25 10:53:15.210 [info] /home/bernio/urbansoul-API/models>Finished running tool: /home/bernio/go/bin/staticcheck
2025-10-25 10:53:15.210 [info] 
2025-10-25 10:54:08.881 [info] Running checks...
2025-10-25 10:54:08.881 [info] Starting linting the current package at /home/bernio/urbansoul-API/controller
2025-10-25 10:54:08.987 [info] /home/bernio/urbansoul-API/controller>Finished running tool: /home/bernio/go/bin/staticcheck
2025-10-25 10:54:08.987 [info] /home/bernio/urbansoul-API/controller/product.go:22:6 Product_Model redeclared in this block
2025-10-25 10:54:08.987 [info] 
2025-10-25 10:54:42.272 [info] Running checks...
2025-10-25 10:54:42.272 [info] Starting linting the current package at /home/bernio/urbansoul-API/controller
2025-10-25 10:54:42.356 [info] /home/bernio/urbansoul-API/controller>Finished running tool: /home/bernio/go/bin/staticcheck
2025-10-25 10:54:42.356 [info] /home/bernio/urbansoul-API/controller/product.go:20:6 Product_Model redeclared in this block
2025-10-25 10:54:42.356 [info] 
2025-10-25 10:55:15.981 [info] Running checks...
2025-10-25 10:55:15.981 [info] Starting linting the current package at /home/bernio/urbansoul-API/controller
2025-10-25 10:55:16.069 [info] /home/bernio/urbansoul-API/controller>Finished running tool: /home/bernio/go/bin/staticcheck
2025-10-25 10:55:16.069 [info] /home/bernio/urbansoul-API/controller/product.go:20:6 Product_Model redeclared in this block
2025-10-25 10:55:16.069 [info] 
2025-10-25 10:55:47.075 [info] Running checks...
2025-10-25 10:55:47.075 [info] Starting linting the current package at /home/bernio/urbansoul-API/controller
2025-10-25 10:55:47.192 [info] /home/bernio/urbansoul-API/controller>Finished running tool: /home/bernio/go/bin/staticcheck
2025-10-25 10:55:47.192 [info] 
2025-10-25 10:56:23.126 [info] Running checks...
2025-10-25 10:56:23.126 [info] Starting linting the current package at /home/bernio/urbansoul-API/controller
2025-10-25 10:56:23.241 [info] /home/bernio/urbansoul-API/controller>Finished running tool: /home/bernio/go/bin/staticcheck
2025-10-25 10:56:23.241 [info] 
2025-10-25 10:56:23.978 [info] Running checks...
2025-10-25 10:56:23.978 [info] Starting linting the current package at /home/bernio/urbansoul-API/controller
2025-10-25 10:56:24.069 [info] /home/bernio/urbansoul-API/controller>Finished running tool: /home/bernio/go/bin/staticcheck
2025-10-25 10:56:24.069 [info] 
2025-10-25 10:56:26.170 [info] Running checks...
2025-10-25 10:56:26.170 [info] Starting linting the current package at /home/bernio/urbansoul-API/controller
2025-10-25 10:56:26.286 [info] /home/bernio/urbansoul-API/controller>Finished running tool: /home/bernio/go/bin/staticcheck
2025-10-25 10:56:26.286 [info] 
2025-10-25 10:57:09.097 [info] Running checks...
2025-10-25 10:57:09.097 [info] Starting linting the current package at /home/bernio/urbansoul-API/controller
2025-10-25 10:57:09.213 [info] /home/bernio/urbansoul-API/controller>Finished running tool: /home/bernio/go/bin/staticcheck
2025-10-25 10:57:09.213 [info] 
2025-10-25 11:07:33.871 [info] Running checks...
2025-10-25 11:07:33.871 [info] Starting linting the current package at /home/bernio/urbansoul-API/controller
2025-10-25 11:07:33.992 [info] /home/bernio/urbansoul-API/controller>Finished running tool: /home/bernio/go/bin/staticcheck
2025-10-25 11:07:33.992 [info] 
2025-10-25 11:08:16.566 [info] Running checks...
2025-10-25 11:08:16.566 [info] Starting linting the current package at /home/bernio/urbansoul-API/controller
2025-10-25 11:08:16.687 [info] /home/bernio/urbansoul-API/controller>Finished running tool: /home/bernio/go/bin/staticcheck
2025-10-25 11:08:16.687 [info] 
2025-10-25 11:08:22.725 [info] Running checks...
2025-10-25 11:08:22.725 [info] Starting linting the current package at /home/bernio/urbansoul-API/controller
2025-10-25 11:08:22.845 [info] /home/bernio/urbansoul-API/controller>Finished running tool: /home/bernio/go/bin/staticcheck
2025-10-25 11:08:22.845 [info] 
2025-10-25 11:10:08.765 [info] Running checks...
2025-10-25 11:10:08.765 [info] Starting linting the current package at /home/bernio/urbansoul-API/controller
2025-10-25 11:10:08.885 [info] /home/bernio/urbansoul-API/controller>Finished running tool: /home/bernio/go/bin/staticcheck
2025-10-25 11:10:08.885 [info] 
2025-10-25 11:10:14.967 [info] Running checks...
2025-10-25 11:10:14.967 [info] Starting linting the current package at /home/bernio/urbansoul-API/controller
2025-10-25 11:10:15.056 [info] /home/bernio/urbansoul-API/controller>Finished running tool: /home/bernio/go/bin/staticcheck
2025-10-25 11:10:15.056 [info] 
2025-10-25 11:11:49.015 [info] Running checks...
2025-10-25 11:11:49.015 [info] Starting linting the current package at /home/bernio/urbansoul-API/controller
2025-10-25 11:11:49.101 [info] /home/bernio/urbansoul-API/controller>Finished running tool: /home/bernio/go/bin/staticcheck
2025-10-25 11:11:49.101 [info] /home/bernio/urbansoul-API/controller/product.go:70:6 declared and not used: i
2025-10-25 11:11:49.101 [info] /home/bernio/urbansoul-API/controller/product.go:84:21 undefined: p
2025-10-25 11:11:49.101 [info] /home/bernio/urbansoul-API/controller/product.go:105:28 undefined: p (compile)
2025-10-25 11:11:49.101 [info] 
2025-10-25 11:12:22.096 [info] Running checks...
2025-10-25 11:12:22.096 [info] Starting linting the current package at /home/bernio/urbansoul-API/controller
2025-10-25 11:12:22.183 [info] /home/bernio/urbansoul-API/controller>Finished running tool: /home/bernio/go/bin/staticcheck
2025-10-25 11:12:22.183 [info] /home/bernio/urbansoul-API/controller/product.go:71:6 declared and not used: i
2025-10-25 11:12:22.183 [info] /home/bernio/urbansoul-API/controller/product.go:85:21 undefined: p
2025-10-25 11:12:22.183 [info] /home/bernio/urbansoul-API/controller/product.go:106:28 undefined: p (compile)
2025-10-25 11:12:22.183 [info] 
2025-10-25 11:12:22.543 [info] Running checks...
2025-10-25 11:12:22.543 [info] Starting linting the current package at /home/bernio/urbansoul-API/controller
2025-10-25 11:12:22.624 [info] /home/bernio/urbansoul-API/controller>Finished running tool: /home/bernio/go/bin/staticcheck
2025-10-25 11:12:22.624 [info] /home/bernio/urbansoul-API/controller/product.go:71:6 declared and not used: i
2025-10-25 11:12:22.624 [info] /home/bernio/urbansoul-API/controller/product.go:85:21 undefined: p
2025-10-25 11:12:22.624 [info] /home/bernio/urbansoul-API/controller/product.go:106:28 undefined: p (compile)
2025-10-25 11:12:22.624 [info] 
2025-10-25 11:12:56.926 [info] Running checks...
2025-10-25 11:12:56.926 [info] Starting linting the current package at /home/bernio/urbansoul-API/controller
2025-10-25 11:12:57.049 [info] /home/bernio/urbansoul-API/controller>Finished running tool: /home/bernio/go/bin/staticcheck
2025-10-25 11:12:57.049 [info] 
2025-10-25 11:13:06.633 [info] Running checks...
2025-10-25 11:13:06.633 [info] Starting linting the current package at /home/bernio/urbansoul-API/models
2025-10-25 11:13:06.667 [info] /home/bernio/urbansoul-API/models>Finished running tool: /home/bernio/go/bin/staticcheck
2025-10-25 11:13:06.667 [info] 
2025-10-25 11:13:07.580 [info] Running checks...
2025-10-25 11:13:07.580 [info] Starting linting the current package at /home/bernio/urbansoul-API/models
2025-10-25 11:13:07.617 [info] /home/bernio/urbansoul-API/models>Finished running tool: /home/bernio/go/bin/staticcheck
2025-10-25 11:13:07.617 [info] 
2025-10-25 11:13:07.802 [info] Running checks...
2025-10-25 11:13:07.802 [info] Starting linting the current package at /home/bernio/urbansoul-API/models
2025-10-25 11:13:07.834 [info] /home/bernio/urbansoul-API/models>Finished running tool: /home/bernio/go/bin/staticcheck
2025-10-25 11:13:07.834 [info] 
2025-10-25 11:13:32.613 [info] Running checks...
2025-10-25 11:13:32.614 [info] Starting linting the current package at /home/bernio/urbansoul-API
2025-10-25 11:13:32.798 [info] /home/bernio/urbansoul-API>Finished running tool: /home/bernio/go/bin/staticcheck
2025-10-25 11:13:32.798 [info] 
2025-10-25 11:13:39.778 [info] Running checks...
2025-10-25 11:13:39.779 [info] Starting linting the current package at /home/bernio/urbansoul-API
2025-10-25 11:13:39.939 [info] /home/bernio/urbansoul-API>Finished running tool: /home/bernio/go/bin/staticcheck
2025-10-25 11:13:39.939 [info] 
2025-10-25 11:13:43.043 [info] Running checks...
2025-10-25 11:13:43.043 [info] Starting linting the current package at /home/bernio/urbansoul-API
2025-10-25 11:13:43.139 [info] /home/bernio/urbansoul-API>Finished running tool: /home/bernio/go/bin/staticcheck
2025-10-25 11:13:43.139 [info] 
2025-10-25 11:13:43.188 [info] Running checks...
2025-10-25 11:13:43.188 [info] Starting linting the current package at /home/bernio/urbansoul-API
2025-10-25 11:13:43.278 [info] /home/bernio/urbansoul-API>Finished running tool: /home/bernio/go/bin/staticcheck
2025-10-25 11:13:43.278 [info] 
2025-10-25 11:15:10.329 [info] Running checks...
2025-10-25 11:15:10.329 [info] Starting linting the current package at /home/bernio/urbansoul-API/controller
2025-10-25 11:15:10.452 [info] /home/bernio/urbansoul-API/controller>Finished running tool: /home/bernio/go/bin/staticcheck
2025-10-25 11:15:10.452 [info] 
2025-10-25 11:16:16.684 [info] Running checks...
2025-10-25 11:16:16.684 [info] Starting linting the current package at /home/bernio/urbansoul-API/controller
2025-10-25 11:16:16.806 [info] /home/bernio/urbansoul-API/controller>Finished running tool: /home/bernio/go/bin/staticcheck
2025-10-25 11:16:16.806 [info] 
2025-10-25 11:16:19.546 [info] Running checks...
2025-10-25 11:16:19.546 [info] Starting linting the current package at /home/bernio/urbansoul-API/controller
2025-10-25 11:16:19.639 [info] /home/bernio/urbansoul-API/controller>Finished running tool: /home/bernio/go/bin/staticcheck
2025-10-25 11:16:19.639 [info] 
2025-10-25 11:17:01.987 [info] Running checks...
2025-10-25 11:17:01.987 [info] Starting linting the current package at /home/bernio/urbansoul-API/controller
2025-10-25 11:17:02.106 [info] /home/bernio/urbansoul-API/controller>Finished running tool: /home/bernio/go/bin/staticcheck
2025-10-25 11:17:02.106 [info] 
2025-10-25 11:17:02.406 [info] Running checks...
2025-10-25 11:17:02.406 [info] Starting linting the current package at /home/bernio/urbansoul-API/controller
2025-10-25 11:17:02.491 [info] /home/bernio/urbansoul-API/controller>Finished running tool: /home/bernio/go/bin/staticcheck
2025-10-25 11:17:02.491 [info] 
2025-10-25 11:17:02.575 [info] Running checks...
2025-10-25 11:17:02.575 [info] Starting linting the current package at /home/bernio/urbansoul-API/controller
2025-10-25 11:17:02.656 [info] /home/bernio/urbansoul-API/controller>Finished running tool: /home/bernio/go/bin/staticcheck
2025-10-25 11:17:02.656 [info] 
2025-10-25 11:17:39.324 [info] Running checks...
2025-10-25 11:17:39.324 [info] Starting linting the current package at /home/bernio/urbansoul-API/controller
2025-10-25 11:17:39.417 [info] /home/bernio/urbansoul-API/controller>Finished running tool: /home/bernio/go/bin/staticcheck
2025-10-25 11:17:39.417 [info] 
2025-10-25 11:17:53.395 [info] Running checks...
2025-10-25 11:17:53.395 [info] Starting linting the current package at /home/bernio/urbansoul-API/controller
2025-10-25 11:17:53.483 [info] /home/bernio/urbansoul-API/controller>Finished running tool: /home/bernio/go/bin/staticcheck
2025-10-25 11:17:53.483 [info] 
2025-10-25 11:17:57.777 [info] Running checks...
2025-10-25 11:17:57.778 [info] Starting linting the current package at /home/bernio/urbansoul-API/controller
2025-10-25 11:17:57.868 [info] /home/bernio/urbansoul-API/controller>Finished running tool: /home/bernio/go/bin/staticcheck
2025-10-25 11:17:57.868 [info] 
2025-10-25 11:19:59.956 [info] Running checks...
2025-10-25 11:19:59.956 [info] Starting linting the current package at /home/bernio/urbansoul-API/controller
2025-10-25 11:20:00.049 [info] /home/bernio/urbansoul-API/controller>Finished running tool: /home/bernio/go/bin/staticcheck
2025-10-25 11:20:00.049 [info] /home/bernio/urbansoul-API/controller/customers.go:51:6 GetCustomerByID redeclared in this block
2025-10-25 11:20:00.049 [info] 
2025-10-25 11:21:51.419 [info] Running checks...
2025-10-25 11:21:51.419 [info] Starting linting the current package at /home/bernio/urbansoul-API/controller
2025-10-25 11:21:51.503 [info] /home/bernio/urbansoul-API/controller>Finished running tool: /home/bernio/go/bin/staticcheck
2025-10-25 11:21:51.503 [info] /home/bernio/urbansoul-API/controller/customers.go:56:6 GetCustomerByID redeclared in this block
2025-10-25 11:21:51.503 [info] 
2025-10-25 11:23:51.993 [info] Running checks...
2025-10-25 11:23:51.993 [info] Starting linting the current package at /home/bernio/urbansoul-API/controller
2025-10-25 11:23:52.077 [info] /home/bernio/urbansoul-API/controller>Finished running tool: /home/bernio/go/bin/staticcheck
2025-10-25 11:23:52.077 [info] /home/bernio/urbansoul-API/controller/customers.go:56:6 GetCustomerByID redeclared in this block
2025-10-25 11:23:52.077 [info] 
2025-10-25 11:24:02.864 [info] Running checks...
2025-10-25 11:24:02.864 [info] Starting linting the current package at /home/bernio/urbansoul-API/controller
2025-10-25 11:24:02.986 [info] /home/bernio/urbansoul-API/controller>Finished running tool: /home/bernio/go/bin/staticcheck
2025-10-25 11:24:02.986 [info] 
2025-10-25 11:24:22.189 [info] Running checks...
2025-10-25 11:24:22.189 [info] Starting linting the current package at /home/bernio/urbansoul-API/controller
2025-10-25 11:24:22.313 [info] /home/bernio/urbansoul-API/controller>Finished running tool: /home/bernio/go/bin/staticcheck
2025-10-25 11:24:22.313 [info] 
2025-10-25 11:25:18.607 [info] Running checks...
2025-10-25 11:25:18.607 [info] Starting linting the current package at /home/bernio/urbansoul-API/controller
2025-10-25 11:25:18.692 [info] /home/bernio/urbansoul-API/controller>Finished running tool: /home/bernio/go/bin/staticcheck
2025-10-25 11:25:18.692 [info] /home/bernio/urbansoul-API/controller/comments.go:1:1 expected 'package', found 'EOF' (compile)
2025-10-25 11:25:18.692 [info] 
2025-10-25 11:25:29.986 [info] Running checks...
2025-10-25 11:25:29.986 [info] Starting linting the current package at /home/bernio/urbansoul-API/controller
2025-10-25 11:25:30.105 [info] /home/bernio/urbansoul-API/controller>Finished running tool: /home/bernio/go/bin/staticcheck
2025-10-25 11:25:30.105 [info] 
2025-10-25 11:25:30.264 [info] Running checks...
2025-10-25 11:25:30.264 [info] Starting linting the current package at /home/bernio/urbansoul-API/controller
2025-10-25 11:25:30.354 [info] /home/bernio/urbansoul-API/controller>Finished running tool: /home/bernio/go/bin/staticcheck
2025-10-25 11:25:30.354 [info] 
2025-10-25 11:26:07.678 [info] Running checks...
2025-10-25 11:26:07.678 [info] Starting linting the current package at /home/bernio/urbansoul-API/controller
2025-10-25 11:26:07.760 [info] /home/bernio/urbansoul-API/controller>Finished running tool: /home/bernio/go/bin/staticcheck
2025-10-25 11:26:07.760 [info] /home/bernio/urbansoul-API/controller/comments.go:23:6 declared and not used: cInput
2025-10-25 11:26:07.760 [info] /home/bernio/urbansoul-API/controller/comments.go:27:25 undefined: cinput
2025-10-25 11:26:07.760 [info] /home/bernio/urbansoul-API/controller/comments.go:28:6 no new variables on left side of :=
2025-10-25 11:26:07.760 [info] /home/bernio/urbansoul-API/controller/comments.go:39:33 undefined: input (compile)
2025-10-25 11:26:07.760 [info] 
2025-10-25 11:26:50.308 [info] Running checks...
2025-10-25 11:26:50.308 [info] Starting linting the current package at /home/bernio/urbansoul-API/models
2025-10-25 11:26:50.369 [info] /home/bernio/urbansoul-API/models>Finished running tool: /home/bernio/go/bin/staticcheck
2025-10-25 11:26:50.369 [info] 
2025-10-25 11:27:04.192 [info] Running checks...
2025-10-25 11:27:04.192 [info] Starting linting the current package at /home/bernio/urbansoul-API/controller
2025-10-25 11:27:04.313 [info] /home/bernio/urbansoul-API/controller>Finished running tool: /home/bernio/go/bin/staticcheck
2025-10-25 11:27:04.313 [info] 
2025-10-25 11:35:29.569 [info] Running checks...
2025-10-25 11:35:29.569 [info] Starting linting the current package at /home/bernio/urbansoul-API/controller
2025-10-25 11:35:29.695 [info] /home/bernio/urbansoul-API/controller>Finished running tool: /home/bernio/go/bin/staticcheck
2025-10-25 11:35:29.695 [info] 
2025-10-25 11:35:30.102 [info] Running checks...
2025-10-25 11:35:30.102 [info] Starting linting the current package at /home/bernio/urbansoul-API/controller
2025-10-25 11:35:30.198 [info] /home/bernio/urbansoul-API/controller>Finished running tool: /home/bernio/go/bin/staticcheck
2025-10-25 11:35:30.198 [info] 
2025-10-25 11:35:30.293 [info] Running checks...
2025-10-25 11:35:30.293 [info] Starting linting the current package at /home/bernio/urbansoul-API/controller
2025-10-25 11:35:30.376 [info] /home/bernio/urbansoul-API/controller>Finished running tool: /home/bernio/go/bin/staticcheck
2025-10-25 11:35:30.376 [info] 
2025-10-25 11:35:37.895 [info] Running checks...
2025-10-25 11:35:37.895 [info] Starting linting the current package at /home/bernio/urbansoul-API/controller
2025-10-25 11:35:38.025 [info] /home/bernio/urbansoul-API/controller>Finished running tool: /home/bernio/go/bin/staticcheck
2025-10-25 11:35:38.025 [info] 
2025-10-25 11:35:55.888 [info] Running checks...
2025-10-25 11:35:55.888 [info] Starting linting the current package at /home/bernio/urbansoul-API/controller
2025-10-25 11:35:56.015 [info] /home/bernio/urbansoul-API/controller>Finished running tool: /home/bernio/go/bin/staticcheck
2025-10-25 11:35:56.015 [info] 
2025-10-25 11:36:23.068 [info] Running checks...
2025-10-25 11:36:23.068 [info] Starting linting the current package at /home/bernio/urbansoul-API
2025-10-25 11:36:23.194 [info] /home/bernio/urbansoul-API>Finished running tool: /home/bernio/go/bin/staticcheck
2025-10-25 11:36:23.194 [info] 
2025-10-25 11:37:27.010 [info] Running checks...
2025-10-25 11:37:27.010 [info] Starting linting the current package at /home/bernio/urbansoul-API/controller
2025-10-25 11:37:27.131 [info] /home/bernio/urbansoul-API/controller>Finished running tool: /home/bernio/go/bin/staticcheck
2025-10-25 11:37:27.131 [info] 
2025-10-25 11:37:38.521 [info] Running checks...
2025-10-25 11:37:38.521 [info] Starting linting the current package at /home/bernio/urbansoul-API
2025-10-25 11:37:38.643 [info] /home/bernio/urbansoul-API>Finished running tool: /home/bernio/go/bin/staticcheck
2025-10-25 11:37:38.643 [info] 
2025-10-25 11:38:36.666 [info] Running checks...
2025-10-25 11:38:36.666 [info] Starting linting the current package at /home/bernio/urbansoul-API/controller
2025-10-25 11:38:36.823 [info] /home/bernio/urbansoul-API/controller>Finished running tool: /home/bernio/go/bin/staticcheck
2025-10-25 11:38:36.823 [info] 
2025-10-25 11:38:37.051 [info] Running checks...
2025-10-25 11:38:37.051 [info] Starting linting the current package at /home/bernio/urbansoul-API/controller
2025-10-25 11:38:37.138 [info] /home/bernio/urbansoul-API/controller>Finished running tool: /home/bernio/go/bin/staticcheck
2025-10-25 11:38:37.138 [info] 
2025-10-25 11:39:11.271 [info] Running checks...
2025-10-25 11:39:11.271 [info] Starting linting the current package at /home/bernio/urbansoul-API/controller
2025-10-25 11:39:11.389 [info] /home/bernio/urbansoul-API/controller>Finished running tool: /home/bernio/go/bin/staticcheck
2025-10-25 11:39:11.389 [info] 
2025-10-25 11:39:31.322 [info] Running checks...
2025-10-25 11:39:31.322 [info] Starting linting the current package at /home/bernio/urbansoul-API/controller
2025-10-25 11:39:31.444 [info] /home/bernio/urbansoul-API/controller>Finished running tool: /home/bernio/go/bin/staticcheck
2025-10-25 11:39:31.444 [info] 
2025-10-25 11:39:38.757 [info] Running checks...
2025-10-25 11:39:38.757 [info] Starting linting the current package at /home/bernio/urbansoul-API/controller
2025-10-25 11:39:38.842 [info] /home/bernio/urbansoul-API/controller>Finished running tool: /home/bernio/go/bin/staticcheck
2025-10-25 11:39:38.842 [info] 
2025-10-25 11:39:49.430 [info] Running checks...
2025-10-25 11:39:49.430 [info] Starting linting the current package at /home/bernio/urbansoul-API/controller
2025-10-25 11:39:49.553 [info] /home/bernio/urbansoul-API/controller>Finished running tool: /home/bernio/go/bin/staticcheck
2025-10-25 11:39:49.553 [info] 
2025-10-25 11:40:05.338 [info] Running checks...
2025-10-25 11:40:05.338 [info] Starting linting the current package at /home/bernio/urbansoul-API/controller
2025-10-25 11:40:05.462 [info] /home/bernio/urbansoul-API/controller>Finished running tool: /home/bernio/go/bin/staticcheck
2025-10-25 11:40:05.462 [info] 
2025-10-25 11:41:13.894 [info] Running checks...
2025-10-25 11:41:13.894 [info] Starting linting the current package at /home/bernio/urbansoul-API/controller
2025-10-25 11:41:14.022 [info] /home/bernio/urbansoul-API/controller>Finished running tool: /home/bernio/go/bin/staticcheck
2025-10-25 11:41:14.022 [info] 
2025-10-25 11:41:41.145 [info] Running checks...
2025-10-25 11:41:41.145 [info] Starting linting the current package at /home/bernio/urbansoul-API/controller
2025-10-25 11:41:41.230 [info] /home/bernio/urbansoul-API/controller>Finished running tool: /home/bernio/go/bin/staticcheck
2025-10-25 11:41:41.230 [info] 
2025-10-25 11:41:41.913 [info] Running checks...
2025-10-25 11:41:41.913 [info] Starting linting the current package at /home/bernio/urbansoul-API/controller
2025-10-25 11:41:42.001 [info] /home/bernio/urbansoul-API/controller>Finished running tool: /home/bernio/go/bin/staticcheck
2025-10-25 11:41:42.001 [info] 
2025-10-25 11:41:54.506 [info] Running checks...
2025-10-25 11:41:54.506 [info] Starting linting the current package at /home/bernio/urbansoul-API/controller
2025-10-25 11:41:54.632 [info] /home/bernio/urbansoul-API/controller>Finished running tool: /home/bernio/go/bin/staticcheck
2025-10-25 11:41:54.632 [info] 
2025-10-25 11:42:06.277 [info] Running checks...
2025-10-25 11:42:06.277 [info] Starting linting the current package at /home/bernio/urbansoul-API/controller
2025-10-25 11:42:06.399 [info] /home/bernio/urbansoul-API/controller>Finished running tool: /home/bernio/go/bin/staticcheck
2025-10-25 11:42:06.399 [info] 
2025-10-25 11:42:45.832 [info] Running checks...
2025-10-25 11:42:45.832 [info] Starting linting the current package at /home/bernio/urbansoul-API/controller
2025-10-25 11:42:45.915 [info] /home/bernio/urbansoul-API/controller>Finished running tool: /home/bernio/go/bin/staticcheck
2025-10-25 11:42:45.915 [info] 
2025-10-25 11:42:45.975 [info] Running checks...
2025-10-25 11:42:45.975 [info] Starting linting the current package at /home/bernio/urbansoul-API/controller
2025-10-25 11:42:46.060 [info] /home/bernio/urbansoul-API/controller>Finished running tool: /home/bernio/go/bin/staticcheck
2025-10-25 11:42:46.060 [info] 
2025-10-25 11:44:45.473 [info] Running checks...
2025-10-25 11:44:45.474 [info] Starting linting the current package at /home/bernio/urbansoul-API/models
2025-10-25 11:44:45.512 [info] /home/bernio/urbansoul-API/models>Finished running tool: /home/bernio/go/bin/staticcheck
2025-10-25 11:44:45.512 [info] 
2025-10-25 11:44:47.642 [info] Running checks...
2025-10-25 11:44:47.642 [info] Starting linting the current package at /home/bernio/urbansoul-API/controller
2025-10-25 11:44:47.806 [info] /home/bernio/urbansoul-API/controller>Finished running tool: /home/bernio/go/bin/staticcheck
2025-10-25 11:44:47.806 [info] 
2025-10-25 11:45:07.946 [info] Running checks...
2025-10-25 11:45:07.946 [info] Starting linting the current package at /home/bernio/urbansoul-API/controller
2025-10-25 11:45:08.069 [info] /home/bernio/urbansoul-API/controller>Finished running tool: /home/bernio/go/bin/staticcheck
2025-10-25 11:45:08.069 [info] 
2025-10-25 11:45:12.563 [info] Running checks...
2025-10-25 11:45:12.563 [info] Starting linting the current package at /home/bernio/urbansoul-API/controller
2025-10-25 11:45:12.689 [info] /home/bernio/urbansoul-API/controller>Finished running tool: /home/bernio/go/bin/staticcheck
2025-10-25 11:45:12.689 [info] 
2025-10-25 11:45:18.162 [info] Running checks...
2025-10-25 11:45:18.162 [info] Starting linting the current package at /home/bernio/urbansoul-API/models
2025-10-25 11:45:18.224 [info] /home/bernio/urbansoul-API/models>Finished running tool: /home/bernio/go/bin/staticcheck
2025-10-25 11:45:18.224 [info] 
2025-10-25 11:45:20.059 [info] Running checks...
2025-10-25 11:45:20.059 [info] Starting linting the current package at /home/bernio/urbansoul-API/models
2025-10-25 11:45:20.098 [info] /home/bernio/urbansoul-API/models>Finished running tool: /home/bernio/go/bin/staticcheck
2025-10-25 11:45:20.098 [info] 
2025-10-25 11:46:28.302 [info] Running checks...
2025-10-25 11:46:28.302 [info] Starting linting the current package at /home/bernio/urbansoul-API/controller
2025-10-25 11:46:28.430 [info] /home/bernio/urbansoul-API/controller>Finished running tool: /home/bernio/go/bin/staticcheck
2025-10-25 11:46:28.430 [info] 
2025-10-25 11:46:36.544 [info] Running checks...
2025-10-25 11:46:36.544 [info] Starting linting the current package at /home/bernio/urbansoul-API/controller
2025-10-25 11:46:36.631 [info] /home/bernio/urbansoul-API/controller>Finished running tool: /home/bernio/go/bin/staticcheck
2025-10-25 11:46:36.631 [info] 
2025-10-25 11:46:46.388 [info] Running checks...
2025-10-25 11:46:46.388 [info] Starting linting the current package at /home/bernio/urbansoul-API/controller
2025-10-25 11:46:46.516 [info] /home/bernio/urbansoul-API/controller>Finished running tool: /home/bernio/go/bin/staticcheck
2025-10-25 11:46:46.516 [info] 
2025-10-25 11:49:44.080 [info] Running checks...
2025-10-25 11:49:44.080 [info] Starting linting the current package at /home/bernio/urbansoul-API/controller
2025-10-25 11:49:44.211 [info] /home/bernio/urbansoul-API/controller>Finished running tool: /home/bernio/go/bin/staticcheck
2025-10-25 11:49:44.211 [info] 
2025-10-25 11:49:44.791 [info] Running checks...
2025-10-25 11:49:44.791 [info] Starting linting the current package at /home/bernio/urbansoul-API/controller
2025-10-25 11:49:44.922 [info] /home/bernio/urbansoul-API/controller>Finished running tool: /home/bernio/go/bin/staticcheck
2025-10-25 11:49:44.922 [info] 
2025-10-25 11:50:07.052 [info] Running checks...
2025-10-25 11:50:07.052 [info] Starting linting the current package at /home/bernio/urbansoul-API/controller
2025-10-25 11:50:07.147 [info] /home/bernio/urbansoul-API/controller>Finished running tool: /home/bernio/go/bin/staticcheck
2025-10-25 11:50:07.147 [info] 
2025-10-25 11:51:12.851 [info] Running checks...
2025-10-25 11:51:12.851 [info] Starting linting the current package at /home/bernio/urbansoul-API
2025-10-25 11:51:12.974 [info] /home/bernio/urbansoul-API>Finished running tool: /home/bernio/go/bin/staticcheck
2025-10-25 11:51:12.974 [info] 
2025-10-25 11:51:14.244 [info] Running checks...
2025-10-25 11:51:14.244 [info] Starting linting the current package at /home/bernio/urbansoul-API
2025-10-25 11:51:14.367 [info] /home/bernio/urbansoul-API>Finished running tool: /home/bernio/go/bin/staticcheck
2025-10-25 11:51:14.367 [info] 
2025-10-25 11:51:15.384 [info] Running checks...
2025-10-25 11:51:15.384 [info] Starting linting the current package at /home/bernio/urbansoul-API
2025-10-25 11:51:15.484 [info] /home/bernio/urbansoul-API>Finished running tool: /home/bernio/go/bin/staticcheck
2025-10-25 11:51:15.484 [info] 
2025-10-25 11:51:27.098 [info] Running checks...
2025-10-25 11:51:27.098 [info] Starting linting the current package at /home/bernio/urbansoul-API
2025-10-25 11:51:27.223 [info] /home/bernio/urbansoul-API>Finished running tool: /home/bernio/go/bin/staticcheck
2025-10-25 11:51:27.223 [info] 
2025-10-25 11:52:44.585 [info] Running checks...
2025-10-25 11:52:44.585 [info] Starting linting the current package at /home/bernio/urbansoul-API/controller
2025-10-25 11:52:44.706 [info] /home/bernio/urbansoul-API/controller>Finished running tool: /home/bernio/go/bin/staticcheck
2025-10-25 11:52:44.706 [info] 
2025-10-25 11:53:39.016 [info] Running checks...
2025-10-25 11:53:39.017 [info] Starting linting the current package at /home/bernio/urbansoul-API/controller
2025-10-25 11:53:39.143 [info] /home/bernio/urbansoul-API/controller>Finished running tool: /home/bernio/go/bin/staticcheck
2025-10-25 11:53:39.143 [info] 
2025-10-25 11:54:13.206 [info] Running checks...
2025-10-25 11:54:13.206 [info] Starting linting the current package at /home/bernio/urbansoul-API/controller
2025-10-25 11:54:13.328 [info] /home/bernio/urbansoul-API/controller>Finished running tool: /home/bernio/go/bin/staticcheck
2025-10-25 11:54:13.328 [info] 
2025-10-25 11:54:29.949 [info] Running checks...
2025-10-25 11:54:29.949 [info] Starting linting the current package at /home/bernio/urbansoul-API/controller
2025-10-25 11:54:30.071 [info] /home/bernio/urbansoul-API/controller>Finished running tool: /home/bernio/go/bin/staticcheck
2025-10-25 11:54:30.071 [info] 
2025-10-25 11:54:30.335 [info] Running checks...
2025-10-25 11:54:30.335 [info] Starting linting the current package at /home/bernio/urbansoul-API/controller
2025-10-25 11:54:30.429 [info] /home/bernio/urbansoul-API/controller>Finished running tool: /home/bernio/go/bin/staticcheck
2025-10-25 11:54:30.429 [info] 
2025-10-25 11:54:57.328 [info] Running checks...
2025-10-25 11:54:57.328 [info] Starting linting the current package at /home/bernio/urbansoul-API/controller
2025-10-25 11:54:57.457 [info] /home/bernio/urbansoul-API/controller>Finished running tool: /home/bernio/go/bin/staticcheck
2025-10-25 11:54:57.457 [info] 
2025-10-25 11:54:57.463 [info] Running checks...
2025-10-25 11:54:57.463 [info] Starting linting the current package at /home/bernio/urbansoul-API/controller
2025-10-25 11:54:57.544 [info] /home/bernio/urbansoul-API/controller>Finished running tool: /home/bernio/go/bin/staticcheck
2025-10-25 11:54:57.544 [info] 
2025-10-25 11:55:20.361 [info] Running checks...
2025-10-25 11:55:20.361 [info] Starting linting the current package at /home/bernio/urbansoul-API/controller
2025-10-25 11:55:20.448 [info] /home/bernio/urbansoul-API/controller>Finished running tool: /home/bernio/go/bin/staticcheck
2025-10-25 11:55:20.448 [info] 
2025-10-25 11:55:20.504 [info] Running checks...
2025-10-25 11:55:20.504 [info] Starting linting the current package at /home/bernio/urbansoul-API/controller
2025-10-25 11:55:20.593 [info] /home/bernio/urbansoul-API/controller>Finished running tool: /home/bernio/go/bin/staticcheck
2025-10-25 11:55:20.593 [info] 
2025-10-25 11:55:20.656 [info] Running checks...
2025-10-25 11:55:20.656 [info] Starting linting the current package at /home/bernio/urbansoul-API/controller
2025-10-25 11:55:20.735 [info] /home/bernio/urbansoul-API/controller>Finished running tool: /home/bernio/go/bin/staticcheck
2025-10-25 11:55:20.735 [info] 
2025-10-25 11:57:07.394 [info] Running checks...
2025-10-25 11:57:07.394 [info] Starting linting the current package at /home/bernio/urbansoul-API/controller
2025-10-25 11:57:07.492 [info] /home/bernio/urbansoul-API/controller>Finished running tool: /home/bernio/go/bin/staticcheck
2025-10-25 11:57:07.492 [info] 
