2025-10-23 21:11:31.048 [info] [main] Log level: Info
2025-10-23 21:11:31.048 [info] [main] Validating found git in: "git"
2025-10-23 21:11:31.048 [info] [main] Using git "2.51.1" from "git"
2025-10-23 21:11:31.048 [info] [Model][doInitialScan] Initial repository scan started
2025-10-23 21:11:31.048 [info] > git rev-parse --show-toplevel [6ms]
2025-10-23 21:11:31.048 [info] > git rev-parse --git-dir --git-common-dir --show-superproject-working-tree [2ms]
2025-10-23 21:11:31.048 [info] [Model][openRepository] Opened repository (path): /home/bernio/urbansoul-API
2025-10-23 21:11:31.048 [info] [Model][openRepository] Opened repository (real path): /home/bernio/urbansoul-API
2025-10-23 21:11:31.048 [info] [Model][openRepository] Opened repository (kind): repository
2025-10-23 21:11:31.048 [info] > git rev-parse --show-toplevel [1ms]
2025-10-23 21:11:31.048 [info] > git config --get commit.template [5ms]
2025-10-23 21:11:31.048 [info] > git for-each-ref --format=%(refname)%00%(upstream:short)%00%(objectname)%00%(upstream:track)%00%(upstream:remotename)%00%(upstream:remoteref) refs/heads/main refs/remotes/main [7ms]
2025-10-23 21:11:31.048 [info] > git rev-parse --show-toplevel [10ms]
2025-10-23 21:11:31.048 [info] > git rev-parse --show-toplevel [2ms]
2025-10-23 21:11:31.048 [info] [Model][doInitialScan] Initial repository scan completed - repositories (1), closed repositories (0), parent repositories (0), unsafe repositories (0)
2025-10-23 21:11:31.048 [info] > git status -z -uall [4ms]
2025-10-23 21:11:31.048 [info] > git for-each-ref --sort -committerdate --format %(refname)%00%(objectname)%00%(*objectname) [3ms]
2025-10-23 21:11:31.048 [info] > git for-each-ref --format=%(refname)%00%(upstream:short)%00%(objectname)%00%(upstream:track)%00%(upstream:remotename)%00%(upstream:remoteref) refs/heads/main refs/remotes/main [15ms]
2025-10-23 21:11:31.049 [info] > git config --get --local branch.main.vscode-merge-base [5ms]
2025-10-23 21:11:31.052 [info] > git config --get commit.template [4ms]
2025-10-23 21:11:31.124 [info] > git for-each-ref --format=%(refname)%00%(upstream:short)%00%(objectname)%00%(upstream:track)%00%(upstream:remotename)%00%(upstream:remoteref) refs/heads/origin/main refs/remotes/origin/main [72ms]
2025-10-23 21:11:31.146 [info] > git merge-base refs/heads/main refs/remotes/origin/main [19ms]
2025-10-23 21:11:31.150 [info] > git for-each-ref --format=%(refname)%00%(upstream:short)%00%(objectname)%00%(upstream:track)%00%(upstream:remotename)%00%(upstream:remoteref) refs/heads/main refs/remotes/main [27ms]
2025-10-23 21:11:31.162 [info] > git diff --name-status -z --diff-filter=ADMR 640541f8a493068d08540ee23e36170c28f44646...refs/remotes/origin/main [12ms]
2025-10-23 21:11:31.171 [info] > git status -z -uall [3ms]
2025-10-23 21:11:31.171 [info] > git for-each-ref --sort -committerdate --format %(refname)%00%(objectname)%00%(*objectname) [1ms]
2025-10-23 21:11:31.497 [info] > git check-ignore -v -z --stdin [1ms]
2025-10-23 21:11:46.448 [info] > git check-ignore -v -z --stdin [2ms]
2025-10-23 21:11:47.141 [info] > git show --textconv :models/customer.go [4ms]
2025-10-23 21:11:47.142 [info] > git ls-files --stage -- models/customer.go [1ms]
2025-10-23 21:11:47.146 [info] > git cat-file -s 163c92bb39a1fe7472b759f6e1084a900d332513 [1ms]
2025-10-23 21:11:51.907 [info] > git show --textconv :main.go [3ms]
2025-10-23 21:11:51.908 [info] > git ls-files --stage -- main.go [1ms]
2025-10-23 21:11:51.912 [info] > git cat-file -s 6bf0d90542fe61dfc3dabe5a6bbc7b3b9d389995 [1ms]
2025-10-23 21:11:54.361 [info] > git show --textconv :go.sum [3ms]
2025-10-23 21:11:54.362 [info] > git ls-files --stage -- go.sum [1ms]
2025-10-23 21:11:54.365 [info] > git cat-file -s 300f151417dde3e80ab50c24fed3f3de65ab454e [1ms]
2025-10-23 21:11:55.128 [info] > git show --textconv :go.mod [3ms]
2025-10-23 21:11:55.129 [info] > git ls-files --stage -- go.mod [1ms]
2025-10-23 21:11:55.133 [info] > git cat-file -s 3385c3f80283d6ba7c446bdae5e05f95ef687eb2 [1ms]
2025-10-23 21:11:56.338 [info] > git check-ignore -v -z --stdin [2ms]
2025-10-23 21:11:57.192 [info] > git show --textconv :database/database.go [4ms]
2025-10-23 21:11:57.193 [info] > git ls-files --stage -- database/database.go [1ms]
2025-10-23 21:11:57.197 [info] > git cat-file -s faa7364afc56e654c8f2d9ade13de93ffbf9ec08 [1ms]
2025-10-23 21:11:59.677 [info] > git show --textconv :models/customer.go [4ms]
2025-10-23 21:11:59.677 [info] > git ls-files --stage -- models/customer.go [1ms]
2025-10-23 21:11:59.681 [info] > git cat-file -s 163c92bb39a1fe7472b759f6e1084a900d332513 [1ms]
2025-10-23 21:12:00.807 [info] > git check-ignore -v -z --stdin [2ms]
2025-10-23 21:12:01.608 [info] > git show --textconv :controller/customers.go [3ms]
2025-10-23 21:12:01.608 [info] > git ls-files --stage -- controller/customers.go [0ms]
2025-10-23 21:12:01.612 [info] > git cat-file -s 43bc576fe344de78a23d3d8f4c18e4a4b55c8123 [1ms]
2025-10-23 21:12:12.221 [info] > git blame --root --incremental 640541f8a493068d08540ee23e36170c28f44646 -- controller/customers.go [41ms]
2025-10-23 21:12:59.510 [info] > git config --get commit.template [7ms]
2025-10-23 21:12:59.511 [info] > git for-each-ref --format=%(refname)%00%(upstream:short)%00%(objectname)%00%(upstream:track)%00%(upstream:remotename)%00%(upstream:remoteref) refs/heads/main refs/remotes/main [2ms]
2025-10-23 21:12:59.526 [info] > git status -z -uall [8ms]
2025-10-23 21:12:59.527 [info] > git for-each-ref --sort -committerdate --format %(refname)%00%(objectname)%00%(*objectname) [2ms]
2025-10-23 21:13:09.227 [info] > git config --get commit.template [5ms]
2025-10-23 21:13:09.228 [info] > git for-each-ref --format=%(refname)%00%(upstream:short)%00%(objectname)%00%(upstream:track)%00%(upstream:remotename)%00%(upstream:remoteref) refs/heads/main refs/remotes/main [2ms]
2025-10-23 21:13:09.242 [info] > git status -z -uall [7ms]
2025-10-23 21:13:09.243 [info] > git for-each-ref --sort -committerdate --format %(refname)%00%(objectname)%00%(*objectname) [2ms]
2025-10-23 21:13:21.412 [info] > git config --get commit.template [7ms]
2025-10-23 21:13:21.413 [info] > git for-each-ref --format=%(refname)%00%(upstream:short)%00%(objectname)%00%(upstream:track)%00%(upstream:remotename)%00%(upstream:remoteref) refs/heads/main refs/remotes/main [2ms]
2025-10-23 21:13:21.424 [info] > git status -z -uall [5ms]
2025-10-23 21:13:21.425 [info] > git for-each-ref --sort -committerdate --format %(refname)%00%(objectname)%00%(*objectname) [2ms]
2025-10-23 21:16:09.375 [info] > git check-ignore -v -z --stdin [2ms]
2025-10-23 21:16:09.941 [info] > git config --get commit.template [3ms]
2025-10-23 21:16:09.941 [info] > git for-each-ref --format=%(refname)%00%(upstream:short)%00%(objectname)%00%(upstream:track)%00%(upstream:remotename)%00%(upstream:remoteref) refs/heads/main refs/remotes/main [1ms]
2025-10-23 21:16:09.948 [info] > git status -z -uall [4ms]
2025-10-23 21:16:09.948 [info] > git for-each-ref --sort -committerdate --format %(refname)%00%(objectname)%00%(*objectname) [1ms]
2025-10-23 21:16:14.524 [info] > git show --textconv :repository/customers.go [10ms]
2025-10-23 21:16:14.530 [info] > git ls-files --stage -- repository/customers.go [7ms]
2025-10-23 21:16:14.538 [info] > git hash-object -t tree /dev/null [8ms]
2025-10-23 21:16:14.539 [warning] [GitFileSystemProvider][readFile] File not found - git:/home/bernio/urbansoul-API/repository/customers.go.git?%7B%22path%22%3A%22%2Fhome%2Fbernio%2Furbansoul-API%2Frepository%2Fcustomers.go%22%2C%22ref%22%3A%22%22%7D
2025-10-23 21:16:14.541 [info] > git hash-object -t tree /dev/null [3ms]
2025-10-23 21:16:14.541 [warning] [GitFileSystemProvider][stat] File not found - git:/home/bernio/urbansoul-API/repository/customers.go.git?%7B%22path%22%3A%22%2Fhome%2Fbernio%2Furbansoul-API%2Frepository%2Fcustomers.go%22%2C%22ref%22%3A%22%22%7D
2025-10-23 21:16:14.556 [info] > git blame --root --incremental 640541f8a493068d08540ee23e36170c28f44646 -- repository/customers.go [1ms]
2025-10-23 21:16:14.556 [info] fatal: no such path repository/customers.go in 640541f8a493068d08540ee23e36170c28f44646
2025-10-23 21:16:14.782 [info] > git check-ignore -v -z --stdin [2ms]
2025-10-23 21:16:15.314 [info] > git config --get commit.template [1ms]
2025-10-23 21:16:15.317 [info] > git for-each-ref --format=%(refname)%00%(upstream:short)%00%(objectname)%00%(upstream:track)%00%(upstream:remotename)%00%(upstream:remoteref) refs/heads/main refs/remotes/main [1ms]
2025-10-23 21:16:15.324 [info] > git status -z -uall [3ms]
2025-10-23 21:16:15.325 [info] > git for-each-ref --sort -committerdate --format %(refname)%00%(objectname)%00%(*objectname) [1ms]
2025-10-23 21:16:18.577 [info] > git show --textconv :controller/customers.go [4ms]
2025-10-23 21:16:18.578 [info] > git ls-files --stage -- controller/customers.go [1ms]
2025-10-23 21:16:18.582 [info] > git cat-file -s 43bc576fe344de78a23d3d8f4c18e4a4b55c8123 [1ms]
2025-10-23 21:16:36.623 [info] > git show --textconv :models/customer.go [5ms]
2025-10-23 21:16:36.624 [info] > git ls-files --stage -- models/customer.go [2ms]
2025-10-23 21:16:36.667 [info] > git cat-file -s 163c92bb39a1fe7472b759f6e1084a900d332513 [2ms]
2025-10-23 21:16:37.732 [info] > git show --textconv :controller/customers.go [4ms]
2025-10-23 21:16:37.733 [info] > git ls-files --stage -- controller/customers.go [1ms]
2025-10-23 21:16:37.738 [info] > git cat-file -s 43bc576fe344de78a23d3d8f4c18e4a4b55c8123 [1ms]
2025-10-23 21:16:44.493 [info] > git show --textconv :models/customer.go [8ms]
2025-10-23 21:16:44.494 [info] > git ls-files --stage -- models/customer.go [3ms]
2025-10-23 21:16:44.501 [info] > git cat-file -s 163c92bb39a1fe7472b759f6e1084a900d332513 [2ms]
2025-10-23 21:16:46.783 [info] > git show --textconv :controller/customers.go [7ms]
2025-10-23 21:16:46.784 [info] > git ls-files --stage -- controller/customers.go [1ms]
2025-10-23 21:16:46.790 [info] > git cat-file -s 43bc576fe344de78a23d3d8f4c18e4a4b55c8123 [1ms]
2025-10-23 21:16:49.557 [info] > git show --textconv :models/customer.go [3ms]
2025-10-23 21:16:49.558 [info] > git ls-files --stage -- models/customer.go [2ms]
2025-10-23 21:16:49.599 [info] > git cat-file -s 163c92bb39a1fe7472b759f6e1084a900d332513 [1ms]
2025-10-23 21:16:51.824 [info] > git show --textconv :controller/customers.go [8ms]
2025-10-23 21:16:51.825 [info] > git ls-files --stage -- controller/customers.go [2ms]
2025-10-23 21:16:51.831 [info] > git cat-file -s 43bc576fe344de78a23d3d8f4c18e4a4b55c8123 [1ms]
2025-10-23 21:17:11.246 [info] > git show --textconv :models/customer.go [3ms]
2025-10-23 21:17:11.247 [info] > git ls-files --stage -- models/customer.go [1ms]
2025-10-23 21:17:11.250 [info] > git cat-file -s 163c92bb39a1fe7472b759f6e1084a900d332513 [1ms]
2025-10-23 21:17:14.025 [info] > git show --textconv :controller/customers.go [4ms]
2025-10-23 21:17:14.026 [info] > git ls-files --stage -- controller/customers.go [2ms]
2025-10-23 21:17:14.029 [info] > git cat-file -s 43bc576fe344de78a23d3d8f4c18e4a4b55c8123 [1ms]
2025-10-23 21:17:43.568 [info] > git config --get commit.template [7ms]
2025-10-23 21:17:43.570 [info] > git for-each-ref --format=%(refname)%00%(upstream:short)%00%(objectname)%00%(upstream:track)%00%(upstream:remotename)%00%(upstream:remoteref) refs/heads/main refs/remotes/main [2ms]
2025-10-23 21:17:43.583 [info] > git status -z -uall [7ms]
2025-10-23 21:17:43.585 [info] > git for-each-ref --sort -committerdate --format %(refname)%00%(objectname)%00%(*objectname) [3ms]
2025-10-23 21:17:54.744 [info] > git show --textconv :controller/customers.go [5ms]
2025-10-23 21:17:54.745 [info] > git ls-files --stage -- controller/customers.go [2ms]
2025-10-23 21:17:54.752 [info] > git cat-file -s 43bc576fe344de78a23d3d8f4c18e4a4b55c8123 [2ms]
2025-10-23 21:18:14.917 [info] > git config --get commit.template [1ms]
2025-10-23 21:18:14.920 [info] > git for-each-ref --format=%(refname)%00%(upstream:short)%00%(objectname)%00%(upstream:track)%00%(upstream:remotename)%00%(upstream:remoteref) refs/heads/main refs/remotes/main [0ms]
2025-10-23 21:18:14.927 [info] > git status -z -uall [4ms]
2025-10-23 21:18:14.927 [info] > git for-each-ref --sort -committerdate --format %(refname)%00%(objectname)%00%(*objectname) [1ms]
2025-10-23 21:18:32.250 [info] > git config --get commit.template [2ms]
2025-10-23 21:18:32.258 [info] > git for-each-ref --format=%(refname)%00%(upstream:short)%00%(objectname)%00%(upstream:track)%00%(upstream:remotename)%00%(upstream:remoteref) refs/heads/main refs/remotes/main [2ms]
2025-10-23 21:18:32.270 [info] > git status -z -uall [6ms]
2025-10-23 21:18:32.271 [info] > git for-each-ref --sort -committerdate --format %(refname)%00%(objectname)%00%(*objectname) [1ms]
2025-10-23 21:19:48.038 [info] > git config --get commit.template [7ms]
2025-10-23 21:19:48.039 [info] > git for-each-ref --format=%(refname)%00%(upstream:short)%00%(objectname)%00%(upstream:track)%00%(upstream:remotename)%00%(upstream:remoteref) refs/heads/main refs/remotes/main [2ms]
2025-10-23 21:19:48.053 [info] > git status -z -uall [7ms]
2025-10-23 21:19:48.054 [info] > git for-each-ref --sort -committerdate --format %(refname)%00%(objectname)%00%(*objectname) [3ms]
2025-10-23 21:19:58.401 [info] > git config --get commit.template [1ms]
2025-10-23 21:19:58.405 [info] > git for-each-ref --format=%(refname)%00%(upstream:short)%00%(objectname)%00%(upstream:track)%00%(upstream:remotename)%00%(upstream:remoteref) refs/heads/main refs/remotes/main [1ms]
2025-10-23 21:19:58.412 [info] > git status -z -uall [4ms]
2025-10-23 21:19:58.412 [info] > git for-each-ref --sort -committerdate --format %(refname)%00%(objectname)%00%(*objectname) [0ms]
2025-10-23 21:20:00.254 [info] > git show --textconv :models/customer.go [5ms]
2025-10-23 21:20:00.255 [info] > git ls-files --stage -- models/customer.go [2ms]
2025-10-23 21:20:00.261 [info] > git cat-file -s 163c92bb39a1fe7472b759f6e1084a900d332513 [2ms]
2025-10-23 21:20:02.017 [info] > git show --textconv :controller/customers.go [4ms]
2025-10-23 21:20:02.018 [info] > git ls-files --stage -- controller/customers.go [1ms]
2025-10-23 21:20:02.021 [info] > git cat-file -s 43bc576fe344de78a23d3d8f4c18e4a4b55c8123 [1ms]
2025-10-23 21:20:04.701 [info] > git show --textconv :models/customer.go [8ms]
2025-10-23 21:20:04.702 [info] > git ls-files --stage -- models/customer.go [2ms]
2025-10-23 21:20:04.707 [info] > git cat-file -s 163c92bb39a1fe7472b759f6e1084a900d332513 [1ms]
2025-10-23 21:20:08.236 [info] > git show --textconv :controller/customers.go [7ms]
2025-10-23 21:20:08.238 [info] > git ls-files --stage -- controller/customers.go [2ms]
2025-10-23 21:20:08.244 [info] > git cat-file -s 43bc576fe344de78a23d3d8f4c18e4a4b55c8123 [1ms]
2025-10-23 21:20:13.791 [info] > git show --textconv :models/customer.go [4ms]
2025-10-23 21:20:13.792 [info] > git ls-files --stage -- models/customer.go [1ms]
2025-10-23 21:20:13.797 [info] > git cat-file -s 163c92bb39a1fe7472b759f6e1084a900d332513 [2ms]
2025-10-23 21:20:17.015 [info] > git show --textconv :models/models.go [4ms]
2025-10-23 21:20:17.016 [warning] [GitFileSystemProvider][readFile] File not found - git:/home/bernio/urbansoul-API/models/models.go.git?%7B%22path%22%3A%22%2Fhome%2Fbernio%2Furbansoul-API%2Fmodels%2Fmodels.go%22%2C%22ref%22%3A%22%22%7D
2025-10-23 21:20:17.017 [info] > git ls-files --stage -- models/models.go [2ms]
2025-10-23 21:20:17.017 [warning] [GitFileSystemProvider][stat] File not found - git:/home/bernio/urbansoul-API/models/models.go.git?%7B%22path%22%3A%22%2Fhome%2Fbernio%2Furbansoul-API%2Fmodels%2Fmodels.go%22%2C%22ref%22%3A%22%22%7D
2025-10-23 21:20:17.294 [info] > git check-ignore -v -z --stdin [1ms]
2025-10-23 21:20:17.854 [info] > git config --get commit.template [4ms]
2025-10-23 21:20:17.855 [info] > git for-each-ref --format=%(refname)%00%(upstream:short)%00%(objectname)%00%(upstream:track)%00%(upstream:remotename)%00%(upstream:remoteref) refs/heads/main refs/remotes/main [1ms]
2025-10-23 21:20:17.860 [info] > git status -z -uall [3ms]
2025-10-23 21:20:17.861 [info] > git for-each-ref --sort -committerdate --format %(refname)%00%(objectname)%00%(*objectname) [1ms]
2025-10-23 21:20:18.116 [info] > git blame --root --incremental 640541f8a493068d08540ee23e36170c28f44646 -- models/models.go [1ms]
2025-10-23 21:20:18.116 [info] fatal: no such path models/models.go in 640541f8a493068d08540ee23e36170c28f44646
2025-10-23 21:20:39.466 [info] > git config --get commit.template [6ms]
2025-10-23 21:20:39.468 [info] > git for-each-ref --format=%(refname)%00%(upstream:short)%00%(objectname)%00%(upstream:track)%00%(upstream:remotename)%00%(upstream:remoteref) refs/heads/main refs/remotes/main [2ms]
2025-10-23 21:20:39.477 [info] > git status -z -uall [3ms]
2025-10-23 21:20:39.478 [info] > git for-each-ref --sort -committerdate --format %(refname)%00%(objectname)%00%(*objectname) [2ms]
2025-10-23 21:20:39.852 [info] > git show --textconv :controller/customers.go [7ms]
2025-10-23 21:20:39.853 [info] > git ls-files --stage -- controller/customers.go [2ms]
2025-10-23 21:20:39.860 [info] > git cat-file -s 43bc576fe344de78a23d3d8f4c18e4a4b55c8123 [1ms]
2025-10-23 21:22:48.843 [info] > git show --textconv :controller/product.go [6ms]
2025-10-23 21:22:48.844 [warning] [GitFileSystemProvider][readFile] File not found - git:/home/bernio/urbansoul-API/controller/product.go.git?%7B%22path%22%3A%22%2Fhome%2Fbernio%2Furbansoul-API%2Fcontroller%2Fproduct.go%22%2C%22ref%22%3A%22%22%7D
2025-10-23 21:22:48.844 [info] > git ls-files --stage -- controller/product.go [3ms]
2025-10-23 21:22:48.845 [warning] [GitFileSystemProvider][stat] File not found - git:/home/bernio/urbansoul-API/controller/product.go.git?%7B%22path%22%3A%22%2Fhome%2Fbernio%2Furbansoul-API%2Fcontroller%2Fproduct.go%22%2C%22ref%22%3A%22%22%7D
2025-10-23 21:22:49.113 [info] > git check-ignore -v -z --stdin [0ms]
2025-10-23 21:22:49.628 [info] > git config --get commit.template [8ms]
2025-10-23 21:22:49.629 [info] > git for-each-ref --format=%(refname)%00%(upstream:short)%00%(objectname)%00%(upstream:track)%00%(upstream:remotename)%00%(upstream:remoteref) refs/heads/main refs/remotes/main [1ms]
2025-10-23 21:22:49.641 [info] > git status -z -uall [6ms]
2025-10-23 21:22:49.641 [info] > git for-each-ref --sort -committerdate --format %(refname)%00%(objectname)%00%(*objectname) [1ms]
2025-10-23 21:22:58.311 [info] > git show --textconv :controller/customers.go [8ms]
2025-10-23 21:22:58.314 [info] > git ls-files --stage -- controller/customers.go [4ms]
2025-10-23 21:22:58.321 [info] > git cat-file -s 43bc576fe344de78a23d3d8f4c18e4a4b55c8123 [1ms]
2025-10-23 21:23:29.263 [info] > git config --get commit.template [7ms]
2025-10-23 21:23:29.264 [info] > git for-each-ref --format=%(refname)%00%(upstream:short)%00%(objectname)%00%(upstream:track)%00%(upstream:remotename)%00%(upstream:remoteref) refs/heads/main refs/remotes/main [2ms]
2025-10-23 21:23:29.278 [info] > git status -z -uall [7ms]
2025-10-23 21:23:29.279 [info] > git for-each-ref --sort -committerdate --format %(refname)%00%(objectname)%00%(*objectname) [2ms]
2025-10-23 21:24:22.138 [info] > git config --get commit.template [7ms]
2025-10-23 21:24:22.139 [info] > git for-each-ref --format=%(refname)%00%(upstream:short)%00%(objectname)%00%(upstream:track)%00%(upstream:remotename)%00%(upstream:remoteref) refs/heads/main refs/remotes/main [2ms]
2025-10-23 21:24:22.153 [info] > git status -z -uall [7ms]
2025-10-23 21:24:22.154 [info] > git for-each-ref --sort -committerdate --format %(refname)%00%(objectname)%00%(*objectname) [2ms]
2025-10-23 21:24:27.333 [info] > git config --get commit.template [7ms]
2025-10-23 21:24:27.335 [info] > git for-each-ref --format=%(refname)%00%(upstream:short)%00%(objectname)%00%(upstream:track)%00%(upstream:remotename)%00%(upstream:remoteref) refs/heads/main refs/remotes/main [2ms]
2025-10-23 21:24:27.347 [info] > git status -z -uall [6ms]
2025-10-23 21:24:27.348 [info] > git for-each-ref --sort -committerdate --format %(refname)%00%(objectname)%00%(*objectname) [2ms]
2025-10-23 21:24:28.255 [info] > git show --textconv :controller/customers.go [5ms]
2025-10-23 21:24:28.255 [info] > git ls-files --stage -- controller/customers.go [1ms]
2025-10-23 21:24:28.261 [info] > git cat-file -s 43bc576fe344de78a23d3d8f4c18e4a4b55c8123 [1ms]
2025-10-23 21:24:33.703 [info] > git show --textconv :controller/customers.go [4ms]
2025-10-23 21:24:33.704 [info] > git ls-files --stage -- controller/customers.go [1ms]
2025-10-23 21:24:33.708 [info] > git cat-file -s 43bc576fe344de78a23d3d8f4c18e4a4b55c8123 [1ms]
2025-10-23 21:24:59.285 [info] > git config --get commit.template [4ms]
2025-10-23 21:24:59.286 [info] > git for-each-ref --format=%(refname)%00%(upstream:short)%00%(objectname)%00%(upstream:track)%00%(upstream:remotename)%00%(upstream:remoteref) refs/heads/main refs/remotes/main [1ms]
2025-10-23 21:24:59.297 [info] > git status -z -uall [5ms]
2025-10-23 21:24:59.298 [info] > git for-each-ref --sort -committerdate --format %(refname)%00%(objectname)%00%(*objectname) [1ms]
2025-10-23 21:26:52.932 [info] > git config --get commit.template [7ms]
2025-10-23 21:26:52.933 [info] > git for-each-ref --format=%(refname)%00%(upstream:short)%00%(objectname)%00%(upstream:track)%00%(upstream:remotename)%00%(upstream:remoteref) refs/heads/main refs/remotes/main [2ms]
2025-10-23 21:26:52.947 [info] > git status -z -uall [8ms]
2025-10-23 21:26:52.949 [info] > git for-each-ref --sort -committerdate --format %(refname)%00%(objectname)%00%(*objectname) [3ms]
2025-10-23 21:29:39.564 [info] > git config --get commit.template [1ms]
2025-10-23 21:29:39.571 [info] > git for-each-ref --format=%(refname)%00%(upstream:short)%00%(objectname)%00%(upstream:track)%00%(upstream:remotename)%00%(upstream:remoteref) refs/heads/main refs/remotes/main [2ms]
2025-10-23 21:29:39.579 [info] > git status -z -uall [4ms]
2025-10-23 21:29:39.580 [info] > git for-each-ref --sort -committerdate --format %(refname)%00%(objectname)%00%(*objectname) [1ms]
2025-10-23 21:29:47.903 [info] > git config --get commit.template [7ms]
2025-10-23 21:29:47.904 [info] > git for-each-ref --format=%(refname)%00%(upstream:short)%00%(objectname)%00%(upstream:track)%00%(upstream:remotename)%00%(upstream:remoteref) refs/heads/main refs/remotes/main [2ms]
2025-10-23 21:29:47.918 [info] > git status -z -uall [7ms]
2025-10-23 21:29:47.919 [info] > git for-each-ref --sort -committerdate --format %(refname)%00%(objectname)%00%(*objectname) [2ms]
2025-10-23 21:30:30.997 [info] > git config --get commit.template [5ms]
2025-10-23 21:30:30.997 [info] > git for-each-ref --format=%(refname)%00%(upstream:short)%00%(objectname)%00%(upstream:track)%00%(upstream:remotename)%00%(upstream:remoteref) refs/heads/main refs/remotes/main [1ms]
2025-10-23 21:30:31.005 [info] > git status -z -uall [4ms]
2025-10-23 21:30:31.007 [info] > git for-each-ref --sort -committerdate --format %(refname)%00%(objectname)%00%(*objectname) [1ms]
2025-10-23 21:31:42.003 [info] > git show --textconv :main.go [7ms]
2025-10-23 21:31:42.004 [info] > git ls-files --stage -- main.go [1ms]
2025-10-23 21:31:42.008 [info] > git cat-file -s 6bf0d90542fe61dfc3dabe5a6bbc7b3b9d389995 [1ms]
2025-10-23 21:31:43.708 [info] > git blame --root --incremental 640541f8a493068d08540ee23e36170c28f44646 -- main.go [1ms]
2025-10-23 21:31:58.023 [info] > git config --get commit.template [7ms]
2025-10-23 21:31:58.025 [info] > git for-each-ref --format=%(refname)%00%(upstream:short)%00%(objectname)%00%(upstream:track)%00%(upstream:remotename)%00%(upstream:remoteref) refs/heads/main refs/remotes/main [3ms]
2025-10-23 21:31:58.039 [info] > git status -z -uall [6ms]
2025-10-23 21:31:58.040 [info] > git for-each-ref --sort -committerdate --format %(refname)%00%(objectname)%00%(*objectname) [2ms]
2025-10-23 21:32:40.516 [info] > git config --get commit.template [1ms]
2025-10-23 21:32:40.524 [info] > git for-each-ref --format=%(refname)%00%(upstream:short)%00%(objectname)%00%(upstream:track)%00%(upstream:remotename)%00%(upstream:remoteref) refs/heads/main refs/remotes/main [1ms]
2025-10-23 21:32:40.535 [info] > git status -z -uall [5ms]
2025-10-23 21:32:40.536 [info] > git for-each-ref --sort -committerdate --format %(refname)%00%(objectname)%00%(*objectname) [1ms]
2025-10-23 21:32:46.336 [info] > git config --get commit.template [7ms]
2025-10-23 21:32:46.337 [info] > git for-each-ref --format=%(refname)%00%(upstream:short)%00%(objectname)%00%(upstream:track)%00%(upstream:remotename)%00%(upstream:remoteref) refs/heads/main refs/remotes/main [2ms]
2025-10-23 21:32:46.351 [info] > git status -z -uall [7ms]
2025-10-23 21:32:46.352 [info] > git for-each-ref --sort -committerdate --format %(refname)%00%(objectname)%00%(*objectname) [2ms]
2025-10-23 21:33:16.888 [info] > git config --get commit.template [7ms]
2025-10-23 21:33:16.890 [info] > git for-each-ref --format=%(refname)%00%(upstream:short)%00%(objectname)%00%(upstream:track)%00%(upstream:remotename)%00%(upstream:remoteref) refs/heads/main refs/remotes/main [2ms]
2025-10-23 21:33:16.905 [info] > git status -z -uall [7ms]
2025-10-23 21:33:16.907 [info] > git for-each-ref --sort -committerdate --format %(refname)%00%(objectname)%00%(*objectname) [3ms]
2025-10-23 21:34:18.286 [info] > git config --get commit.template [1ms]
2025-10-23 21:34:18.291 [info] > git for-each-ref --format=%(refname)%00%(upstream:short)%00%(objectname)%00%(upstream:track)%00%(upstream:remotename)%00%(upstream:remoteref) refs/heads/main refs/remotes/main [1ms]
2025-10-23 21:34:18.301 [info] > git status -z -uall [5ms]
2025-10-23 21:34:18.302 [info] > git for-each-ref --sort -committerdate --format %(refname)%00%(objectname)%00%(*objectname) [2ms]
2025-10-23 21:34:18.309 [info] > git merge-base refs/heads/main refs/remotes/origin/main [2ms]
2025-10-23 21:34:18.313 [info] > git diff --name-status -z --diff-filter=ADMR 640541f8a493068d08540ee23e36170c28f44646...refs/remotes/origin/main [1ms]
2025-10-23 21:34:18.623 [info] > git show --textconv :controller/product.go [8ms]
2025-10-23 21:34:18.625 [info] > git ls-files --stage -- controller/product.go [3ms]
2025-10-23 21:34:18.632 [info] > git cat-file -s fe2c4a2d9422f550d4919977aaf2d81a809f0d23 [2ms]
2025-10-23 21:34:18.644 [info] > git blame --root --incremental fd1e53182e5b18761ddcba320ed4aed4d57576b8 -- controller/product.go [1ms]
