--------------------------------------------------------------------------------
[Aug 22, 2025 11:13:06.3 PM GMT:ERROR:creative_new_tab_page_ads_util.cc(123)] Successfully saved creative new tab page ads
[Aug 22, 2025 11:13:06.3 PM GMT:ERROR:creative_new_tab_page_ads_util.cc(108)] Successfully saved creative set conversions
--------------------------------------------------------------------------------
[Aug 22, 2025 11:33:49.1 PM GMT:ERROR:creative_new_tab_page_ads_util.cc(123)] Successfully saved creative new tab page ads
[Aug 22, 2025 11:33:49.1 PM GMT:ERROR:creative_new_tab_page_ads_util.cc(108)] Successfully saved creative set conversions
--------------------------------------------------------------------------------
[Aug 22, 2025 11:39:25.8 PM GMT:ERROR:creative_new_tab_page_ads_util.cc(123)] Successfully saved creative new tab page ads
[Aug 22, 2025 11:39:25.9 PM GMT:ERROR:creative_new_tab_page_ads_util.cc(108)] Successfully saved creative set conversions
--------------------------------------------------------------------------------
[Aug 23, 2025 12:00:59.5 AM GMT:ERROR:creative_new_tab_page_ads_util.cc(123)] Successfully saved creative new tab page ads
[Aug 23, 2025 12:00:59.5 AM GMT:ERROR:creative_new_tab_page_ads_util.cc(108)] Successfully saved creative set conversions
--------------------------------------------------------------------------------
[Aug 23, 2025 12:07:56.6 AM GMT:ERROR:creative_new_tab_page_ads_util.cc(123)] Successfully saved creative new tab page ads
[Aug 23, 2025 12:07:56.6 AM GMT:ERROR:creative_new_tab_page_ads_util.cc(108)] Successfully saved creative set conversions
--------------------------------------------------------------------------------
[Aug 23, 2025 12:14:51.7 AM GMT:ERROR:creative_new_tab_page_ads_util.cc(123)] Successfully saved creative new tab page ads
[Aug 23, 2025 12:14:51.7 AM GMT:ERROR:creative_new_tab_page_ads_util.cc(108)] Successfully saved creative set conversions
--------------------------------------------------------------------------------
[Aug 23, 2025 2:18:10.7 PM GMT:ERROR:creative_new_tab_page_ads_util.cc(123)] Successfully saved creative new tab page ads
[Aug 23, 2025 2:18:10.7 PM GMT:ERROR:creative_new_tab_page_ads_util.cc(108)] Successfully saved creative set conversions
[Aug 23, 2025 2:18:17.8 PM GMT:ERROR:creative_new_tab_page_ads_util.cc(123)] Successfully saved creative new tab page ads
[Aug 23, 2025 2:18:17.8 PM GMT:ERROR:creative_new_tab_page_ads_util.cc(108)] Successfully saved creative set conversions
--------------------------------------------------------------------------------
[Aug 23, 2025 2:53:15.4 PM GMT:ERROR:creative_new_tab_page_ads_util.cc(123)] Successfully saved creative new tab page ads
[Aug 23, 2025 2:53:15.4 PM GMT:ERROR:creative_new_tab_page_ads_util.cc(108)] Successfully saved creative set conversions
--------------------------------------------------------------------------------
[Aug 23, 2025 2:56:28.6 PM GMT:ERROR:creative_new_tab_page_ads_util.cc(123)] Successfully saved creative new tab page ads
[Aug 23, 2025 2:56:28.6 PM GMT:ERROR:creative_new_tab_page_ads_util.cc(108)] Successfully saved creative set conversions
--------------------------------------------------------------------------------
[Aug 23, 2025 3:16:55.4 PM GMT:ERROR:creative_new_tab_page_ads_util.cc(123)] Successfully saved creative new tab page ads
[Aug 23, 2025 3:16:55.4 PM GMT:ERROR:creative_new_tab_page_ads_util.cc(108)] Successfully saved creative set conversions
--------------------------------------------------------------------------------
[Aug 23, 2025 3:22:02.0 PM GMT:ERROR:creative_new_tab_page_ads_util.cc(123)] Successfully saved creative new tab page ads
[Aug 23, 2025 3:22:02.0 PM GMT:ERROR:creative_new_tab_page_ads_util.cc(108)] Successfully saved creative set conversions
--------------------------------------------------------------------------------
[Aug 23, 2025 3:29:45.9 PM GMT:ERROR:creative_new_tab_page_ads_util.cc(123)] Successfully saved creative new tab page ads
[Aug 23, 2025 3:29:45.9 PM GMT:ERROR:creative_new_tab_page_ads_util.cc(108)] Successfully saved creative set conversions
--------------------------------------------------------------------------------
[Aug 23, 2025 3:35:27.7 PM GMT:ERROR:creative_new_tab_page_ads_util.cc(123)] Successfully saved creative new tab page ads
[Aug 23, 2025 3:35:27.7 PM GMT:ERROR:creative_new_tab_page_ads_util.cc(108)] Successfully saved creative set conversions
--------------------------------------------------------------------------------
[Aug 23, 2025 3:44:35.0 PM GMT:ERROR:creative_new_tab_page_ads_util.cc(123)] Successfully saved creative new tab page ads
[Aug 23, 2025 3:44:35.0 PM GMT:ERROR:creative_new_tab_page_ads_util.cc(108)] Successfully saved creative set conversions
--------------------------------------------------------------------------------
[Aug 23, 2025 4:10:07.0 PM GMT:ERROR:creative_new_tab_page_ads_util.cc(123)] Successfully saved creative new tab page ads
[Aug 23, 2025 4:10:07.0 PM GMT:ERROR:creative_new_tab_page_ads_util.cc(108)] Successfully saved creative set conversions
--------------------------------------------------------------------------------
[Aug 23, 2025 4:21:30.9 PM GMT:ERROR:creative_new_tab_page_ads_util.cc(123)] Successfully saved creative new tab page ads
[Aug 23, 2025 4:21:30.9 PM GMT:ERROR:creative_new_tab_page_ads_util.cc(108)] Successfully saved creative set conversions
--------------------------------------------------------------------------------
[Aug 23, 2025 4:34:20.2 PM GMT:ERROR:creative_new_tab_page_ads_util.cc(123)] Successfully saved creative new tab page ads
[Aug 23, 2025 4:34:20.2 PM GMT:ERROR:creative_new_tab_page_ads_util.cc(108)] Successfully saved creative set conversions
--------------------------------------------------------------------------------
[Aug 23, 2025 4:59:42.6 PM GMT:ERROR:creative_new_tab_page_ads_util.cc(123)] Successfully saved creative new tab page ads
[Aug 23, 2025 4:59:42.6 PM GMT:ERROR:creative_new_tab_page_ads_util.cc(108)] Successfully saved creative set conversions
--------------------------------------------------------------------------------
[Aug 23, 2025 5:12:54.9 PM GMT:ERROR:creative_new_tab_page_ads_util.cc(123)] Successfully saved creative new tab page ads
[Aug 23, 2025 5:12:54.9 PM GMT:ERROR:creative_new_tab_page_ads_util.cc(108)] Successfully saved creative set conversions
--------------------------------------------------------------------------------
[Aug 23, 2025 5:16:11.6 PM GMT:ERROR:creative_new_tab_page_ads_util.cc(123)] Successfully saved creative new tab page ads
[Aug 23, 2025 5:16:11.6 PM GMT:ERROR:creative_new_tab_page_ads_util.cc(108)] Successfully saved creative set conversions
--------------------------------------------------------------------------------
[Aug 23, 2025 5:20:22.5 PM GMT:ERROR:creative_new_tab_page_ads_util.cc(123)] Successfully saved creative new tab page ads
[Aug 23, 2025 5:20:22.5 PM GMT:ERROR:creative_new_tab_page_ads_util.cc(108)] Successfully saved creative set conversions
--------------------------------------------------------------------------------
[Aug 23, 2025 5:29:26.9 PM GMT:ERROR:creative_new_tab_page_ads_util.cc(123)] Successfully saved creative new tab page ads
[Aug 23, 2025 5:29:26.9 PM GMT:ERROR:creative_new_tab_page_ads_util.cc(108)] Successfully saved creative set conversions
--------------------------------------------------------------------------------
[Aug 23, 2025 5:46:36.3 PM GMT:ERROR:creative_new_tab_page_ads_util.cc(123)] Successfully saved creative new tab page ads
[Aug 23, 2025 5:46:36.3 PM GMT:ERROR:creative_new_tab_page_ads_util.cc(108)] Successfully saved creative set conversions
--------------------------------------------------------------------------------
[Aug 23, 2025 5:51:02.0 PM GMT:ERROR:creative_new_tab_page_ads_util.cc(123)] Successfully saved creative new tab page ads
[Aug 23, 2025 5:51:02.0 PM GMT:ERROR:creative_new_tab_page_ads_util.cc(108)] Successfully saved creative set conversions
--------------------------------------------------------------------------------
[Aug 23, 2025 6:33:11.9 PM GMT:ERROR:creative_new_tab_page_ads_util.cc(123)] Successfully saved creative new tab page ads
[Aug 23, 2025 6:33:11.9 PM GMT:ERROR:creative_new_tab_page_ads_util.cc(108)] Successfully saved creative set conversions
--------------------------------------------------------------------------------
[Aug 23, 2025 7:05:40.6 PM GMT:ERROR:creative_new_tab_page_ads_util.cc(123)] Successfully saved creative new tab page ads
[Aug 23, 2025 7:05:40.6 PM GMT:ERROR:creative_new_tab_page_ads_util.cc(108)] Successfully saved creative set conversions
--------------------------------------------------------------------------------
[Aug 23, 2025 7:44:07.8 PM GMT:ERROR:creative_new_tab_page_ads_util.cc(123)] Successfully saved creative new tab page ads
[Aug 23, 2025 7:44:07.8 PM GMT:ERROR:creative_new_tab_page_ads_util.cc(108)] Successfully saved creative set conversions
--------------------------------------------------------------------------------
[Aug 23, 2025 7:45:41.5 PM GMT:ERROR:creative_new_tab_page_ads_util.cc(123)] Successfully saved creative new tab page ads
[Aug 23, 2025 7:45:41.5 PM GMT:ERROR:creative_new_tab_page_ads_util.cc(108)] Successfully saved creative set conversions
--------------------------------------------------------------------------------
[Aug 23, 2025 8:03:51.6 PM GMT:ERROR:creative_new_tab_page_ads_util.cc(123)] Successfully saved creative new tab page ads
[Aug 23, 2025 8:03:51.6 PM GMT:ERROR:creative_new_tab_page_ads_util.cc(108)] Successfully saved creative set conversions
--------------------------------------------------------------------------------
[Aug 23, 2025 8:57:12.5 PM GMT:ERROR:creative_new_tab_page_ads_util.cc(123)] Successfully saved creative new tab page ads
[Aug 23, 2025 8:57:12.5 PM GMT:ERROR:creative_new_tab_page_ads_util.cc(108)] Successfully saved creative set conversions
--------------------------------------------------------------------------------
[Aug 23, 2025 9:02:31.3 PM GMT:ERROR:creative_new_tab_page_ads_util.cc(123)] Successfully saved creative new tab page ads
[Aug 23, 2025 9:02:31.3 PM GMT:ERROR:creative_new_tab_page_ads_util.cc(108)] Successfully saved creative set conversions
--------------------------------------------------------------------------------
[Aug 23, 2025 9:04:18.5 PM GMT:ERROR:creative_new_tab_page_ads_util.cc(123)] Successfully saved creative new tab page ads
[Aug 23, 2025 9:04:18.5 PM GMT:ERROR:creative_new_tab_page_ads_util.cc(108)] Successfully saved creative set conversions
--------------------------------------------------------------------------------
[Aug 23, 2025 9:07:22.9 PM GMT:ERROR:creative_new_tab_page_ads_util.cc(123)] Successfully saved creative new tab page ads
[Aug 23, 2025 9:07:22.9 PM GMT:ERROR:creative_new_tab_page_ads_util.cc(108)] Successfully saved creative set conversions
--------------------------------------------------------------------------------
[Aug 23, 2025 9:08:40.2 PM GMT:ERROR:creative_new_tab_page_ads_util.cc(123)] Successfully saved creative new tab page ads
[Aug 23, 2025 9:08:40.2 PM GMT:ERROR:creative_new_tab_page_ads_util.cc(108)] Successfully saved creative set conversions
--------------------------------------------------------------------------------
[Aug 23, 2025 9:24:02.1 PM GMT:ERROR:creative_new_tab_page_ads_util.cc(123)] Successfully saved creative new tab page ads
[Aug 23, 2025 9:24:02.1 PM GMT:ERROR:creative_new_tab_page_ads_util.cc(108)] Successfully saved creative set conversions
--------------------------------------------------------------------------------
[Aug 23, 2025 9:26:31.6 PM GMT:ERROR:creative_new_tab_page_ads_util.cc(123)] Successfully saved creative new tab page ads
[Aug 23, 2025 9:26:31.6 PM GMT:ERROR:creative_new_tab_page_ads_util.cc(108)] Successfully saved creative set conversions
--------------------------------------------------------------------------------
[Aug 23, 2025 9:30:33.5 PM GMT:ERROR:creative_new_tab_page_ads_util.cc(123)] Successfully saved creative new tab page ads
[Aug 23, 2025 9:30:33.5 PM GMT:ERROR:creative_new_tab_page_ads_util.cc(108)] Successfully saved creative set conversions
--------------------------------------------------------------------------------
[Aug 23, 2025 10:14:39.2 PM GMT:ERROR:creative_new_tab_page_ads_util.cc(123)] Successfully saved creative new tab page ads
[Aug 23, 2025 10:14:39.2 PM GMT:ERROR:creative_new_tab_page_ads_util.cc(108)] Successfully saved creative set conversions
--------------------------------------------------------------------------------
[Aug 23, 2025 11:33:39.7 PM GMT:ERROR:creative_new_tab_page_ads_util.cc(123)] Successfully saved creative new tab page ads
[Aug 23, 2025 11:33:39.7 PM GMT:ERROR:creative_new_tab_page_ads_util.cc(108)] Successfully saved creative set conversions
--------------------------------------------------------------------------------
[Aug 23, 2025 11:41:26.9 PM GMT:ERROR:creative_new_tab_page_ads_util.cc(123)] Successfully saved creative new tab page ads
[Aug 23, 2025 11:41:26.9 PM GMT:ERROR:creative_new_tab_page_ads_util.cc(108)] Successfully saved creative set conversions
--------------------------------------------------------------------------------
[Aug 23, 2025 11:47:48.5 PM GMT:ERROR:creative_new_tab_page_ads_util.cc(123)] Successfully saved creative new tab page ads
[Aug 23, 2025 11:47:48.5 PM GMT:ERROR:creative_new_tab_page_ads_util.cc(108)] Successfully saved creative set conversions
--------------------------------------------------------------------------------
[Aug 23, 2025 11:48:48.5 PM GMT:ERROR:creative_new_tab_page_ads_util.cc(123)] Successfully saved creative new tab page ads
[Aug 23, 2025 11:48:48.5 PM GMT:ERROR:creative_new_tab_page_ads_util.cc(108)] Successfully saved creative set conversions
--------------------------------------------------------------------------------
[Aug 23, 2025 11:53:05.9 PM GMT:ERROR:creative_new_tab_page_ads_util.cc(123)] Successfully saved creative new tab page ads
[Aug 23, 2025 11:53:05.9 PM GMT:ERROR:creative_new_tab_page_ads_util.cc(108)] Successfully saved creative set conversions
--------------------------------------------------------------------------------
[Aug 24, 2025 12:00:18.0 AM GMT:ERROR:creative_new_tab_page_ads_util.cc(123)] Successfully saved creative new tab page ads
[Aug 24, 2025 12:00:18.0 AM GMT:ERROR:creative_new_tab_page_ads_util.cc(108)] Successfully saved creative set conversions
--------------------------------------------------------------------------------
[Aug 24, 2025 12:19:56.2 AM GMT:ERROR:creative_new_tab_page_ads_util.cc(123)] Successfully saved creative new tab page ads
[Aug 24, 2025 12:19:56.2 AM GMT:ERROR:creative_new_tab_page_ads_util.cc(108)] Successfully saved creative set conversions
--------------------------------------------------------------------------------
[Aug 24, 2025 12:31:23.5 AM GMT:ERROR:creative_new_tab_page_ads_util.cc(123)] Successfully saved creative new tab page ads
[Aug 24, 2025 12:31:23.5 AM GMT:ERROR:creative_new_tab_page_ads_util.cc(108)] Successfully saved creative set conversions
--------------------------------------------------------------------------------
[Aug 24, 2025 12:14:03.5 PM GMT:ERROR:creative_new_tab_page_ads_util.cc(123)] Successfully saved creative new tab page ads
[Aug 24, 2025 12:14:03.5 PM GMT:ERROR:creative_new_tab_page_ads_util.cc(108)] Successfully saved creative set conversions
[Aug 24, 2025 12:14:06.0 PM GMT:ERROR:creative_new_tab_page_ads_util.cc(123)] Successfully saved creative new tab page ads
[Aug 24, 2025 12:14:06.0 PM GMT:ERROR:creative_new_tab_page_ads_util.cc(108)] Successfully saved creative set conversions
--------------------------------------------------------------------------------
[Aug 24, 2025 12:19:09.9 PM GMT:ERROR:creative_new_tab_page_ads_util.cc(123)] Successfully saved creative new tab page ads
[Aug 24, 2025 12:19:09.9 PM GMT:ERROR:creative_new_tab_page_ads_util.cc(108)] Successfully saved creative set conversions
--------------------------------------------------------------------------------
[Aug 24, 2025 12:25:52.0 PM GMT:ERROR:creative_new_tab_page_ads_util.cc(123)] Successfully saved creative new tab page ads
[Aug 24, 2025 12:25:52.0 PM GMT:ERROR:creative_new_tab_page_ads_util.cc(108)] Successfully saved creative set conversions
--------------------------------------------------------------------------------
[Aug 24, 2025 12:44:15.4 PM GMT:ERROR:creative_new_tab_page_ads_util.cc(123)] Successfully saved creative new tab page ads
[Aug 24, 2025 12:44:15.4 PM GMT:ERROR:creative_new_tab_page_ads_util.cc(108)] Successfully saved creative set conversions
