2025-10-15 18:53:44.657 [info] Started local extension host with pid 1198.
2025-10-15 18:53:47.339 [info] [perf] Render performance baseline is 21ms
2025-10-15 18:53:50.567 [error] Error while getting the latest version for the extension bradlc.vscode-tailwindcss. SyntaxError: Unexpected token '<', "<!DOCTYPE "... is not valid JSON:
<!DOCTYPE html>
<html lang="en">

<head>
    <title>Open VSX Registry</title>
    <meta charset="UTF-8">
    <meta name="viewport" content="width=device-width, initial-scale=1">
    <link rel="stylesheet" href="https://fonts.googleapis.com/css?family=Roboto:300,400,500,700&display=swap" />

    <!-- Google Tag Manager -->
    <script>(function(w,d,s,l,i){w[l]=w[l]||[];w[l].push({'gtm.start':
    new Date().getTime(),event:'gtm.js'});var f=d.getElementsByTagName(s)[0],
    j=d.createElement(s),dl=l!='dataLayer'?'&l='+l:'';j.async=true;j.src=
    'https://www.googletagmanager.com/gtm.js?id='+i+dl;f.parentNode.insertBefore(j,f);
    })(window,document,'script','dataLayer','GTM-5WLCZXC');</script>

    <!-- Eclipse Cookie Consent -->
    <link rel="stylesheet" type="text/css"
        href="//www.eclipse.org/eclipse.org-common/themes/solstice/public/stylesheets/vendor/cookieconsent/cookieconsent.min.css" />
    <script
        src="//www.eclipse.org/eclipse.org-common/themes/solstice/public/javascript/vendor/cookieconsent/default.min.js">
    </script>
    <style>
        a.cc-btn.cc-allow {
            background-color: #c160ef;
        }
        a.cc-btn.cc-allow:hover, a.cc-btn.cc-allow:focus {
            background-color: #444;
        }
        .cc-revoke {
            display: none !important;
        }
        @media (prefers-color-scheme: dark) {
          body {
            background-color: #121212;
          }
        }
    </style>
</head>

<body>
    <!-- Google Tag Manager (noscript) -->
    <noscript><iframe title="Google Tag Manager" src="https://www.googletagmanager.com/ns.html?id=GTM-5WLCZXC" height="0" width="0" style="display:none;visibility:hidden"></iframe></noscript>
    <!-- End Google Tag Manager (noscript) -->
    <div id="main"></div>
    <script src='/bundle.js' ></script>
</body>

</html>

2025-10-15 18:53:51.177 [error] Error while getting the latest version for the extension golang.go. SyntaxError: Unexpected token '<', "<!DOCTYPE "... is not valid JSON:
<!DOCTYPE html>
<html lang="en">

<head>
    <title>Open VSX Registry</title>
    <meta charset="UTF-8">
    <meta name="viewport" content="width=device-width, initial-scale=1">
    <link rel="stylesheet" href="https://fonts.googleapis.com/css?family=Roboto:300,400,500,700&display=swap" />

    <!-- Google Tag Manager -->
    <script>(function(w,d,s,l,i){w[l]=w[l]||[];w[l].push({'gtm.start':
    new Date().getTime(),event:'gtm.js'});var f=d.getElementsByTagName(s)[0],
    j=d.createElement(s),dl=l!='dataLayer'?'&l='+l:'';j.async=true;j.src=
    'https://www.googletagmanager.com/gtm.js?id='+i+dl;f.parentNode.insertBefore(j,f);
    })(window,document,'script','dataLayer','GTM-5WLCZXC');</script>

    <!-- Eclipse Cookie Consent -->
    <link rel="stylesheet" type="text/css"
        href="//www.eclipse.org/eclipse.org-common/themes/solstice/public/stylesheets/vendor/cookieconsent/cookieconsent.min.css" />
    <script
        src="//www.eclipse.org/eclipse.org-common/themes/solstice/public/javascript/vendor/cookieconsent/default.min.js">
    </script>
    <style>
        a.cc-btn.cc-allow {
            background-color: #c160ef;
        }
        a.cc-btn.cc-allow:hover, a.cc-btn.cc-allow:focus {
            background-color: #444;
        }
        .cc-revoke {
            display: none !important;
        }
        @media (prefers-color-scheme: dark) {
          body {
            background-color: #121212;
          }
        }
    </style>
</head>

<body>
    <!-- Google Tag Manager (noscript) -->
    <noscript><iframe title="Google Tag Manager" src="https://www.googletagmanager.com/ns.html?id=GTM-5WLCZXC" height="0" width="0" style="display:none;visibility:hidden"></iframe></noscript>
    <!-- End Google Tag Manager (noscript) -->
    <div id="main"></div>
    <script src='/bundle.js' ></script>
</body>

</html>

2025-10-15 18:53:51.384 [error] Error while getting the latest version for the extension alexdauenhauer.catppuccin-noctis-icons. SyntaxError: Unexpected token '<', "<!DOCTYPE "... is not valid JSON:
<!DOCTYPE html>
<html lang="en">

<head>
    <title>Open VSX Registry</title>
    <meta charset="UTF-8">
    <meta name="viewport" content="width=device-width, initial-scale=1">
    <link rel="stylesheet" href="https://fonts.googleapis.com/css?family=Roboto:300,400,500,700&display=swap" />

    <!-- Google Tag Manager -->
    <script>(function(w,d,s,l,i){w[l]=w[l]||[];w[l].push({'gtm.start':
    new Date().getTime(),event:'gtm.js'});var f=d.getElementsByTagName(s)[0],
    j=d.createElement(s),dl=l!='dataLayer'?'&l='+l:'';j.async=true;j.src=
    'https://www.googletagmanager.com/gtm.js?id='+i+dl;f.parentNode.insertBefore(j,f);
    })(window,document,'script','dataLayer','GTM-5WLCZXC');</script>

    <!-- Eclipse Cookie Consent -->
    <link rel="stylesheet" type="text/css"
        href="//www.eclipse.org/eclipse.org-common/themes/solstice/public/stylesheets/vendor/cookieconsent/cookieconsent.min.css" />
    <script
        src="//www.eclipse.org/eclipse.org-common/themes/solstice/public/javascript/vendor/cookieconsent/default.min.js">
    </script>
    <style>
        a.cc-btn.cc-allow {
            background-color: #c160ef;
        }
        a.cc-btn.cc-allow:hover, a.cc-btn.cc-allow:focus {
            background-color: #444;
        }
        .cc-revoke {
            display: none !important;
        }
        @media (prefers-color-scheme: dark) {
          body {
            background-color: #121212;
          }
        }
    </style>
</head>

<body>
    <!-- Google Tag Manager (noscript) -->
    <noscript><iframe title="Google Tag Manager" src="https://www.googletagmanager.com/ns.html?id=GTM-5WLCZXC" height="0" width="0" style="display:none;visibility:hidden"></iframe></noscript>
    <!-- End Google Tag Manager (noscript) -->
    <div id="main"></div>
    <script src='/bundle.js' ></script>
</body>

</html>

2025-10-15 18:53:51.589 [error] Error while getting the latest version for the extension catppuccin.catppuccin-vsc. SyntaxError: Unexpected token '<', "<!DOCTYPE "... is not valid JSON:
<!DOCTYPE html>
<html lang="en">

<head>
    <title>Open VSX Registry</title>
    <meta charset="UTF-8">
    <meta name="viewport" content="width=device-width, initial-scale=1">
    <link rel="stylesheet" href="https://fonts.googleapis.com/css?family=Roboto:300,400,500,700&display=swap" />

    <!-- Google Tag Manager -->
    <script>(function(w,d,s,l,i){w[l]=w[l]||[];w[l].push({'gtm.start':
    new Date().getTime(),event:'gtm.js'});var f=d.getElementsByTagName(s)[0],
    j=d.createElement(s),dl=l!='dataLayer'?'&l='+l:'';j.async=true;j.src=
    'https://www.googletagmanager.com/gtm.js?id='+i+dl;f.parentNode.insertBefore(j,f);
    })(window,document,'script','dataLayer','GTM-5WLCZXC');</script>

    <!-- Eclipse Cookie Consent -->
    <link rel="stylesheet" type="text/css"
        href="//www.eclipse.org/eclipse.org-common/themes/solstice/public/stylesheets/vendor/cookieconsent/cookieconsent.min.css" />
    <script
        src="//www.eclipse.org/eclipse.org-common/themes/solstice/public/javascript/vendor/cookieconsent/default.min.js">
    </script>
    <style>
        a.cc-btn.cc-allow {
            background-color: #c160ef;
        }
        a.cc-btn.cc-allow:hover, a.cc-btn.cc-allow:focus {
            background-color: #444;
        }
        .cc-revoke {
            display: none !important;
        }
        @media (prefers-color-scheme: dark) {
          body {
            background-color: #121212;
          }
        }
    </style>
</head>

<body>
    <!-- Google Tag Manager (noscript) -->
    <noscript><iframe title="Google Tag Manager" src="https://www.googletagmanager.com/ns.html?id=GTM-5WLCZXC" height="0" width="0" style="display:none;visibility:hidden"></iframe></noscript>
    <!-- End Google Tag Manager (noscript) -->
    <div id="main"></div>
    <script src='/bundle.js' ></script>
</body>

</html>

2025-10-15 20:29:23.462 [error] <semantic> TypeScript Server Error (5.9.2)
Debug Failure. Invalid cast. The supplied value [object Object] did not pass the test 'isParameter'.
Additional information: BADCLIENT: Bad error code, 7006 not found in range 2167..2171 (found: 2339)
Error: Debug Failure. Invalid cast. The supplied value [object Object] did not pass the test 'isParameter'.
Additional information: BADCLIENT: Bad error code, 7006 not found in range 2167..2171 (found: 2339)
    at cast (/usr/lib/code/extensions/node_modules/typescript/lib/typescript.js:3350:16)
    at doChange33 (/usr/lib/code/extensions/node_modules/typescript/lib/typescript.js:163974:23)
    at /usr/lib/code/extensions/node_modules/typescript/lib/typescript.js:163854:21
    at _ChangeTracker.with (/usr/lib/code/extensions/node_modules/typescript/lib/typescript.js:179190:5)
    at Object.getCodeActions (/usr/lib/code/extensions/node_modules/typescript/lib/typescript.js:163853:62)
    at /usr/lib/code/extensions/node_modules/typescript/lib/typescript.js:155208:46
    at flatMap (/usr/lib/code/extensions/node_modules/typescript/lib/typescript.js:2536:17)
    at Object.getFixes (/usr/lib/code/extensions/node_modules/typescript/lib/typescript.js:155208:10)
    at /usr/lib/code/extensions/node_modules/typescript/lib/typescript.js:153472:33
    at flatMap (/usr/lib/code/extensions/node_modules/typescript/lib/typescript.js:2536:17)
    at Object.getCodeFixesAtPosition (/usr/lib/code/extensions/node_modules/typescript/lib/typescript.js:153470:12)
    at IpcIOSession.getCodeFixes (/usr/lib/code/extensions/node_modules/typescript/lib/typescript.js:196490:50)
    at getCodeFixes (/usr/lib/code/extensions/node_modules/typescript/lib/typescript.js:194495:43)
    at /usr/lib/code/extensions/node_modules/typescript/lib/typescript.js:196809:15
    at IpcIOSession.executeWithRequestId (/usr/lib/code/extensions/node_modules/typescript/lib/typescript.js:196798:14)
    at IpcIOSession.executeCommand (/usr/lib/code/extensions/node_modules/typescript/lib/typescript.js:196807:29)
    at IpcIOSession.onMessage (/usr/lib/code/extensions/node_modules/typescript/lib/typescript.js:196855:68)
    at process.<anonymous> (/usr/lib/code/extensions/node_modules/typescript/lib/_tsserver.js:519:14)
    at process.emit (node:events:519:28)
    at emit (node:internal/child_process:949:14)
    at process.processTicksAndRejections (node:internal/process/task_queues:91:21): Error: <semantic> TypeScript Server Error (5.9.2)
Debug Failure. Invalid cast. The supplied value [object Object] did not pass the test 'isParameter'.
Additional information: BADCLIENT: Bad error code, 7006 not found in range 2167..2171 (found: 2339)
Error: Debug Failure. Invalid cast. The supplied value [object Object] did not pass the test 'isParameter'.
Additional information: BADCLIENT: Bad error code, 7006 not found in range 2167..2171 (found: 2339)
    at cast (/usr/lib/code/extensions/node_modules/typescript/lib/typescript.js:3350:16)
    at doChange33 (/usr/lib/code/extensions/node_modules/typescript/lib/typescript.js:163974:23)
    at /usr/lib/code/extensions/node_modules/typescript/lib/typescript.js:163854:21
    at _ChangeTracker.with (/usr/lib/code/extensions/node_modules/typescript/lib/typescript.js:179190:5)
    at Object.getCodeActions (/usr/lib/code/extensions/node_modules/typescript/lib/typescript.js:163853:62)
    at /usr/lib/code/extensions/node_modules/typescript/lib/typescript.js:155208:46
    at flatMap (/usr/lib/code/extensions/node_modules/typescript/lib/typescript.js:2536:17)
    at Object.getFixes (/usr/lib/code/extensions/node_modules/typescript/lib/typescript.js:155208:10)
    at /usr/lib/code/extensions/node_modules/typescript/lib/typescript.js:153472:33
    at flatMap (/usr/lib/code/extensions/node_modules/typescript/lib/typescript.js:2536:17)
    at Object.getCodeFixesAtPosition (/usr/lib/code/extensions/node_modules/typescript/lib/typescript.js:153470:12)
    at IpcIOSession.getCodeFixes (/usr/lib/code/extensions/node_modules/typescript/lib/typescript.js:196490:50)
    at getCodeFixes (/usr/lib/code/extensions/node_modules/typescript/lib/typescript.js:194495:43)
    at /usr/lib/code/extensions/node_modules/typescript/lib/typescript.js:196809:15
    at IpcIOSession.executeWithRequestId (/usr/lib/code/extensions/node_modules/typescript/lib/typescript.js:196798:14)
    at IpcIOSession.executeCommand (/usr/lib/code/extensions/node_modules/typescript/lib/typescript.js:196807:29)
    at IpcIOSession.onMessage (/usr/lib/code/extensions/node_modules/typescript/lib/typescript.js:196855:68)
    at process.<anonymous> (/usr/lib/code/extensions/node_modules/typescript/lib/_tsserver.js:519:14)
    at process.emit (node:events:519:28)
    at emit (node:internal/child_process:949:14)
    at process.processTicksAndRejections (node:internal/process/task_queues:91:21)
	at n.create (/usr/lib/code/extensions/typescript-language-features/dist/extension.js:2:357281)
	at y.dispatchResponse (/usr/lib/code/extensions/typescript-language-features/dist/extension.js:2:30813)
	at y.dispatchMessage (/usr/lib/code/extensions/typescript-language-features/dist/extension.js:2:29254)
	at ChildProcess.<anonymous> (/usr/lib/code/extensions/typescript-language-features/dist/extension.js:2:28539)
	at ChildProcess.emit (node:events:519:28)
	at emit (node:internal/child_process:949:14)
	at process.processTicksAndRejections (node:internal/process/task_queues:91:21)
