2025-10-19 17:51:32.876 [info] Started local extension host with pid 1616.
2025-10-19 17:51:33.354 [info] ChatSessionStore: Migrating 0 chat sessions from storage service to file system
2025-10-19 17:51:35.943 [info] [perf] Render performance baseline is 22ms
2025-10-19 17:51:36.583 [error] Error while getting the latest version for the extension bradlc.vscode-tailwindcss. SyntaxError: Unexpected token '<', "<!DOCTYPE "... is not valid JSON:
<!DOCTYPE html>
<html lang="en">

<head>
    <title>Open VSX Registry</title>
    <meta charset="UTF-8">
    <meta name="viewport" content="width=device-width, initial-scale=1">
    <link rel="stylesheet" href="https://fonts.googleapis.com/css?family=Roboto:300,400,500,700&display=swap" />

    <!-- Google Tag Manager -->
    <script>(function(w,d,s,l,i){w[l]=w[l]||[];w[l].push({'gtm.start':
    new Date().getTime(),event:'gtm.js'});var f=d.getElementsByTagName(s)[0],
    j=d.createElement(s),dl=l!='dataLayer'?'&l='+l:'';j.async=true;j.src=
    'https://www.googletagmanager.com/gtm.js?id='+i+dl;f.parentNode.insertBefore(j,f);
    })(window,document,'script','dataLayer','GTM-5WLCZXC');</script>

    <!-- Eclipse Cookie Consent -->
    <link rel="stylesheet" type="text/css"
        href="//www.eclipse.org/eclipse.org-common/themes/solstice/public/stylesheets/vendor/cookieconsent/cookieconsent.min.css" />
    <script
        src="//www.eclipse.org/eclipse.org-common/themes/solstice/public/javascript/vendor/cookieconsent/default.min.js">
    </script>
    <style>
        a.cc-btn.cc-allow {
            background-color: #c160ef;
        }
        a.cc-btn.cc-allow:hover, a.cc-btn.cc-allow:focus {
            background-color: #444;
        }
        .cc-revoke {
            display: none !important;
        }
        @media (prefers-color-scheme: dark) {
          body {
            background-color: #121212;
          }
        }
    </style>
</head>

<body>
    <!-- Google Tag Manager (noscript) -->
    <noscript><iframe title="Google Tag Manager" src="https://www.googletagmanager.com/ns.html?id=GTM-5WLCZXC" height="0" width="0" style="display:none;visibility:hidden"></iframe></noscript>
    <!-- End Google Tag Manager (noscript) -->
    <div id="main"></div>
    <script src='/bundle.js' ></script>
</body>

</html>

2025-10-19 17:51:36.783 [error] Error while getting the latest version for the extension alexdauenhauer.catppuccin-noctis-icons. SyntaxError: Unexpected token '<', "<!DOCTYPE "... is not valid JSON:
<!DOCTYPE html>
<html lang="en">

<head>
    <title>Open VSX Registry</title>
    <meta charset="UTF-8">
    <meta name="viewport" content="width=device-width, initial-scale=1">
    <link rel="stylesheet" href="https://fonts.googleapis.com/css?family=Roboto:300,400,500,700&display=swap" />

    <!-- Google Tag Manager -->
    <script>(function(w,d,s,l,i){w[l]=w[l]||[];w[l].push({'gtm.start':
    new Date().getTime(),event:'gtm.js'});var f=d.getElementsByTagName(s)[0],
    j=d.createElement(s),dl=l!='dataLayer'?'&l='+l:'';j.async=true;j.src=
    'https://www.googletagmanager.com/gtm.js?id='+i+dl;f.parentNode.insertBefore(j,f);
    })(window,document,'script','dataLayer','GTM-5WLCZXC');</script>

    <!-- Eclipse Cookie Consent -->
    <link rel="stylesheet" type="text/css"
        href="//www.eclipse.org/eclipse.org-common/themes/solstice/public/stylesheets/vendor/cookieconsent/cookieconsent.min.css" />
    <script
        src="//www.eclipse.org/eclipse.org-common/themes/solstice/public/javascript/vendor/cookieconsent/default.min.js">
    </script>
    <style>
        a.cc-btn.cc-allow {
            background-color: #c160ef;
        }
        a.cc-btn.cc-allow:hover, a.cc-btn.cc-allow:focus {
            background-color: #444;
        }
        .cc-revoke {
            display: none !important;
        }
        @media (prefers-color-scheme: dark) {
          body {
            background-color: #121212;
          }
        }
    </style>
</head>

<body>
    <!-- Google Tag Manager (noscript) -->
    <noscript><iframe title="Google Tag Manager" src="https://www.googletagmanager.com/ns.html?id=GTM-5WLCZXC" height="0" width="0" style="display:none;visibility:hidden"></iframe></noscript>
    <!-- End Google Tag Manager (noscript) -->
    <div id="main"></div>
    <script src='/bundle.js' ></script>
</body>

</html>

2025-10-19 17:51:37.503 [error] Error while getting the latest version for the extension golang.go. SyntaxError: Unexpected token '<', "<!DOCTYPE "... is not valid JSON:
<!DOCTYPE html>
<html lang="en">

<head>
    <title>Open VSX Registry</title>
    <meta charset="UTF-8">
    <meta name="viewport" content="width=device-width, initial-scale=1">
    <link rel="stylesheet" href="https://fonts.googleapis.com/css?family=Roboto:300,400,500,700&display=swap" />

    <!-- Google Tag Manager -->
    <script>(function(w,d,s,l,i){w[l]=w[l]||[];w[l].push({'gtm.start':
    new Date().getTime(),event:'gtm.js'});var f=d.getElementsByTagName(s)[0],
    j=d.createElement(s),dl=l!='dataLayer'?'&l='+l:'';j.async=true;j.src=
    'https://www.googletagmanager.com/gtm.js?id='+i+dl;f.parentNode.insertBefore(j,f);
    })(window,document,'script','dataLayer','GTM-5WLCZXC');</script>

    <!-- Eclipse Cookie Consent -->
    <link rel="stylesheet" type="text/css"
        href="//www.eclipse.org/eclipse.org-common/themes/solstice/public/stylesheets/vendor/cookieconsent/cookieconsent.min.css" />
    <script
        src="//www.eclipse.org/eclipse.org-common/themes/solstice/public/javascript/vendor/cookieconsent/default.min.js">
    </script>
    <style>
        a.cc-btn.cc-allow {
            background-color: #c160ef;
        }
        a.cc-btn.cc-allow:hover, a.cc-btn.cc-allow:focus {
            background-color: #444;
        }
        .cc-revoke {
            display: none !important;
        }
        @media (prefers-color-scheme: dark) {
          body {
            background-color: #121212;
          }
        }
    </style>
</head>

<body>
    <!-- Google Tag Manager (noscript) -->
    <noscript><iframe title="Google Tag Manager" src="https://www.googletagmanager.com/ns.html?id=GTM-5WLCZXC" height="0" width="0" style="display:none;visibility:hidden"></iframe></noscript>
    <!-- End Google Tag Manager (noscript) -->
    <div id="main"></div>
    <script src='/bundle.js' ></script>
</body>

</html>

2025-10-19 17:51:37.706 [error] Error while getting the latest version for the extension catppuccin.catppuccin-vsc. SyntaxError: Unexpected token '<', "<!DOCTYPE "... is not valid JSON:
<!DOCTYPE html>
<html lang="en">

<head>
    <title>Open VSX Registry</title>
    <meta charset="UTF-8">
    <meta name="viewport" content="width=device-width, initial-scale=1">
    <link rel="stylesheet" href="https://fonts.googleapis.com/css?family=Roboto:300,400,500,700&display=swap" />

    <!-- Google Tag Manager -->
    <script>(function(w,d,s,l,i){w[l]=w[l]||[];w[l].push({'gtm.start':
    new Date().getTime(),event:'gtm.js'});var f=d.getElementsByTagName(s)[0],
    j=d.createElement(s),dl=l!='dataLayer'?'&l='+l:'';j.async=true;j.src=
    'https://www.googletagmanager.com/gtm.js?id='+i+dl;f.parentNode.insertBefore(j,f);
    })(window,document,'script','dataLayer','GTM-5WLCZXC');</script>

    <!-- Eclipse Cookie Consent -->
    <link rel="stylesheet" type="text/css"
        href="//www.eclipse.org/eclipse.org-common/themes/solstice/public/stylesheets/vendor/cookieconsent/cookieconsent.min.css" />
    <script
        src="//www.eclipse.org/eclipse.org-common/themes/solstice/public/javascript/vendor/cookieconsent/default.min.js">
    </script>
    <style>
        a.cc-btn.cc-allow {
            background-color: #c160ef;
        }
        a.cc-btn.cc-allow:hover, a.cc-btn.cc-allow:focus {
            background-color: #444;
        }
        .cc-revoke {
            display: none !important;
        }
        @media (prefers-color-scheme: dark) {
          body {
            background-color: #121212;
          }
        }
    </style>
</head>

<body>
    <!-- Google Tag Manager (noscript) -->
    <noscript><iframe title="Google Tag Manager" src="https://www.googletagmanager.com/ns.html?id=GTM-5WLCZXC" height="0" width="0" style="display:none;visibility:hidden"></iframe></noscript>
    <!-- End Google Tag Manager (noscript) -->
    <div id="main"></div>
    <script src='/bundle.js' ></script>
</body>

</html>

2025-10-19 17:53:06.075 [error] [Extension Host] (node:1616) [DEP0040] DeprecationWarning: The `punycode` module is deprecated. Please use a userland alternative instead.
(Use `exe --trace-deprecation ...` to show where the warning was created)
2025-10-19 17:58:18.775 [error] Can only set when there is a listener! This is to prevent leaks.: Error: Can only set when there is a listener! This is to prevent leaks.
    at DMt.set (vscode-file://vscode-app/usr/lib/code/out/vs/workbench/workbench.desktop.main.js:455:2798)
    at vscode-file://vscode-app/usr/lib/code/out/vs/workbench/workbench.desktop.main.js:456:13219
    at Vi (vscode-file://vscode-app/usr/lib/code/out/vs/workbench/workbench.desktop.main.js:30:103828)
    at vscode-file://vscode-app/usr/lib/code/out/vs/workbench/workbench.desktop.main.js:456:12993
    at async wWe.trigger (vscode-file://vscode-app/usr/lib/code/out/vs/workbench/workbench.desktop.main.js:456:35633)
2025-10-19 17:58:56.128 [error] Can only set when there is a listener! This is to prevent leaks.: Error: Can only set when there is a listener! This is to prevent leaks.
    at DMt.set (vscode-file://vscode-app/usr/lib/code/out/vs/workbench/workbench.desktop.main.js:455:2798)
    at vscode-file://vscode-app/usr/lib/code/out/vs/workbench/workbench.desktop.main.js:456:13219
    at Vi (vscode-file://vscode-app/usr/lib/code/out/vs/workbench/workbench.desktop.main.js:30:103828)
    at vscode-file://vscode-app/usr/lib/code/out/vs/workbench/workbench.desktop.main.js:456:12993
    at async wWe.trigger (vscode-file://vscode-app/usr/lib/code/out/vs/workbench/workbench.desktop.main.js:456:35633)
2025-10-19 17:58:57.615 [error] Can only set when there is a listener! This is to prevent leaks.: Error: Can only set when there is a listener! This is to prevent leaks.
    at DMt.set (vscode-file://vscode-app/usr/lib/code/out/vs/workbench/workbench.desktop.main.js:455:2798)
    at vscode-file://vscode-app/usr/lib/code/out/vs/workbench/workbench.desktop.main.js:456:13055
    at Vi (vscode-file://vscode-app/usr/lib/code/out/vs/workbench/workbench.desktop.main.js:30:103828)
    at vscode-file://vscode-app/usr/lib/code/out/vs/workbench/workbench.desktop.main.js:456:12993
2025-10-19 18:02:29.077 [warning] [File Watcher (node.js)] Watcher shutdown because watched path got deleted
2025-10-19 18:02:30.071 [error] [Extension Host] Error: spawn git ENOENT
	at ChildProcess._handle.onexit (node:internal/child_process:285:19)
	at onErrorNT (node:internal/child_process:483:16)
	at process.processTicksAndRejections (node:internal/process/task_queues:90:21)
2025-10-19 18:02:30.071 [error] [Extension Host] Error: Unexpected SIGPIPE
	at process.<anonymous> (file:///usr/lib/code/out/bootstrap-fork.js:3:11805)
	at process.emit (node:events:519:28)
2025-10-19 18:02:31.073 [error] An unknown error occurred. Please consult the log for more details.
2025-10-19 18:02:42.388 [error] [File Watcher (node.js)] Failed to watch /home/bernio/urbansoul-API/.git/refs/remotes/origin/main for changes using fs.watch() (Error: ENOENT: no such file or directory, watch '/home/bernio/urbansoul-API/.git/refs/remotes/origin/main')
2025-10-19 18:02:43.142 [error] getting file for InlayHint: no package metadata for file file:///home/bernio/urbansoul-API/controller/customers.go: Error: getting file for InlayHint: no package metadata for file file:///home/bernio/urbansoul-API/controller/customers.go
	at handleResponse (/home/bernio/.vscode-oss/extensions/golang.go-0.50.0-universal/dist/goMain.js:8582:40)
	at handleMessage (/home/bernio/.vscode-oss/extensions/golang.go-0.50.0-universal/dist/goMain.js:8392:11)
	at processMessageQueue (/home/bernio/.vscode-oss/extensions/golang.go-0.50.0-universal/dist/goMain.js:8407:13)
	at Immediate.<anonymous> (/home/bernio/.vscode-oss/extensions/golang.go-0.50.0-universal/dist/goMain.js:8383:11)
	at process.processImmediate (node:internal/timers:485:21)
2025-10-19 18:02:43.383 [error] An unknown error occurred. Please consult the log for more details.
2025-10-19 18:02:44.836 [error] no package metadata for file file:///home/bernio/urbansoul-API/controller/customers.go: Error: no package metadata for file file:///home/bernio/urbansoul-API/controller/customers.go
	at handleResponse (/home/bernio/.vscode-oss/extensions/golang.go-0.50.0-universal/dist/goMain.js:8582:40)
	at handleMessage (/home/bernio/.vscode-oss/extensions/golang.go-0.50.0-universal/dist/goMain.js:8392:11)
	at processMessageQueue (/home/bernio/.vscode-oss/extensions/golang.go-0.50.0-universal/dist/goMain.js:8407:13)
	at Immediate.<anonymous> (/home/bernio/.vscode-oss/extensions/golang.go-0.50.0-universal/dist/goMain.js:8383:11)
	at process.processImmediate (node:internal/timers:485:21)
2025-10-19 18:02:46.385 [error] no package metadata for file file:///home/bernio/urbansoul-API/controller/customers.go: Error: no package metadata for file file:///home/bernio/urbansoul-API/controller/customers.go
	at handleResponse (/home/bernio/.vscode-oss/extensions/golang.go-0.50.0-universal/dist/goMain.js:8582:40)
	at handleMessage (/home/bernio/.vscode-oss/extensions/golang.go-0.50.0-universal/dist/goMain.js:8392:11)
	at processMessageQueue (/home/bernio/.vscode-oss/extensions/golang.go-0.50.0-universal/dist/goMain.js:8407:13)
	at Immediate.<anonymous> (/home/bernio/.vscode-oss/extensions/golang.go-0.50.0-universal/dist/goMain.js:8383:11)
	at process.processImmediate (node:internal/timers:485:21)
2025-10-19 18:02:47.706 [error] no package metadata for file file:///home/bernio/urbansoul-API/controller/customers.go: Error: no package metadata for file file:///home/bernio/urbansoul-API/controller/customers.go
	at handleResponse (/home/bernio/.vscode-oss/extensions/golang.go-0.50.0-universal/dist/goMain.js:8582:40)
	at handleMessage (/home/bernio/.vscode-oss/extensions/golang.go-0.50.0-universal/dist/goMain.js:8392:11)
	at processMessageQueue (/home/bernio/.vscode-oss/extensions/golang.go-0.50.0-universal/dist/goMain.js:8407:13)
	at Immediate.<anonymous> (/home/bernio/.vscode-oss/extensions/golang.go-0.50.0-universal/dist/goMain.js:8383:11)
	at process.processImmediate (node:internal/timers:485:21)
2025-10-19 18:03:32.940 [error] no package metadata for file file:///home/bernio/urbansoul-API/controller/customers.go: Error: no package metadata for file file:///home/bernio/urbansoul-API/controller/customers.go
	at handleResponse (/home/bernio/.vscode-oss/extensions/golang.go-0.50.0-universal/dist/goMain.js:8582:40)
	at handleMessage (/home/bernio/.vscode-oss/extensions/golang.go-0.50.0-universal/dist/goMain.js:8392:11)
	at processMessageQueue (/home/bernio/.vscode-oss/extensions/golang.go-0.50.0-universal/dist/goMain.js:8407:13)
	at Immediate.<anonymous> (/home/bernio/.vscode-oss/extensions/golang.go-0.50.0-universal/dist/goMain.js:8383:11)
	at process.processImmediate (node:internal/timers:485:21)
2025-10-19 18:03:34.709 [error] no package metadata for file file:///home/bernio/urbansoul-API/controller/customers.go: Error: no package metadata for file file:///home/bernio/urbansoul-API/controller/customers.go
	at handleResponse (/home/bernio/.vscode-oss/extensions/golang.go-0.50.0-universal/dist/goMain.js:8582:40)
	at handleMessage (/home/bernio/.vscode-oss/extensions/golang.go-0.50.0-universal/dist/goMain.js:8392:11)
	at processMessageQueue (/home/bernio/.vscode-oss/extensions/golang.go-0.50.0-universal/dist/goMain.js:8407:13)
	at Immediate.<anonymous> (/home/bernio/.vscode-oss/extensions/golang.go-0.50.0-universal/dist/goMain.js:8383:11)
	at process.processImmediate (node:internal/timers:485:21)
2025-10-19 18:03:42.193 [error] getting file for InlayHint: no package metadata for file file:///home/bernio/urbansoul-API/controller/customers.go: Error: getting file for InlayHint: no package metadata for file file:///home/bernio/urbansoul-API/controller/customers.go
	at handleResponse (/home/bernio/.vscode-oss/extensions/golang.go-0.50.0-universal/dist/goMain.js:8582:40)
	at handleMessage (/home/bernio/.vscode-oss/extensions/golang.go-0.50.0-universal/dist/goMain.js:8392:11)
	at processMessageQueue (/home/bernio/.vscode-oss/extensions/golang.go-0.50.0-universal/dist/goMain.js:8407:13)
	at Immediate.<anonymous> (/home/bernio/.vscode-oss/extensions/golang.go-0.50.0-universal/dist/goMain.js:8383:11)
	at process.processImmediate (node:internal/timers:485:21)
2025-10-19 18:18:36.399 [warning] [backup tracker] suspended, ignoring register event vscode-userdata:/home/bernio/.config/Code%20-%20OSS/User/settings.json 
2025-10-19 18:18:36.447 [warning] [backup tracker] suspended, ignoring register event vscode-userdata:/home/bernio/.config/Code%20-%20OSS/User/settings.json 
