2025-09-25 20:01:50.704 [info] [main] Log level: Info
2025-09-25 20:01:50.704 [info] [main] Validating found git in: "git"
2025-09-25 20:01:50.704 [info] [main] Using git "2.51.0" from "git"
2025-09-25 20:01:50.704 [info] [Model][doInitialScan] Initial repository scan started
2025-09-25 20:01:50.704 [info] [Model][doInitialScan] Initial repository scan completed - repositories (0), closed repositories (0), parent repositories (0), unsafe repositories (0)
2025-09-25 20:14:00.121 [info] [main] Log level: Info
2025-09-25 20:14:00.121 [info] [main] Validating found git in: "git"
2025-09-25 20:14:00.121 [info] [main] Using git "2.51.0" from "git"
2025-09-25 20:14:00.121 [info] [Model][doInitialScan] Initial repository scan started
2025-09-25 20:14:00.121 [info] > git rev-parse --show-toplevel [6ms]
2025-09-25 20:14:00.124 [info] > git rev-parse --show-toplevel [0ms]
2025-09-25 20:14:00.128 [info] > git rev-parse --show-toplevel [0ms]
2025-09-25 20:14:00.129 [info] [Model][doInitialScan] Initial repository scan completed - repositories (0), closed repositories (0), parent repositories (1), unsafe repositories (0)
2025-09-25 20:14:07.265 [info] > git rev-parse --show-toplevel [2ms]
2025-09-25 20:14:50.543 [info] > git rev-parse --show-toplevel [3ms]
2025-09-25 20:15:11.976 [info] > git rev-parse --show-toplevel [1ms]
2025-09-25 20:15:58.681 [info] > git rev-parse --show-toplevel [1ms]
2025-09-25 20:16:01.597 [info] > git rev-parse --show-toplevel [5ms]
2025-09-25 20:16:03.062 [info] > git rev-parse --show-toplevel [2ms]
2025-09-25 20:16:12.747 [info] > git rev-parse --show-toplevel [3ms]
2025-09-25 20:16:49.121 [info] > git rev-parse --show-toplevel [2ms]
2025-09-25 20:18:35.053 [info] > git rev-parse --show-toplevel [3ms]
2025-09-25 20:18:36.819 [info] > git rev-parse --show-toplevel [3ms]
2025-09-25 20:18:38.669 [info] > git rev-parse --show-toplevel [9ms]
2025-09-25 20:18:40.111 [info] > git rev-parse --show-toplevel [3ms]
2025-09-25 20:18:42.312 [info] > git rev-parse --show-toplevel [3ms]
2025-09-25 20:18:44.452 [info] > git rev-parse --show-toplevel [3ms]
2025-09-25 20:18:45.925 [info] > git rev-parse --show-toplevel [3ms]
2025-09-25 20:18:47.386 [info] > git rev-parse --show-toplevel [5ms]
2025-09-25 20:18:49.052 [info] > git rev-parse --show-toplevel [2ms]
2025-09-25 20:18:50.179 [info] > git rev-parse --show-toplevel [1ms]
2025-09-25 20:18:54.873 [info] > git rev-parse --show-toplevel [5ms]
2025-09-25 20:18:57.028 [info] > git rev-parse --show-toplevel [3ms]
2025-09-25 20:18:58.937 [info] > git rev-parse --show-toplevel [4ms]
2025-09-25 20:19:01.097 [info] > git rev-parse --show-toplevel [3ms]
2025-09-25 20:19:03.725 [info] > git rev-parse --show-toplevel [1ms]
2025-09-25 20:19:09.810 [info] > git rev-parse --show-toplevel [1ms]
2025-09-25 20:19:15.974 [info] > git rev-parse --show-toplevel [3ms]
2025-09-25 20:19:17.115 [info] > git rev-parse --show-toplevel [2ms]
2025-09-25 20:19:22.082 [info] > git rev-parse --show-toplevel [3ms]
2025-09-25 20:19:27.573 [info] > git rev-parse --show-toplevel [2ms]
2025-09-25 20:19:30.688 [info] > git rev-parse --show-toplevel [2ms]
2025-09-25 20:19:32.564 [info] > git rev-parse --show-toplevel [2ms]
2025-09-25 20:19:38.887 [info] > git rev-parse --show-toplevel [2ms]
2025-09-25 20:19:44.251 [info] > git rev-parse --show-toplevel [5ms]
2025-09-25 20:19:48.689 [info] > git rev-parse --show-toplevel [1ms]
2025-09-25 20:19:58.364 [info] > git rev-parse --show-toplevel [9ms]
2025-09-25 20:19:59.740 [info] > git rev-parse --show-toplevel [4ms]
2025-09-25 20:20:01.775 [info] > git rev-parse --show-toplevel [1ms]
2025-09-25 20:20:03.118 [info] > git rev-parse --show-toplevel [1ms]
2025-09-25 20:20:15.856 [info] > git rev-parse --show-toplevel [4ms]
2025-09-25 20:20:17.510 [info] > git rev-parse --show-toplevel [3ms]
2025-09-25 20:20:26.192 [info] > git rev-parse --show-toplevel [7ms]
2025-09-25 20:20:29.858 [info] > git rev-parse --show-toplevel [2ms]
2025-09-25 20:20:31.901 [info] > git rev-parse --show-toplevel [3ms]
2025-09-25 20:20:33.286 [info] > git rev-parse --show-toplevel [1ms]
2025-09-25 20:20:35.327 [info] > git rev-parse --show-toplevel [2ms]
2025-09-25 20:20:38.118 [info] > git rev-parse --show-toplevel [4ms]
2025-09-25 20:20:39.289 [info] > git rev-parse --show-toplevel [2ms]
2025-09-25 20:20:52.187 [info] > git rev-parse --show-toplevel [2ms]
2025-09-25 20:20:58.303 [info] > git rev-parse --show-toplevel [2ms]
2025-09-25 20:21:06.308 [info] > git rev-parse --show-toplevel [8ms]
2025-09-25 20:21:07.712 [info] > git rev-parse --show-toplevel [3ms]
2025-09-25 20:21:09.105 [info] > git rev-parse --show-toplevel [2ms]
2025-09-25 20:21:18.260 [info] > git rev-parse --show-toplevel [1ms]
2025-09-25 20:21:28.636 [info] > git rev-parse --show-toplevel [3ms]
2025-09-25 20:21:30.264 [info] > git rev-parse --show-toplevel [2ms]
2025-09-25 20:22:14.123 [info] > git rev-parse --show-toplevel [10ms]
2025-09-25 20:22:18.272 [info] > git rev-parse --show-toplevel [3ms]
2025-09-25 20:22:20.774 [info] > git rev-parse --show-toplevel [5ms]
2025-09-25 20:30:43.267 [info] > git rev-parse --show-toplevel [4ms]
2025-09-25 20:30:44.871 [info] > git rev-parse --show-toplevel [4ms]
2025-09-25 20:31:05.419 [info] > git rev-parse --show-toplevel [2ms]
2025-09-25 20:31:22.481 [info] > git rev-parse --show-toplevel [2ms]
2025-09-25 20:32:32.068 [info] > git rev-parse --show-toplevel [3ms]
2025-09-25 20:33:39.037 [info] > git rev-parse --show-toplevel [3ms]
2025-09-25 20:33:47.453 [info] > git rev-parse --show-toplevel [3ms]
2025-09-25 20:35:08.618 [info] > git rev-parse --show-toplevel [2ms]
2025-09-25 20:38:51.481 [info] > git rev-parse --show-toplevel [3ms]
2025-09-25 20:38:57.605 [info] > git rev-parse --show-toplevel [6ms]
2025-09-25 20:38:58.291 [info] > git rev-parse --show-toplevel [3ms]
2025-09-25 20:39:17.012 [info] > git rev-parse --show-toplevel [2ms]
2025-09-25 20:39:24.244 [info] > git rev-parse --show-toplevel [3ms]
2025-09-25 20:42:58.449 [info] > git rev-parse --show-toplevel [5ms]
2025-09-25 20:43:08.150 [info] > git rev-parse --show-toplevel [4ms]
2025-09-25 20:43:09.812 [info] > git rev-parse --show-toplevel [3ms]
2025-09-25 20:58:06.770 [info] > git rev-parse --show-toplevel [3ms]
2025-09-25 21:01:27.602 [info] > git rev-parse --show-toplevel [3ms]
2025-09-25 21:01:32.827 [info] > git rev-parse --show-toplevel [3ms]
2025-09-25 21:01:38.287 [info] > git rev-parse --show-toplevel [3ms]
2025-09-25 21:01:40.700 [info] > git rev-parse --show-toplevel [3ms]
2025-09-25 21:01:49.967 [info] > git rev-parse --show-toplevel [2ms]
2025-09-25 21:01:54.649 [info] > git rev-parse --show-toplevel [2ms]
2025-09-25 21:02:15.098 [info] > git rev-parse --show-toplevel [3ms]
2025-09-25 21:02:25.025 [info] > git rev-parse --show-toplevel [3ms]
2025-09-25 21:05:11.547 [info] > git rev-parse --show-toplevel [3ms]
2025-09-25 21:06:26.314 [info] > git rev-parse --show-toplevel [3ms]
2025-09-25 21:35:41.457 [info] > git rev-parse --show-toplevel [3ms]
2025-09-25 21:36:00.149 [info] > git rev-parse --show-toplevel [3ms]
2025-09-25 21:36:02.282 [info] > git rev-parse --show-toplevel [2ms]
2025-09-25 21:38:28.791 [info] > git rev-parse --show-toplevel [2ms]
2025-09-25 21:39:09.650 [info] > git rev-parse --show-toplevel [3ms]
2025-09-25 21:39:10.976 [info] > git rev-parse --show-toplevel [3ms]
2025-09-25 21:39:28.736 [info] > git rev-parse --show-toplevel [2ms]
2025-09-25 21:39:29.438 [info] > git rev-parse --show-toplevel [2ms]
2025-09-25 21:39:47.684 [info] > git rev-parse --show-toplevel [3ms]
2025-09-25 21:43:21.440 [info] > git rev-parse --show-toplevel [3ms]
2025-09-25 21:59:44.198 [info] > git rev-parse --show-toplevel [2ms]
