2025-10-23 19:29:48.837 [info] [main] Log level: Info
2025-10-23 19:29:48.837 [info] [main] Validating found git in: "git"
2025-10-23 19:29:48.837 [info] [main] Using git "2.51.1.dirty" from "git"
2025-10-23 19:29:48.837 [info] [Model][doInitialScan] Initial repository scan started
2025-10-23 19:29:48.837 [info] > git rev-parse --show-toplevel [9ms]
2025-10-23 19:29:48.837 [info] > git rev-parse --git-dir --git-common-dir --show-superproject-working-tree [3ms]
2025-10-23 19:29:48.837 [info] [Model][openRepository] Opened repository (path): /home/bernio/urbansoul-API
2025-10-23 19:29:48.837 [info] [Model][openRepository] Opened repository (real path): /home/bernio/urbansoul-API
2025-10-23 19:29:48.837 [info] [Model][openRepository] Opened repository (kind): repository
2025-10-23 19:29:48.837 [info] > git rev-parse --show-toplevel [2ms]
2025-10-23 19:29:48.837 [info] > git config --get commit.template [5ms]
2025-10-23 19:29:48.837 [info] > git rev-parse --show-toplevel [14ms]
2025-10-23 19:29:48.837 [info] > git for-each-ref --format=%(refname)%00%(upstream:short)%00%(objectname)%00%(upstream:track)%00%(upstream:remotename)%00%(upstream:remoteref) refs/heads/main refs/remotes/main [11ms]
2025-10-23 19:29:48.837 [info] > git rev-parse --show-toplevel [1ms]
2025-10-23 19:29:48.838 [info] [Model][doInitialScan] Initial repository scan completed - repositories (1), closed repositories (0), parent repositories (0), unsafe repositories (0)
2025-10-23 19:29:48.845 [info] > git status -z -uall [4ms]
2025-10-23 19:29:48.846 [info] > git for-each-ref --sort -committerdate --format %(refname)%00%(objectname)%00%(*objectname) [2ms]
2025-10-23 19:29:48.863 [info] > git for-each-ref --format=%(refname)%00%(upstream:short)%00%(objectname)%00%(upstream:track)%00%(upstream:remotename)%00%(upstream:remoteref) refs/heads/main refs/remotes/main [4ms]
2025-10-23 19:29:48.868 [info] > git config --get --local branch.main.vscode-merge-base [2ms]
2025-10-23 19:29:48.871 [info] > git config --get commit.template [8ms]
2025-10-23 19:29:48.874 [info] > git for-each-ref --format=%(refname)%00%(upstream:short)%00%(objectname)%00%(upstream:track)%00%(upstream:remotename)%00%(upstream:remoteref) refs/heads/origin/main refs/remotes/origin/main [3ms]
2025-10-23 19:29:48.878 [info] > git for-each-ref --format=%(refname)%00%(upstream:short)%00%(objectname)%00%(upstream:track)%00%(upstream:remotename)%00%(upstream:remoteref) refs/heads/main refs/remotes/main [4ms]
2025-10-23 19:29:48.878 [info] > git merge-base refs/heads/main refs/remotes/origin/main [1ms]
2025-10-23 19:29:48.886 [info] > git status -z -uall [3ms]
2025-10-23 19:29:48.887 [info] > git diff --name-status -z --diff-filter=ADMR 640541f8a493068d08540ee23e36170c28f44646...refs/remotes/origin/main [6ms]
2025-10-23 19:29:48.887 [info] > git for-each-ref --sort -committerdate --format %(refname)%00%(objectname)%00%(*objectname) [1ms]
