2025-09-25 20:02:45.490 [info] Getting Manifest... kochan.vs-nord-theme
2025-09-25 20:02:48.765 [info] Installing extension: kochan.vs-nord-theme {"isMachineScoped":false,"installPreReleaseVersion":false,"pinned":false,"profileLocation":{"$mid":1,"external":"vscode-userdata:/home/bernio/.vscode-oss/extensions/extensions.json","path":"/home/bernio/.vscode-oss/extensions/extensions.json","scheme":"vscode-userdata"},"isApplicationScoped":false,"productVersion":{"version":"1.104.1","date":"2025-09-18T16:13:21.262Z"}}
2025-09-25 20:03:03.229 [info] Extension signature verification result for kochan.vs-nord-theme: Success. Executed: true. Duration: 1846ms.
2025-09-25 20:03:03.253 [info] Extracted extension to file:///home/bernio/.vscode-oss/extensions/kochan.vs-nord-theme-1.0.2-universal: kochan.vs-nord-theme
2025-09-25 20:03:03.295 [info] Renamed to /home/bernio/.vscode-oss/extensions/kochan.vs-nord-theme-1.0.2-universal
2025-09-25 20:03:03.304 [info] Extension installed successfully: kochan.vs-nord-theme vscode-userdata:/home/bernio/.vscode-oss/extensions/extensions.json
2025-09-25 20:07:16.405 [info] Getting Manifest... esbenp.prettier-vscode
2025-09-25 20:07:17.931 [info] Installing extension: esbenp.prettier-vscode {"isMachineScoped":false,"installPreReleaseVersion":false,"pinned":false,"profileLocation":{"$mid":1,"external":"vscode-userdata:/home/bernio/.vscode-oss/extensions/extensions.json","path":"/home/bernio/.vscode-oss/extensions/extensions.json","scheme":"vscode-userdata"},"isApplicationScoped":false,"productVersion":{"version":"1.104.1","date":"2025-09-18T16:13:21.262Z"}}
2025-09-25 20:08:14.526 [info] Extension signature verification result for esbenp.prettier-vscode: Success. Executed: true. Duration: 1392ms.
2025-09-25 20:08:14.618 [info] Extracted extension to file:///home/bernio/.vscode-oss/extensions/esbenp.prettier-vscode-11.0.0-universal: esbenp.prettier-vscode
2025-09-25 20:08:14.631 [info] Renamed to /home/bernio/.vscode-oss/extensions/esbenp.prettier-vscode-11.0.0-universal
2025-09-25 20:08:14.643 [info] Extension installed successfully: esbenp.prettier-vscode vscode-userdata:/home/bernio/.vscode-oss/extensions/extensions.json
2025-09-25 20:09:44.952 [info] Getting Manifest... bradlc.vscode-tailwindcss
2025-09-25 20:09:48.528 [info] Installing extension: bradlc.vscode-tailwindcss {"isMachineScoped":false,"installPreReleaseVersion":false,"pinned":false,"profileLocation":{"$mid":1,"external":"vscode-userdata:/home/bernio/.vscode-oss/extensions/extensions.json","path":"/home/bernio/.vscode-oss/extensions/extensions.json","scheme":"vscode-userdata"},"isApplicationScoped":false,"productVersion":{"version":"1.104.1","date":"2025-09-18T16:13:21.262Z"}}
2025-09-25 20:10:45.548 [info] Getting Manifest... vscode-icons-team.vscode-icons
2025-09-25 20:10:49.150 [info] Installing extension: vscode-icons-team.vscode-icons {"isMachineScoped":false,"installPreReleaseVersion":false,"pinned":false,"profileLocation":{"$mid":1,"external":"vscode-userdata:/home/bernio/.vscode-oss/extensions/extensions.json","path":"/home/bernio/.vscode-oss/extensions/extensions.json","scheme":"vscode-userdata"},"isApplicationScoped":false,"productVersion":{"version":"1.104.1","date":"2025-09-18T16:13:21.262Z"}}
2025-09-25 20:11:04.173 [info] Extension signature verification result for bradlc.vscode-tailwindcss: Success. Executed: true. Duration: 677ms.
2025-09-25 20:11:04.244 [info] Extracted extension to file:///home/bernio/.vscode-oss/extensions/bradlc.vscode-tailwindcss-0.14.26-universal: bradlc.vscode-tailwindcss
2025-09-25 20:11:04.285 [info] Renamed to /home/bernio/.vscode-oss/extensions/bradlc.vscode-tailwindcss-0.14.26-universal
2025-09-25 20:11:04.299 [info] Extension installed successfully: bradlc.vscode-tailwindcss vscode-userdata:/home/bernio/.vscode-oss/extensions/extensions.json
2025-09-25 20:12:05.857 [info] Extension signature verification result for vscode-icons-team.vscode-icons: Success. Executed: true. Duration: 2113ms.
2025-09-25 20:12:06.419 [info] Extracted extension to file:///home/bernio/.vscode-oss/extensions/vscode-icons-team.vscode-icons-12.14.0-universal: vscode-icons-team.vscode-icons
2025-09-25 20:12:06.455 [info] Renamed to /home/bernio/.vscode-oss/extensions/vscode-icons-team.vscode-icons-12.14.0-universal
2025-09-25 20:12:06.467 [info] Extension installed successfully: vscode-icons-team.vscode-icons vscode-userdata:/home/bernio/.vscode-oss/extensions/extensions.json
2025-09-25 20:15:45.558 [info] Getting Manifest... catppuccin.catppuccin-vsc
2025-09-25 20:15:51.747 [info] Installing extension: catppuccin.catppuccin-vsc {"isMachineScoped":false,"installPreReleaseVersion":false,"pinned":false,"profileLocation":{"$mid":1,"external":"vscode-userdata:/home/bernio/.vscode-oss/extensions/extensions.json","path":"/home/bernio/.vscode-oss/extensions/extensions.json","scheme":"vscode-userdata"},"isApplicationScoped":false,"productVersion":{"version":"1.104.1","date":"2025-09-18T16:13:21.262Z"}}
2025-09-25 20:16:12.643 [info] Extension signature verification result for catppuccin.catppuccin-vsc: Success. Executed: true. Duration: 1638ms.
2025-09-25 20:16:12.655 [info] Extracted extension to file:///home/bernio/.vscode-oss/extensions/catppuccin.catppuccin-vsc-3.17.0-universal: catppuccin.catppuccin-vsc
2025-09-25 20:16:12.701 [info] Renamed to /home/bernio/.vscode-oss/extensions/catppuccin.catppuccin-vsc-3.17.0-universal
2025-09-25 20:16:12.720 [info] Extension installed successfully: catppuccin.catppuccin-vsc vscode-userdata:/home/bernio/.vscode-oss/extensions/extensions.json
