2025-10-18 17:38:15.371 [info] Reading sessions from keychain...
2025-10-18 17:38:15.371 [info] Getting sessions for all scopes...
2025-10-18 17:38:15.393 [info] Got 0 sessions for ...
2025-10-18 17:38:15.393 [info] Getting sessions for all scopes...
2025-10-18 17:38:15.393 [info] Got 0 sessions for ...
2025-10-18 17:38:15.393 [info] Getting sessions for all scopes...
2025-10-18 17:38:15.393 [info] Got 0 sessions for ...
2025-10-18 17:38:15.394 [info] Getting sessions for read:user,repo,user:email,workflow...
2025-10-18 17:38:15.394 [info] Got 0 sessions for read:user,repo,user:email,workflow...
2025-10-18 17:38:15.603 [info] Getting sessions for all scopes...
2025-10-18 17:38:15.603 [info] Got 0 sessions for ...
2025-10-18 17:38:15.603 [info] Getting sessions for all scopes...
2025-10-18 17:38:15.603 [info] Got 0 sessions for ...
2025-10-18 17:38:15.604 [info] Getting sessions for all scopes...
2025-10-18 17:38:15.604 [info] Got 0 sessions for ...
2025-10-18 17:38:26.506 [info] Reading sessions from keychain...
2025-10-18 17:38:26.506 [info] Getting sessions for all scopes...
2025-10-18 17:38:26.506 [info] Got 0 sessions for ...
2025-10-18 17:38:26.506 [info] Getting sessions for all scopes...
2025-10-18 17:38:26.506 [info] Got 0 sessions for ...
2025-10-18 17:38:26.506 [info] Getting sessions for all scopes...
2025-10-18 17:38:26.506 [info] Got 0 sessions for ...
2025-10-18 17:38:26.506 [info] Getting sessions for read:user,repo,user:email,workflow...
2025-10-18 17:38:26.506 [info] Got 0 sessions for read:user,repo,user:email,workflow...
2025-10-18 17:38:27.704 [info] Getting sessions for all scopes...
2025-10-18 17:38:27.704 [info] Got 0 sessions for ...
2025-10-18 17:38:27.704 [info] Getting sessions for all scopes...
2025-10-18 17:38:27.704 [info] Got 0 sessions for ...
2025-10-18 17:38:27.710 [info] Getting sessions for all scopes...
2025-10-18 17:38:27.710 [info] Got 0 sessions for ...
